

Microchip MPLAB XC8 Assembler V2.31 build 20201012212115 
                                                                                               Wed Mar 31 19:52:20 2021

Microchip MPLAB XC8 C Compiler v2.31 (Free license) build 20201012212115 Og1 
     1                           	processor	18F27Q43
     2                           	fnconf	rparam,??,?,0
     3                           	pagewidth 120
     4                           	opt	flic
     5                           	psect	idataBANK6,global,class=CODE,delta=1,noexec
     6                           	psect	cinit,global,reloc=2,class=CODE,delta=1
     7                           	psect	bssCOMRAM,global,class=COMRAM,space=1,delta=1,lowdata,noexec
     8                           	psect	dataBANK6,global,class=BANK6,space=1,delta=1,lowdata,noexec
     9                           	psect	cstackCOMRAM,global,class=COMRAM,space=1,delta=1,lowdata,noexec
    10                           	psect	text0,global,reloc=2,class=CODE,delta=1
    11                           	psect	text1,global,reloc=2,class=CODE,delta=1
    12                           	psect	text2,global,reloc=2,class=CODE,delta=1
    13                           	psect	text3,global,reloc=2,class=CODE,delta=1
    14                           	psect	text4,global,reloc=2,class=CODE,delta=1
    15                           	psect	text5,global,reloc=2,class=CODE,delta=1
    16                           	psect	text6,global,reloc=2,class=CODE,delta=1
    17                           	psect	text7,global,reloc=2,class=CODE,delta=1
    18                           	psect	intsave_regs,global,class=BIGRAM,space=1,delta=1,noexec
    19                           	psect	rparam,global,class=COMRAM,space=1,delta=1,noexec
    20                           	psect	idloc,global,abs,ovrld,class=IDLOC,space=5,delta=1,noexec
    21                           	psect	config,global,abs,ovrld,class=CONFIG,space=4,delta=1,noexec
    22  0000                     
    23                           ; Version 2.30
    24                           ; Generated 20/08/2020 GMT
    25                           ; 
    26                           ; Copyright © 2020, Microchip Technology Inc. and its subsidiaries ("Microchip")
    27                           ; All rights reserved.
    28                           ; 
    29                           ; This software is developed by Microchip Technology Inc. and its subsidiaries ("Microch
      +                          ip").
    30                           ; 
    31                           ; Redistribution and use in source and binary forms, with or without modification, are
    32                           ; permitted provided that the following conditions are met:
    33                           ; 
    34                           ;     1. Redistributions of source code must retain the above copyright notice, this lis
      +                          t of
    35                           ;        conditions and the following disclaimer.
    36                           ; 
    37                           ;     2. Redistributions in binary form must reproduce the above copyright notice, this 
      +                          list
    38                           ;        of conditions and the following disclaimer in the documentation and/or other
    39                           ;        materials provided with the distribution. Publication is not required when
    40                           ;        this file is used in an embedded application.
    41                           ; 
    42                           ;     3. Microchip's name may not be used to endorse or promote products derived from th
      +                          is
    43                           ;        software without specific prior written permission.
    44                           ; 
    45                           ; THIS SOFTWARE IS PROVIDED BY MICROCHIP "AS IS" AND ANY EXPRESS OR IMPLIED WARRANTIES,
    46                           ; INCLUDING, BUT NOT LIMITED TO, THE IMPLIED WARRANTIES OF MERCHANTABILITY AND FITNESS F
      +                          OR
    47                           ; PURPOSE ARE DISCLAIMED.  IN NO EVENT SHALL MICROCHIP BE LIABLE FOR ANY DIRECT, INDIREC
      +                          T,
    48                           ; INCIDENTAL, SPECIAL, EXEMPLARY, OR CONSEQUENTIAL DAMAGES (INCLUDING BUT NOT LIMITED TO
    49                           ; PROCUREMENT OF SUBSTITUTE GOODS OR SERVICES; LOSS OF USE, DATA OR PROFITS; OR BUSINESS
    50                           ; INTERRUPTION) HOWSOEVER CAUSED AND ON ANY THEORY OF LIABILITY, WHETHER IN CONTRACT, ST
      +                          RICT
    51                           ; LIABILITY, OR TORT (INCLUDING NEGLIGENCE OR OTHERWISE) ARISING IN ANY WAY OUT OF THE U
      +                          SE OF
    52                           ; THIS SOFTWARE, EVEN IF ADVISED OF THE POSSIBILITY OF SUCH DAMAGE.
    53                           ; 
    54                           ; 
    55                           ; Code-generator required, PIC18F27Q43 Definitions
    56                           ; 
    57                           ; SFR Addresses
    58  0000                     
    59                           	psect	idataBANK6
    60  01FEFC                     __pidataBANK6:
    61                           	callstack 0
    62                           
    63                           ;initializer for _UserApp_au8SineTable
    64  01FEFC  80                 	db	128
    65  01FEFD  83                 	db	131
    66  01FEFE  86                 	db	134
    67  01FEFF  89                 	db	137
    68  01FF00  8C                 	db	140
    69  01FF01  8F                 	db	143
    70  01FF02  92                 	db	146
    71  01FF03  95                 	db	149
    72  01FF04  98                 	db	152
    73  01FF05  9B                 	db	155
    74  01FF06  9E                 	db	158
    75  01FF07  A2                 	db	162
    76  01FF08  A5                 	db	165
    77  01FF09  A7                 	db	167
    78  01FF0A  AA                 	db	170
    79  01FF0B  AD                 	db	173
    80  01FF0C  B0                 	db	176
    81  01FF0D  B3                 	db	179
    82  01FF0E  B6                 	db	182
    83  01FF0F  B9                 	db	185
    84  01FF10  BC                 	db	188
    85  01FF11  BE                 	db	190
    86  01FF12  C1                 	db	193
    87  01FF13  C4                 	db	196
    88  01FF14  C6                 	db	198
    89  01FF15  C9                 	db	201
    90  01FF16  CB                 	db	203
    91  01FF17  CE                 	db	206
    92  01FF18  D0                 	db	208
    93  01FF19  D3                 	db	211
    94  01FF1A  D5                 	db	213
    95  01FF1B  D7                 	db	215
    96  01FF1C  DA                 	db	218
    97  01FF1D  DC                 	db	220
    98  01FF1E  DE                 	db	222
    99  01FF1F  E0                 	db	224
   100  01FF20  E2                 	db	226
   101  01FF21  E4                 	db	228
   102  01FF22  E6                 	db	230
   103  01FF23  E8                 	db	232
   104  01FF24  EA                 	db	234
   105  01FF25  EB                 	db	235
   106  01FF26  ED                 	db	237
   107  01FF27  EE                 	db	238
   108  01FF28  F0                 	db	240
   109  01FF29  F1                 	db	241
   110  01FF2A  F3                 	db	243
   111  01FF2B  F4                 	db	244
   112  01FF2C  F5                 	db	245
   113  01FF2D  F6                 	db	246
   114  01FF2E  F8                 	db	248
   115  01FF2F  F9                 	db	249
   116  01FF30  FA                 	db	250
   117  01FF31  FA                 	db	250
   118  01FF32  FB                 	db	251
   119  01FF33  FC                 	db	252
   120  01FF34  FD                 	db	253
   121  01FF35  FD                 	db	253
   122  01FF36  FE                 	db	254
   123  01FF37  FE                 	db	254
   124  01FF38  FE                 	db	254
   125  01FF39  FF                 	db	255
   126  01FF3A  FF                 	db	255
   127  01FF3B  FF                 	db	255
   128  01FF3C  FF                 	db	255
   129  01FF3D  FF                 	db	255
   130  01FF3E  FF                 	db	255
   131  01FF3F  FF                 	db	255
   132  01FF40  FE                 	db	254
   133  01FF41  FE                 	db	254
   134  01FF42  FE                 	db	254
   135  01FF43  FD                 	db	253
   136  01FF44  FD                 	db	253
   137  01FF45  FC                 	db	252
   138  01FF46  FB                 	db	251
   139  01FF47  FA                 	db	250
   140  01FF48  FA                 	db	250
   141  01FF49  F9                 	db	249
   142  01FF4A  F8                 	db	248
   143  01FF4B  F6                 	db	246
   144  01FF4C  F5                 	db	245
   145  01FF4D  F4                 	db	244
   146  01FF4E  F3                 	db	243
   147  01FF4F  F1                 	db	241
   148  01FF50  F0                 	db	240
   149  01FF51  EE                 	db	238
   150  01FF52  ED                 	db	237
   151  01FF53  EB                 	db	235
   152  01FF54  EA                 	db	234
   153  01FF55  E8                 	db	232
   154  01FF56  E6                 	db	230
   155  01FF57  E4                 	db	228
   156  01FF58  E2                 	db	226
   157  01FF59  E0                 	db	224
   158  01FF5A  DE                 	db	222
   159  01FF5B  DC                 	db	220
   160  01FF5C  DA                 	db	218
   161  01FF5D  D7                 	db	215
   162  01FF5E  D5                 	db	213
   163  01FF5F  D3                 	db	211
   164  01FF60  D0                 	db	208
   165  01FF61  CE                 	db	206
   166  01FF62  CB                 	db	203
   167  01FF63  C9                 	db	201
   168  01FF64  C6                 	db	198
   169  01FF65  C4                 	db	196
   170  01FF66  C1                 	db	193
   171  01FF67  BE                 	db	190
   172  01FF68  BC                 	db	188
   173  01FF69  B9                 	db	185
   174  01FF6A  B6                 	db	182
   175  01FF6B  B3                 	db	179
   176  01FF6C  B0                 	db	176
   177  01FF6D  AD                 	db	173
   178  01FF6E  AA                 	db	170
   179  01FF6F  A7                 	db	167
   180  01FF70  A5                 	db	165
   181  01FF71  A2                 	db	162
   182  01FF72  9E                 	db	158
   183  01FF73  9B                 	db	155
   184  01FF74  98                 	db	152
   185  01FF75  95                 	db	149
   186  01FF76  92                 	db	146
   187  01FF77  8F                 	db	143
   188  01FF78  8C                 	db	140
   189  01FF79  89                 	db	137
   190  01FF7A  86                 	db	134
   191  01FF7B  83                 	db	131
   192  01FF7C  80                 	db	128
   193  01FF7D  7C                 	db	124
   194  01FF7E  79                 	db	121
   195  01FF7F  76                 	db	118
   196  01FF80  73                 	db	115
   197  01FF81  70                 	db	112
   198  01FF82  6D                 	db	109
   199  01FF83  6A                 	db	106
   200  01FF84  67                 	db	103
   201  01FF85  64                 	db	100
   202  01FF86  61                 	db	97
   203  01FF87  5D                 	db	93
   204  01FF88  5A                 	db	90
   205  01FF89  58                 	db	88
   206  01FF8A  55                 	db	85
   207  01FF8B  52                 	db	82
   208  01FF8C  4F                 	db	79
   209  01FF8D  4C                 	db	76
   210  01FF8E  49                 	db	73
   211  01FF8F  46                 	db	70
   212  01FF90  43                 	db	67
   213  01FF91  41                 	db	65
   214  01FF92  3E                 	db	62
   215  01FF93  3B                 	db	59
   216  01FF94  39                 	db	57
   217  01FF95  36                 	db	54
   218  01FF96  34                 	db	52
   219  01FF97  31                 	db	49
   220  01FF98  2F                 	db	47
   221  01FF99  2C                 	db	44
   222  01FF9A  2A                 	db	42
   223  01FF9B  28                 	db	40
   224  01FF9C  25                 	db	37
   225  01FF9D  23                 	db	35
   226  01FF9E  21                 	db	33
   227  01FF9F  1F                 	db	31
   228  01FFA0  1D                 	db	29
   229  01FFA1  1B                 	db	27
   230  01FFA2  19                 	db	25
   231  01FFA3  17                 	db	23
   232  01FFA4  15                 	db	21
   233  01FFA5  14                 	db	20
   234  01FFA6  12                 	db	18
   235  01FFA7  11                 	db	17
   236  01FFA8  0F                 	db	15
   237  01FFA9  0E                 	db	14
   238  01FFAA  0C                 	db	12
   239  01FFAB  0B                 	db	11
   240  01FFAC  0A                 	db	10
   241  01FFAD  09                 	db	9
   242  01FFAE  07                 	db	7
   243  01FFAF  06                 	db	6
   244  01FFB0  05                 	db	5
   245  01FFB1  05                 	db	5
   246  01FFB2  04                 	db	4
   247  01FFB3  03                 	db	3
   248  01FFB4  02                 	db	2
   249  01FFB5  02                 	db	2
   250  01FFB6  01                 	db	1
   251  01FFB7  01                 	db	1
   252  01FFB8  01                 	db	1
   253  01FFB9  00                 	db	0
   254  01FFBA  00                 	db	0
   255  01FFBB  00                 	db	0
   256  01FFBC  00                 	db	0
   257  01FFBD  00                 	db	0
   258  01FFBE  00                 	db	0
   259  01FFBF  00                 	db	0
   260  01FFC0  01                 	db	1
   261  01FFC1  01                 	db	1
   262  01FFC2  01                 	db	1
   263  01FFC3  02                 	db	2
   264  01FFC4  02                 	db	2
   265  01FFC5  03                 	db	3
   266  01FFC6  04                 	db	4
   267  01FFC7  05                 	db	5
   268  01FFC8  05                 	db	5
   269  01FFC9  06                 	db	6
   270  01FFCA  07                 	db	7
   271  01FFCB  09                 	db	9
   272  01FFCC  0A                 	db	10
   273  01FFCD  0B                 	db	11
   274  01FFCE  0C                 	db	12
   275  01FFCF  0E                 	db	14
   276  01FFD0  0F                 	db	15
   277  01FFD1  11                 	db	17
   278  01FFD2  12                 	db	18
   279  01FFD3  14                 	db	20
   280  01FFD4  15                 	db	21
   281  01FFD5  17                 	db	23
   282  01FFD6  19                 	db	25
   283  01FFD7  1B                 	db	27
   284  01FFD8  1D                 	db	29
   285  01FFD9  1F                 	db	31
   286  01FFDA  21                 	db	33
   287  01FFDB  23                 	db	35
   288  01FFDC  25                 	db	37
   289  01FFDD  28                 	db	40
   290  01FFDE  2A                 	db	42
   291  01FFDF  2C                 	db	44
   292  01FFE0  2F                 	db	47
   293  01FFE1  31                 	db	49
   294  01FFE2  34                 	db	52
   295  01FFE3  36                 	db	54
   296  01FFE4  39                 	db	57
   297  01FFE5  3B                 	db	59
   298  01FFE6  3E                 	db	62
   299  01FFE7  41                 	db	65
   300  01FFE8  43                 	db	67
   301  01FFE9  46                 	db	70
   302  01FFEA  49                 	db	73
   303  01FFEB  4C                 	db	76
   304  01FFEC  4F                 	db	79
   305  01FFED  52                 	db	82
   306  01FFEE  55                 	db	85
   307  01FFEF  58                 	db	88
   308  01FFF0  5A                 	db	90
   309  01FFF1  5D                 	db	93
   310  01FFF2  61                 	db	97
   311  01FFF3  64                 	db	100
   312  01FFF4  67                 	db	103
   313  01FFF5  6A                 	db	106
   314  01FFF6  6D                 	db	109
   315  01FFF7  70                 	db	112
   316  01FFF8  73                 	db	115
   317  01FFF9  76                 	db	118
   318  01FFFA  79                 	db	121
   319  01FFFB  7C                 	db	124
   320  0000                     _DAC1DATL	set	125
   321  0000                     _DAC1CON	set	127
   322  0000                     _TMR0L	set	792
   323  0000                     _TMR0H	set	793
   324  0000                     _T0CON1	set	795
   325  0000                     _T0CON0	set	794
   326  0000                     _ANSELA	set	1024
   327  0000                     _PIR3	set	1201
   328  0000                     _PIR3bits	set	1201
   329  0000                     _LATA	set	1214
   330  0000                     _TRISA	set	1222
   331                           
   332                           ; #config settings
   333                           
   334                           	psect	cinit
   335  01FE86                     __pcinit:
   336                           	callstack 0
   337  01FE86                     start_initialization:
   338                           	callstack 0
   339  01FE86                     __initialization:
   340                           	callstack 0
   341                           
   342                           ; Initialize objects allocated to BANK6 (256 bytes)
   343                           ; load TBLPTR registers with __pidataBANK6
   344  01FE86  0EFC               	movlw	low __pidataBANK6
   345  01FE88  6EF6               	movwf	tblptrl,c
   346  01FE8A  0EFE               	movlw	high __pidataBANK6
   347  01FE8C  6EF7               	movwf	tblptrh,c
   348  01FE8E  0E01               	movlw	low (__pidataBANK6 shr (0+16))
   349  01FE90  6EF8               	movwf	tblptru,c
   350  01FE92  EE01  F200         	lfsr	0,__pdataBANK6
   351  01FE96  EE10 F100          	lfsr	1,256
   352  01FE9A                     copy_data0:
   353  01FE9A  0009               	tblrd		*+
   354  01FE9C  C4F5 F4EE          	movff	tablat,postinc0
   355  01FEA0  50E5               	movf	postdec1,w,c
   356  01FEA2  50E1               	movf	fsr1l,w,c
   357  01FEA4  E1FA               	bnz	copy_data0
   358  01FEA6  50E2               	movf	fsr1h,w,c
   359  01FEA8  E1F8               	bnz	copy_data0
   360                           
   361                           ; Clear objects allocated to COMRAM (14 bytes)
   362  01FEAA  EE01  F101         	lfsr	0,__pbssCOMRAM
   363  01FEAE  0E0E               	movlw	14
   364  01FEB0                     clear_0:
   365  01FEB0  6AEE               	clrf	postinc0,c
   366  01FEB2  06E8               	decf	wreg,f,c
   367  01FEB4  E1FD               	bnz	clear_0
   368  01FEB6                     end_of_initialization:
   369                           	callstack 0
   370  01FEB6                     __end_of__initialization:
   371                           	callstack 0
   372  01FEB6  0100               	movlb	0
   373  01FEB8  EF5E  F0FF         	goto	_main	;jump to C main() function
   374                           
   375                           	psect	bssCOMRAM
   376  000501                     __pbssCOMRAM:
   377                           	callstack 0
   378  000501                     _G_u32SystemFlags:
   379                           	callstack 0
   380  000501                     	ds	4
   381  000505                     _G_u32SystemTime1s:
   382                           	callstack 0
   383  000505                     	ds	4
   384  000509                     _G_u32SystemTime1ms:
   385                           	callstack 0
   386  000509                     	ds	4
   387  00050D                     UserAppRun@u8vect:
   388                           	callstack 0
   389  00050D                     	ds	1
   390  00050E                     _G_u8UserAppFlags:
   391                           	callstack 0
   392  00050E                     	ds	1
   393                           
   394                           	psect	dataBANK6
   395  000600                     __pdataBANK6:
   396                           	callstack 0
   397  000600                     _UserApp_au8SineTable:
   398                           	callstack 0
   399  000600                     	ds	256
   400                           
   401                           	psect	cstackCOMRAM
   402  00050F                     __pcstackCOMRAM:
   403                           	callstack 0
   404  00050F                     TimeXus@u16cycle:
   405                           	callstack 0
   406                           
   407                           ; 2 bytes @ 0x0
   408  00050F                     	ds	2
   409  000511                     ??_TimeXus:
   410                           
   411                           ; 1 bytes @ 0x2
   412  000511                     	ds	2
   413  000513                     
   414                           ; 1 bytes @ 0x4
   415 ;;
   416 ;;Main: autosize = 0, tempsize = 0, incstack = 0, save=0
   417 ;;
   418 ;; *************** function _main *****************
   419 ;; Defined at:
   420 ;;		line 35 in file "main.c"
   421 ;; Parameters:    Size  Location     Type
   422 ;;		None
   423 ;; Auto vars:     Size  Location     Type
   424 ;;		None
   425 ;; Return value:  Size  Location     Type
   426 ;;                  1    wreg      void 
   427 ;; Registers used:
   428 ;;		wreg, fsr2l, fsr2h, status,2, status,0, cstack
   429 ;; Tracked objects:
   430 ;;		On entry : 0/0
   431 ;;		On exit  : 0/0
   432 ;;		Unchanged: 0/0
   433 ;; Data sizes:     COMRAM   BANK5   BANK6   BANK7   BANK8   BANK9  BANK10  BANK11  BANK12  BANK13  BANK14  BANK15  BANK1
      +6  BANK17  BANK18  BANK19  BANK20  BANK21  BANK22  BANK23  BANK24  BANK25  BANK26  BANK27  BANK28  BANK29  BANK30  BANK3
      +1  BANK32  BANK33  BANK34  BANK35  BANK36  BANK37
   434 ;;      Params:         0       0       0       0       0       0       0       0       0       0       0       0       
      +0       0       0       0       0       0       0       0       0       0       0       0       0       0       0       
      +0       0       0       0       0       0       0
   435 ;;      Locals:         0       0       0       0       0       0       0       0       0       0       0       0       
      +0       0       0       0       0       0       0       0       0       0       0       0       0       0       0       
      +0       0       0       0       0       0       0
   436 ;;      Temps:          0       0       0       0       0       0       0       0       0       0       0       0       
      +0       0       0       0       0       0       0       0       0       0       0       0       0       0       0       
      +0       0       0       0       0       0       0
   437 ;;      Totals:         0       0       0       0       0       0       0       0       0       0       0       0       
      +0       0       0       0       0       0       0       0       0       0       0       0       0       0       0       
      +0       0       0       0       0       0       0
   438 ;;Total ram usage:        0 bytes
   439 ;; Hardware stack levels required when called:    1
   440 ;; This function calls:
   441 ;;		_ClockSetup
   442 ;;		_GpioSetup
   443 ;;		_SysTickSetup
   444 ;;		_SystemSleep
   445 ;;		_TimeXus
   446 ;;		_UserAppInitialize
   447 ;;		_UserAppRun
   448 ;; This function is called by:
   449 ;;		Startup code after reset
   450 ;; This function uses a non-reentrant model
   451 ;;
   452                           
   453                           	psect	text0
   454  01FEBC                     __ptext0:
   455                           	callstack 0
   456  01FEBC                     _main:
   457                           	callstack 127
   458  01FEBC                     
   459                           ;main.c: 37:   G_u32SystemFlags |= (u32)0x80000000;
   460  01FEBC  8E04               	bsf	(_G_u32SystemFlags+3)^(0+1280),7,c	;volatile
   461  01FEBE                     
   462                           ;main.c: 40:   ClockSetup();
   463  01FEBE  EC04  F0FF         	call	_ClockSetup	;wreg free
   464  01FEC2                     
   465                           ;main.c: 41:   SysTickSetup();
   466  01FEC2  EC21  F0FF         	call	_SysTickSetup	;wreg free
   467  01FEC6                     
   468                           ;main.c: 42:   GpioSetup();
   469  01FEC6  EC0C  F0FF         	call	_GpioSetup	;wreg free
   470  01FECA                     
   471                           ;main.c: 47:   UserAppInitialize();
   472  01FECA  EC06  F0FF         	call	_UserAppInitialize	;wreg free
   473  01FECE                     l812:
   474                           
   475                           ;main.c: 53:   {;main.c: 57:     UserAppRun();
   476  01FECE  EC15  F0FF         	call	_UserAppRun	;wreg free
   477  01FED2                     
   478                           ;main.c: 60:     (LATA &= 0x7F);
   479  01FED2  9EBE               	bcf	190,7,c	;volatile
   480  01FED4                     
   481                           ;main.c: 61:     SystemSleep();
   482  01FED4  EC05  F0FF         	call	_SystemSleep	;wreg free
   483  01FED8                     
   484                           ;main.c: 63:     TimeXus(11);
   485  01FED8  0E00               	movlw	0
   486  01FEDA  6E10               	movwf	(TimeXus@u16cycle+1)^(0+1280),c
   487  01FEDC  0E0B               	movlw	11
   488  01FEDE  6E0F               	movwf	TimeXus@u16cycle^(0+1280),c
   489  01FEE0  EC32  F0FF         	call	_TimeXus	;wreg free
   490  01FEE4                     l52:
   491  01FEE4  AEB1               	btfss	177,7,c	;volatile
   492  01FEE6  EF77  F0FF         	goto	u21
   493  01FEEA  EF79  F0FF         	goto	u20
   494  01FEEE                     u21:
   495  01FEEE  EF72  F0FF         	goto	l52
   496  01FEF2                     u20:
   497  01FEF2                     
   498                           ;main.c: 65:     (LATA |= 0x80);
   499  01FEF2  8EBE               	bsf	190,7,c	;volatile
   500  01FEF4  EF67  F0FF         	goto	l812
   501  01FEF8  EFFE  F0FF         	goto	start
   502  01FEFC                     __end_of_main:
   503                           	callstack 0
   504                           
   505 ;; *************** function _UserAppRun *****************
   506 ;; Defined at:
   507 ;;		line 117 in file "user_app.c"
   508 ;; Parameters:    Size  Location     Type
   509 ;;		None
   510 ;; Auto vars:     Size  Location     Type
   511 ;;		None
   512 ;; Return value:  Size  Location     Type
   513 ;;                  1    wreg      void 
   514 ;; Registers used:
   515 ;;		wreg, fsr2l, fsr2h, status,2, status,0
   516 ;; Tracked objects:
   517 ;;		On entry : 0/0
   518 ;;		On exit  : 0/0
   519 ;;		Unchanged: 0/0
   520 ;; Data sizes:     COMRAM   BANK5   BANK6   BANK7   BANK8   BANK9  BANK10  BANK11  BANK12  BANK13  BANK14  BANK15  BANK1
      +6  BANK17  BANK18  BANK19  BANK20  BANK21  BANK22  BANK23  BANK24  BANK25  BANK26  BANK27  BANK28  BANK29  BANK30  BANK3
      +1  BANK32  BANK33  BANK34  BANK35  BANK36  BANK37
   521 ;;      Params:         0       0       0       0       0       0       0       0       0       0       0       0       
      +0       0       0       0       0       0       0       0       0       0       0       0       0       0       0       
      +0       0       0       0       0       0       0
   522 ;;      Locals:         0       0       0       0       0       0       0       0       0       0       0       0       
      +0       0       0       0       0       0       0       0       0       0       0       0       0       0       0       
      +0       0       0       0       0       0       0
   523 ;;      Temps:          0       0       0       0       0       0       0       0       0       0       0       0       
      +0       0       0       0       0       0       0       0       0       0       0       0       0       0       0       
      +0       0       0       0       0       0       0
   524 ;;      Totals:         0       0       0       0       0       0       0       0       0       0       0       0       
      +0       0       0       0       0       0       0       0       0       0       0       0       0       0       0       
      +0       0       0       0       0       0       0
   525 ;;Total ram usage:        0 bytes
   526 ;; Hardware stack levels used:    1
   527 ;; This function calls:
   528 ;;		Nothing
   529 ;; This function is called by:
   530 ;;		_main
   531 ;; This function uses a non-reentrant model
   532 ;;
   533                           
   534                           	psect	text1
   535  01FE2A                     __ptext1:
   536                           	callstack 0
   537  01FE2A                     _UserAppRun:
   538                           	callstack 127
   539  01FE2A                     
   540                           ;user_app.c: 119:     static u8 u8vect = 0;;user_app.c: 121:     DAC1DATL = UserApp_au8S
      +                          ineTable[u8vect+=4];
   541  01FE2A  0E04               	movlw	4
   542  01FE2C  260D               	addwf	UserAppRun@u8vect^(0+1280),f,c
   543  01FE2E  0E00               	movlw	low _UserApp_au8SineTable
   544  01FE30  240D               	addwf	UserAppRun@u8vect^(0+1280),w,c
   545  01FE32  6ED9               	movwf	fsr2l,c
   546  01FE34  6ADA               	clrf	fsr2h,c
   547  01FE36  0E06               	movlw	high _UserApp_au8SineTable
   548  01FE38  22DA               	addwfc	fsr2h,f,c
   549  01FE3A  50DF               	movf	indf2,w,c
   550  01FE3C  0100               	movlb	0	; () banked
   551  01FE3E  6F7D               	movwf	125,b	;volatile
   552  01FE40                     
   553                           ; BSR set to: 0
   554  01FE40  0012               	return		;funcret
   555  01FE42                     __end_of_UserAppRun:
   556                           	callstack 0
   557                           
   558 ;; *************** function _UserAppInitialize *****************
   559 ;; Defined at:
   560 ;;		line 94 in file "user_app.c"
   561 ;; Parameters:    Size  Location     Type
   562 ;;		None
   563 ;; Auto vars:     Size  Location     Type
   564 ;;		None
   565 ;; Return value:  Size  Location     Type
   566 ;;                  1    wreg      void 
   567 ;; Registers used:
   568 ;;		wreg, status,2
   569 ;; Tracked objects:
   570 ;;		On entry : 0/0
   571 ;;		On exit  : 0/0
   572 ;;		Unchanged: 0/0
   573 ;; Data sizes:     COMRAM   BANK5   BANK6   BANK7   BANK8   BANK9  BANK10  BANK11  BANK12  BANK13  BANK14  BANK15  BANK1
      +6  BANK17  BANK18  BANK19  BANK20  BANK21  BANK22  BANK23  BANK24  BANK25  BANK26  BANK27  BANK28  BANK29  BANK30  BANK3
      +1  BANK32  BANK33  BANK34  BANK35  BANK36  BANK37
   574 ;;      Params:         0       0       0       0       0       0       0       0       0       0       0       0       
      +0       0       0       0       0       0       0       0       0       0       0       0       0       0       0       
      +0       0       0       0       0       0       0
   575 ;;      Locals:         0       0       0       0       0       0       0       0       0       0       0       0       
      +0       0       0       0       0       0       0       0       0       0       0       0       0       0       0       
      +0       0       0       0       0       0       0
   576 ;;      Temps:          0       0       0       0       0       0       0       0       0       0       0       0       
      +0       0       0       0       0       0       0       0       0       0       0       0       0       0       0       
      +0       0       0       0       0       0       0
   577 ;;      Totals:         0       0       0       0       0       0       0       0       0       0       0       0       
      +0       0       0       0       0       0       0       0       0       0       0       0       0       0       0       
      +0       0       0       0       0       0       0
   578 ;;Total ram usage:        0 bytes
   579 ;; Hardware stack levels used:    1
   580 ;; This function calls:
   581 ;;		Nothing
   582 ;; This function is called by:
   583 ;;		_main
   584 ;; This function uses a non-reentrant model
   585 ;;
   586                           
   587                           	psect	text2
   588  01FE0C                     __ptext2:
   589                           	callstack 0
   590  01FE0C                     _UserAppInitialize:
   591                           	callstack 127
   592  01FE0C                     
   593                           ;user_app.c: 97:     T0CON0 = 0x90;
   594  01FE0C  0E90               	movlw	144
   595  01FE0E  0103               	movlb	3	; () banked
   596  01FE10  6F1A               	movwf	26,b	;volatile
   597                           
   598                           ;user_app.c: 100:     T0CON1 = 0x54;
   599  01FE12  0E54               	movlw	84
   600  01FE14  6F1B               	movwf	27,b	;volatile
   601  01FE16                     
   602                           ; BSR set to: 3
   603  01FE16  0012               	return		;funcret
   604  01FE18                     __end_of_UserAppInitialize:
   605                           	callstack 0
   606                           
   607 ;; *************** function _TimeXus *****************
   608 ;; Defined at:
   609 ;;		line 141 in file "user_app.c"
   610 ;; Parameters:    Size  Location     Type
   611 ;;  u16cycle        2    0[COMRAM] unsigned short 
   612 ;; Auto vars:     Size  Location     Type
   613 ;;		None
   614 ;; Return value:  Size  Location     Type
   615 ;;                  1    wreg      void 
   616 ;; Registers used:
   617 ;;		wreg, status,2, status,0
   618 ;; Tracked objects:
   619 ;;		On entry : 0/0
   620 ;;		On exit  : 0/0
   621 ;;		Unchanged: 0/0
   622 ;; Data sizes:     COMRAM   BANK5   BANK6   BANK7   BANK8   BANK9  BANK10  BANK11  BANK12  BANK13  BANK14  BANK15  BANK1
      +6  BANK17  BANK18  BANK19  BANK20  BANK21  BANK22  BANK23  BANK24  BANK25  BANK26  BANK27  BANK28  BANK29  BANK30  BANK3
      +1  BANK32  BANK33  BANK34  BANK35  BANK36  BANK37
   623 ;;      Params:         2       0       0       0       0       0       0       0       0       0       0       0       
      +0       0       0       0       0       0       0       0       0       0       0       0       0       0       0       
      +0       0       0       0       0       0       0
   624 ;;      Locals:         0       0       0       0       0       0       0       0       0       0       0       0       
      +0       0       0       0       0       0       0       0       0       0       0       0       0       0       0       
      +0       0       0       0       0       0       0
   625 ;;      Temps:          2       0       0       0       0       0       0       0       0       0       0       0       
      +0       0       0       0       0       0       0       0       0       0       0       0       0       0       0       
      +0       0       0       0       0       0       0
   626 ;;      Totals:         4       0       0       0       0       0       0       0       0       0       0       0       
      +0       0       0       0       0       0       0       0       0       0       0       0       0       0       0       
      +0       0       0       0       0       0       0
   627 ;;Total ram usage:        4 bytes
   628 ;; Hardware stack levels used:    1
   629 ;; This function calls:
   630 ;;		Nothing
   631 ;; This function is called by:
   632 ;;		_main
   633 ;; This function uses a non-reentrant model
   634 ;;
   635                           
   636                           	psect	text3
   637  01FE64                     __ptext3:
   638                           	callstack 0
   639  01FE64                     _TimeXus:
   640                           	callstack 127
   641  01FE64                     
   642                           ;user_app.c: 141: void TimeXus(u16 u16cycle);user_app.c: 142: {;user_app.c: 143:     T0C
      +                          ON0 &= 0x7F;
   643  01FE64  0103               	movlb	3	; () banked
   644  01FE66  9F1A               	bcf	26,7,b	;volatile
   645  01FE68                     
   646                           ; BSR set to: 3
   647                           ;user_app.c: 145:     TMR0H = (0xFFFF - u16cycle) >> 8;
   648  01FE68  1C0F               	comf	TimeXus@u16cycle^(0+1280),w,c
   649  01FE6A  6E11               	movwf	??_TimeXus^(0+1280),c
   650  01FE6C  1C10               	comf	(TimeXus@u16cycle+1)^(0+1280),w,c
   651  01FE6E  6E12               	movwf	(??_TimeXus+1)^(0+1280),c
   652  01FE70  C512  F511         	movff	??_TimeXus+1,??_TimeXus
   653  01FE74  6A12               	clrf	(??_TimeXus+1)^(0+1280),c
   654  01FE76  5011               	movf	??_TimeXus^(0+1280),w,c
   655  01FE78  6F19               	movwf	25,b	;volatile
   656  01FE7A                     
   657                           ; BSR set to: 3
   658                           ;user_app.c: 149:     TMR0L = (0xFFFF - u16cycle) & 0x00FF;
   659  01FE7A  500F               	movf	TimeXus@u16cycle^(0+1280),w,c
   660  01FE7C  0AFF               	xorlw	255
   661  01FE7E  6F18               	movwf	24,b	;volatile
   662                           
   663                           ;user_app.c: 152:     PIR3 &= 0x7F;
   664  01FE80  9EB1               	bcf	177,7,c	;volatile
   665                           
   666                           ;user_app.c: 153:     T0CON0 |= 0x80;
   667  01FE82  8F1A               	bsf	26,7,b	;volatile
   668  01FE84                     
   669                           ; BSR set to: 3
   670  01FE84  0012               	return		;funcret
   671  01FE86                     __end_of_TimeXus:
   672                           	callstack 0
   673                           
   674 ;; *************** function _SystemSleep *****************
   675 ;; Defined at:
   676 ;;		line 133 in file "encm369_pic18.c"
   677 ;; Parameters:    Size  Location     Type
   678 ;;		None
   679 ;; Auto vars:     Size  Location     Type
   680 ;;		None
   681 ;; Return value:  Size  Location     Type
   682 ;;                  1    wreg      void 
   683 ;; Registers used:
   684 ;;		None
   685 ;; Tracked objects:
   686 ;;		On entry : 0/0
   687 ;;		On exit  : 0/0
   688 ;;		Unchanged: 0/0
   689 ;; Data sizes:     COMRAM   BANK5   BANK6   BANK7   BANK8   BANK9  BANK10  BANK11  BANK12  BANK13  BANK14  BANK15  BANK1
      +6  BANK17  BANK18  BANK19  BANK20  BANK21  BANK22  BANK23  BANK24  BANK25  BANK26  BANK27  BANK28  BANK29  BANK30  BANK3
      +1  BANK32  BANK33  BANK34  BANK35  BANK36  BANK37
   690 ;;      Params:         0       0       0       0       0       0       0       0       0       0       0       0       
      +0       0       0       0       0       0       0       0       0       0       0       0       0       0       0       
      +0       0       0       0       0       0       0
   691 ;;      Locals:         0       0       0       0       0       0       0       0       0       0       0       0       
      +0       0       0       0       0       0       0       0       0       0       0       0       0       0       0       
      +0       0       0       0       0       0       0
   692 ;;      Temps:          0       0       0       0       0       0       0       0       0       0       0       0       
      +0       0       0       0       0       0       0       0       0       0       0       0       0       0       0       
      +0       0       0       0       0       0       0
   693 ;;      Totals:         0       0       0       0       0       0       0       0       0       0       0       0       
      +0       0       0       0       0       0       0       0       0       0       0       0       0       0       0       
      +0       0       0       0       0       0       0
   694 ;;Total ram usage:        0 bytes
   695 ;; Hardware stack levels used:    1
   696 ;; This function calls:
   697 ;;		Nothing
   698 ;; This function is called by:
   699 ;;		_main
   700 ;; This function uses a non-reentrant model
   701 ;;
   702                           
   703                           	psect	text4
   704  01FE0A                     __ptext4:
   705                           	callstack 0
   706  01FE0A                     _SystemSleep:
   707                           	callstack 127
   708  01FE0A  0012               	return		;funcret
   709  01FE0C                     __end_of_SystemSleep:
   710                           	callstack 0
   711                           
   712 ;; *************** function _SysTickSetup *****************
   713 ;; Defined at:
   714 ;;		line 111 in file "encm369_pic18.c"
   715 ;; Parameters:    Size  Location     Type
   716 ;;		None
   717 ;; Auto vars:     Size  Location     Type
   718 ;;		None
   719 ;; Return value:  Size  Location     Type
   720 ;;                  1    wreg      void 
   721 ;; Registers used:
   722 ;;		wreg, status,2
   723 ;; Tracked objects:
   724 ;;		On entry : 0/0
   725 ;;		On exit  : 0/0
   726 ;;		Unchanged: 0/0
   727 ;; Data sizes:     COMRAM   BANK5   BANK6   BANK7   BANK8   BANK9  BANK10  BANK11  BANK12  BANK13  BANK14  BANK15  BANK1
      +6  BANK17  BANK18  BANK19  BANK20  BANK21  BANK22  BANK23  BANK24  BANK25  BANK26  BANK27  BANK28  BANK29  BANK30  BANK3
      +1  BANK32  BANK33  BANK34  BANK35  BANK36  BANK37
   728 ;;      Params:         0       0       0       0       0       0       0       0       0       0       0       0       
      +0       0       0       0       0       0       0       0       0       0       0       0       0       0       0       
      +0       0       0       0       0       0       0
   729 ;;      Locals:         0       0       0       0       0       0       0       0       0       0       0       0       
      +0       0       0       0       0       0       0       0       0       0       0       0       0       0       0       
      +0       0       0       0       0       0       0
   730 ;;      Temps:          0       0       0       0       0       0       0       0       0       0       0       0       
      +0       0       0       0       0       0       0       0       0       0       0       0       0       0       0       
      +0       0       0       0       0       0       0
   731 ;;      Totals:         0       0       0       0       0       0       0       0       0       0       0       0       
      +0       0       0       0       0       0       0       0       0       0       0       0       0       0       0       
      +0       0       0       0       0       0       0
   732 ;;Total ram usage:        0 bytes
   733 ;; Hardware stack levels used:    1
   734 ;; This function calls:
   735 ;;		Nothing
   736 ;; This function is called by:
   737 ;;		_main
   738 ;; This function uses a non-reentrant model
   739 ;;
   740                           
   741                           	psect	text5
   742  01FE42                     __ptext5:
   743                           	callstack 0
   744  01FE42                     _SysTickSetup:
   745                           	callstack 127
   746  01FE42                     
   747                           ;encm369_pic18.c: 113:   G_u32SystemTime1ms = 0;
   748  01FE42  0E00               	movlw	0
   749  01FE44  6E09               	movwf	_G_u32SystemTime1ms^(0+1280),c	;volatile
   750  01FE46  0E00               	movlw	0
   751  01FE48  6E0A               	movwf	(_G_u32SystemTime1ms+1)^(0+1280),c	;volatile
   752  01FE4A  0E00               	movlw	0
   753  01FE4C  6E0B               	movwf	(_G_u32SystemTime1ms+2)^(0+1280),c	;volatile
   754  01FE4E  0E00               	movlw	0
   755  01FE50  6E0C               	movwf	(_G_u32SystemTime1ms+3)^(0+1280),c	;volatile
   756                           
   757                           ;encm369_pic18.c: 114:   G_u32SystemTime1s = 0;
   758  01FE52  0E00               	movlw	0
   759  01FE54  6E05               	movwf	_G_u32SystemTime1s^(0+1280),c	;volatile
   760  01FE56  0E00               	movlw	0
   761  01FE58  6E06               	movwf	(_G_u32SystemTime1s+1)^(0+1280),c	;volatile
   762  01FE5A  0E00               	movlw	0
   763  01FE5C  6E07               	movwf	(_G_u32SystemTime1s+2)^(0+1280),c	;volatile
   764  01FE5E  0E00               	movlw	0
   765  01FE60  6E08               	movwf	(_G_u32SystemTime1s+3)^(0+1280),c	;volatile
   766  01FE62  0012               	return		;funcret
   767  01FE64                     __end_of_SysTickSetup:
   768                           	callstack 0
   769                           
   770 ;; *************** function _GpioSetup *****************
   771 ;; Defined at:
   772 ;;		line 90 in file "encm369_pic18.c"
   773 ;; Parameters:    Size  Location     Type
   774 ;;		None
   775 ;; Auto vars:     Size  Location     Type
   776 ;;		None
   777 ;; Return value:  Size  Location     Type
   778 ;;                  1    wreg      void 
   779 ;; Registers used:
   780 ;;		wreg, status,2
   781 ;; Tracked objects:
   782 ;;		On entry : 0/0
   783 ;;		On exit  : 0/0
   784 ;;		Unchanged: 0/0
   785 ;; Data sizes:     COMRAM   BANK5   BANK6   BANK7   BANK8   BANK9  BANK10  BANK11  BANK12  BANK13  BANK14  BANK15  BANK1
      +6  BANK17  BANK18  BANK19  BANK20  BANK21  BANK22  BANK23  BANK24  BANK25  BANK26  BANK27  BANK28  BANK29  BANK30  BANK3
      +1  BANK32  BANK33  BANK34  BANK35  BANK36  BANK37
   786 ;;      Params:         0       0       0       0       0       0       0       0       0       0       0       0       
      +0       0       0       0       0       0       0       0       0       0       0       0       0       0       0       
      +0       0       0       0       0       0       0
   787 ;;      Locals:         0       0       0       0       0       0       0       0       0       0       0       0       
      +0       0       0       0       0       0       0       0       0       0       0       0       0       0       0       
      +0       0       0       0       0       0       0
   788 ;;      Temps:          0       0       0       0       0       0       0       0       0       0       0       0       
      +0       0       0       0       0       0       0       0       0       0       0       0       0       0       0       
      +0       0       0       0       0       0       0
   789 ;;      Totals:         0       0       0       0       0       0       0       0       0       0       0       0       
      +0       0       0       0       0       0       0       0       0       0       0       0       0       0       0       
      +0       0       0       0       0       0       0
   790 ;;Total ram usage:        0 bytes
   791 ;; Hardware stack levels used:    1
   792 ;; This function calls:
   793 ;;		Nothing
   794 ;; This function is called by:
   795 ;;		_main
   796 ;; This function uses a non-reentrant model
   797 ;;
   798                           
   799                           	psect	text6
   800  01FE18                     __ptext6:
   801                           	callstack 0
   802  01FE18                     _GpioSetup:
   803                           	callstack 127
   804  01FE18                     
   805                           ;encm369_pic18.c: 92:     ANSELA = 0x00;
   806  01FE18  0E00               	movlw	0
   807  01FE1A  0104               	movlb	4	; () banked
   808  01FE1C  6F00               	movwf	0,b	;volatile
   809                           
   810                           ;encm369_pic18.c: 93:     TRISA = 0x00;
   811  01FE1E  0E00               	movlw	0
   812  01FE20  6EC6               	movwf	198,c	;volatile
   813                           
   814                           ;encm369_pic18.c: 95:     DAC1CON = 0xA0;
   815  01FE22  0EA0               	movlw	160
   816  01FE24  0100               	movlb	0	; () banked
   817  01FE26  6F7F               	movwf	127,b	;volatile
   818  01FE28                     
   819                           ; BSR set to: 0
   820  01FE28  0012               	return		;funcret
   821  01FE2A                     __end_of_GpioSetup:
   822                           	callstack 0
   823                           
   824 ;; *************** function _ClockSetup *****************
   825 ;; Defined at:
   826 ;;		line 69 in file "encm369_pic18.c"
   827 ;; Parameters:    Size  Location     Type
   828 ;;		None
   829 ;; Auto vars:     Size  Location     Type
   830 ;;		None
   831 ;; Return value:  Size  Location     Type
   832 ;;                  1    wreg      void 
   833 ;; Registers used:
   834 ;;		None
   835 ;; Tracked objects:
   836 ;;		On entry : 0/0
   837 ;;		On exit  : 0/0
   838 ;;		Unchanged: 0/0
   839 ;; Data sizes:     COMRAM   BANK5   BANK6   BANK7   BANK8   BANK9  BANK10  BANK11  BANK12  BANK13  BANK14  BANK15  BANK1
      +6  BANK17  BANK18  BANK19  BANK20  BANK21  BANK22  BANK23  BANK24  BANK25  BANK26  BANK27  BANK28  BANK29  BANK30  BANK3
      +1  BANK32  BANK33  BANK34  BANK35  BANK36  BANK37
   840 ;;      Params:         0       0       0       0       0       0       0       0       0       0       0       0       
      +0       0       0       0       0       0       0       0       0       0       0       0       0       0       0       
      +0       0       0       0       0       0       0
   841 ;;      Locals:         0       0       0       0       0       0       0       0       0       0       0       0       
      +0       0       0       0       0       0       0       0       0       0       0       0       0       0       0       
      +0       0       0       0       0       0       0
   842 ;;      Temps:          0       0       0       0       0       0       0       0       0       0       0       0       
      +0       0       0       0       0       0       0       0       0       0       0       0       0       0       0       
      +0       0       0       0       0       0       0
   843 ;;      Totals:         0       0       0       0       0       0       0       0       0       0       0       0       
      +0       0       0       0       0       0       0       0       0       0       0       0       0       0       0       
      +0       0       0       0       0       0       0
   844 ;;Total ram usage:        0 bytes
   845 ;; Hardware stack levels used:    1
   846 ;; This function calls:
   847 ;;		Nothing
   848 ;; This function is called by:
   849 ;;		_main
   850 ;; This function uses a non-reentrant model
   851 ;;
   852                           
   853                           	psect	text7
   854  01FE08                     __ptext7:
   855                           	callstack 0
   856  01FE08                     _ClockSetup:
   857                           	callstack 127
   858  01FE08  0012               	return		;funcret
   859  01FE0A                     __end_of_ClockSetup:
   860                           	callstack 0
   861  0000                     
   862                           	psect	rparam
   863  0000                     
   864                           	psect	idloc
   865                           
   866                           ;Config register IDLOC0 @ 0x200000
   867                           ;	unspecified, using default values
   868  200000                     	org	2097152
   869  200000  0FFF               	dw	4095
   870                           
   871                           ;Config register IDLOC1 @ 0x200002
   872                           ;	unspecified, using default values
   873  200002                     	org	2097154
   874  200002  0FFF               	dw	4095
   875                           
   876                           ;Config register IDLOC2 @ 0x200004
   877                           ;	unspecified, using default values
   878  200004                     	org	2097156
   879  200004  0FFF               	dw	4095
   880                           
   881                           ;Config register IDLOC3 @ 0x200006
   882                           ;	unspecified, using default values
   883  200006                     	org	2097158
   884  200006  0FFF               	dw	4095
   885                           
   886                           ;Config register IDLOC4 @ 0x200008
   887                           ;	unspecified, using default values
   888  200008                     	org	2097160
   889  200008  0FFF               	dw	4095
   890                           
   891                           ;Config register IDLOC5 @ 0x20000A
   892                           ;	unspecified, using default values
   893  20000A                     	org	2097162
   894  20000A  0FFF               	dw	4095
   895                           
   896                           ;Config register IDLOC6 @ 0x20000C
   897                           ;	unspecified, using default values
   898  20000C                     	org	2097164
   899  20000C  0FFF               	dw	4095
   900                           
   901                           ;Config register IDLOC7 @ 0x20000E
   902                           ;	unspecified, using default values
   903  20000E                     	org	2097166
   904  20000E  0FFF               	dw	4095
   905                           
   906                           ;Config register IDLOC8 @ 0x200010
   907                           ;	unspecified, using default values
   908  200010                     	org	2097168
   909  200010  0FFF               	dw	4095
   910                           
   911                           ;Config register IDLOC9 @ 0x200012
   912                           ;	unspecified, using default values
   913  200012                     	org	2097170
   914  200012  0FFF               	dw	4095
   915                           
   916                           ;Config register IDLOC10 @ 0x200014
   917                           ;	unspecified, using default values
   918  200014                     	org	2097172
   919  200014  0FFF               	dw	4095
   920                           
   921                           ;Config register IDLOC11 @ 0x200016
   922                           ;	unspecified, using default values
   923  200016                     	org	2097174
   924  200016  0FFF               	dw	4095
   925                           
   926                           ;Config register IDLOC12 @ 0x200018
   927                           ;	unspecified, using default values
   928  200018                     	org	2097176
   929  200018  0FFF               	dw	4095
   930                           
   931                           ;Config register IDLOC13 @ 0x20001A
   932                           ;	unspecified, using default values
   933  20001A                     	org	2097178
   934  20001A  0FFF               	dw	4095
   935                           
   936                           ;Config register IDLOC14 @ 0x20001C
   937                           ;	unspecified, using default values
   938  20001C                     	org	2097180
   939  20001C  0FFF               	dw	4095
   940                           
   941                           ;Config register IDLOC15 @ 0x20001E
   942                           ;	unspecified, using default values
   943  20001E                     	org	2097182
   944  20001E  0FFF               	dw	4095
   945                           
   946                           	psect	config
   947                           
   948                           ;Config register CONFIG1 @ 0x300000
   949                           ;	External Oscillator Selection
   950                           ;	FEXTOSC = OFF, Oscillator not enabled
   951                           ;	Reset Oscillator Selection
   952                           ;	RSTOSC = HFINTOSC_64MHZ, HFINTOSC with HFFRQ = 64 MHz and CDIV = 1:1
   953  300000                     	org	3145728
   954  300000  8C                 	db	140
   955                           
   956                           ;Config register CONFIG2 @ 0x300001
   957                           ;	Clock out Enable bit
   958                           ;	CLKOUTEN = ON, CLKOUT function is enabled
   959                           ;	PRLOCKED One-Way Set Enable bit
   960                           ;	PR1WAY = ON, PRLOCKED bit can be cleared and set only once
   961                           ;	Clock Switch Enable bit
   962                           ;	CSWEN = ON, Writing to NOSC and NDIV is allowed
   963                           ;	Fail-Safe Clock Monitor Enable bit
   964                           ;	FCMEN = ON, Fail-Safe Clock Monitor enabled
   965  300001                     	org	3145729
   966  300001  FE                 	db	254
   967                           
   968                           ;Config register CONFIG3 @ 0x300002
   969                           ;	MCLR Enable bit
   970                           ;	MCLRE = EXTMCLR, If LVP = 0, MCLR pin is MCLR; If LVP = 1, RE3 pin function is MCLR
   971                           ;	Power-up timer selection bits
   972                           ;	PWRTS = PWRT_OFF, PWRT is disabled
   973                           ;	Multi-vector enable bit
   974                           ;	MVECEN = ON, Multi-vector enabled, Vector table used for interrupts
   975                           ;	IVTLOCK bit One-way set enable bit
   976                           ;	IVT1WAY = ON, IVTLOCKED bit can be cleared and set only once
   977                           ;	Low Power BOR Enable bit
   978                           ;	LPBOREN = OFF, Low-Power BOR disabled
   979                           ;	Brown-out Reset Enable bits
   980                           ;	BOREN = SBORDIS, Brown-out Reset enabled , SBOREN bit is ignored
   981  300002                     	org	3145730
   982  300002  FF                 	db	255
   983                           
   984                           ;Config register CONFIG4 @ 0x300003
   985                           ;	Brown-out Reset Voltage Selection bits
   986                           ;	BORV = VBOR_2P85, Brown-out Reset Voltage (VBOR) set to 2.8V
   987                           ;	ZCD Disable bit
   988                           ;	ZCD = OFF, ZCD module is disabled. ZCD can be enabled by setting the ZCDSEN bit of ZCD
      +                          CON
   989                           ;	PPSLOCK bit One-Way Set Enable bit
   990                           ;	PPS1WAY = ON, PPSLOCKED bit can be cleared and set only once; PPS registers remain loc
      +                          ked after one clear/set cycle
   991                           ;	Stack Full/Underflow Reset Enable bit
   992                           ;	STVREN = ON, Stack full/underflow will cause Reset
   993                           ;	Low Voltage Programming Enable bit
   994                           ;	LVP = ON, Low voltage programming enabled. MCLR/VPP pin function is MCLR. MCLRE config
      +                          uration bit is ignored
   995                           ;	Extended Instruction Set Enable bit
   996                           ;	XINST = OFF, Extended Instruction Set and Indexed Addressing Mode disabled
   997  300003                     	org	3145731
   998  300003  FC                 	db	252
   999                           
  1000                           ;Config register CONFIG5 @ 0x300004
  1001                           ;	WDT Period selection bits
  1002                           ;	WDTCPS = WDTCPS_31, Divider ratio 1:65536; software control of WDTPS
  1003                           ;	WDT operating mode
  1004                           ;	WDTE = OFF, WDT Disabled; SWDTEN is ignored
  1005  300004                     	org	3145732
  1006  300004  9F                 	db	159
  1007                           
  1008                           ;Config register CONFIG6 @ 0x300005
  1009                           ;	WDT Window Select bits
  1010                           ;	WDTCWS = WDTCWS_7, window always open (100%); software control; keyed access not requi
      +                          red
  1011                           ;	WDT input clock selector
  1012                           ;	WDTCCS = SC, Software Control
  1013  300005                     	org	3145733
  1014  300005  FF                 	db	255
  1015                           
  1016                           ;Config register CONFIG7 @ 0x300006
  1017                           ;	Boot Block Size selection bits
  1018                           ;	BBSIZE = BBSIZE_512, Boot Block size is 512 words
  1019                           ;	Boot Block enable bit
  1020                           ;	BBEN = OFF, Boot block disabled
  1021                           ;	Storage Area Flash enable bit
  1022                           ;	SAFEN = OFF, SAF disabled
  1023                           ;	Background Debugger
  1024                           ;	DEBUG = OFF, Background Debugger disabled
  1025  300006                     	org	3145734
  1026  300006  FF                 	db	255
  1027                           
  1028                           ;Config register CONFIG8 @ 0x300007
  1029                           ;	Boot Block Write Protection bit
  1030                           ;	WRTB = OFF, Boot Block not Write protected
  1031                           ;	Configuration Register Write Protection bit
  1032                           ;	WRTC = OFF, Configuration registers not Write protected
  1033                           ;	Data EEPROM Write Protection bit
  1034                           ;	WRTD = OFF, Data EEPROM not Write protected
  1035                           ;	SAF Write protection bit
  1036                           ;	WRTSAF = OFF, SAF not Write Protected
  1037                           ;	Application Block write protection bit
  1038                           ;	WRTAPP = OFF, Application Block not write protected
  1039  300007                     	org	3145735
  1040  300007  FF                 	db	255
  1041                           
  1042                           ; Padding undefined space
  1043  300008                     	org	3145736
  1044  300008  FF                 	db	255
  1045                           
  1046                           ;Config register CONFIG10 @ 0x300009
  1047                           ;	PFM and Data EEPROM Code Protection bit
  1048                           ;	CP = OFF, PFM and Data EEPROM code protection disabled
  1049  300009                     	org	3145737
  1050  300009  FF                 	db	255
  1051                           tosu	equ	0x4FF
  1052                           tosh	equ	0x4FE
  1053                           tosl	equ	0x4FD
  1054                           stkptr	equ	0x4FC
  1055                           pclatu	equ	0x4FB
  1056                           pclath	equ	0x4FA
  1057                           pcl	equ	0x4F9
  1058                           tblptru	equ	0x4F8
  1059                           tblptrh	equ	0x4F7
  1060                           tblptrl	equ	0x4F6
  1061                           tablat	equ	0x4F5
  1062                           prodh	equ	0x4F4
  1063                           prodl	equ	0x4F3
  1064                           indf0	equ	0x4EF
  1065                           postinc0	equ	0x4EE
  1066                           postdec0	equ	0x4ED
  1067                           preinc0	equ	0x4EC
  1068                           plusw0	equ	0x4EB
  1069                           fsr0h	equ	0x4EA
  1070                           fsr0l	equ	0x4E9
  1071                           wreg	equ	0x4E8
  1072                           indf1	equ	0x4E7
  1073                           postinc1	equ	0x4E6
  1074                           postdec1	equ	0x4E5
  1075                           preinc1	equ	0x4E4
  1076                           plusw1	equ	0x4E3
  1077                           fsr1h	equ	0x4E2
  1078                           fsr1l	equ	0x4E1
  1079                           bsr	equ	0x4E0
  1080                           indf2	equ	0x4DF
  1081                           postinc2	equ	0x4DE
  1082                           postdec2	equ	0x4DD
  1083                           preinc2	equ	0x4DC
  1084                           plusw2	equ	0x4DB
  1085                           fsr2h	equ	0x4DA
  1086                           fsr2l	equ	0x4D9
  1087                           status	equ	0x4D8

Data Sizes:
    Strings     0
    Constant    0
    Data        256
    BSS         14
    Persistent  0
    Stack       0

Auto Spaces:
    Space          Size  Autos    Used
    COMRAM           95      4      18
    BANK5           160      0       0
    BANK6           256      0     256
    BANK7           256      0       0
    BANK8           256      0       0
    BANK9           256      0       0
    BANK10          256      0       0
    BANK11          256      0       0
    BANK12          256      0       0
    BANK13          256      0       0
    BANK14          256      0       0
    BANK15          256      0       0
    BANK16          256      0       0
    BANK17          256      0       0
    BANK18          256      0       0
    BANK19          256      0       0
    BANK20          256      0       0
    BANK21          256      0       0
    BANK22          256      0       0
    BANK23          256      0       0
    BANK24          256      0       0
    BANK25          256      0       0
    BANK26          256      0       0
    BANK27          256      0       0
    BANK28          256      0       0
    BANK29          256      0       0
    BANK30          256      0       0
    BANK31          256      0       0
    BANK32          256      0       0
    BANK33          256      0       0
    BANK34          256      0       0
    BANK35          256      0       0
    BANK36          256      0       0
    BANK37          256      0       0

Pointer List with Targets:

    None.

Critical Paths under _main in COMRAM

    _main->_TimeXus

Critical Paths under _main in BANK5

    None.

Critical Paths under _main in BANK6

    None.

Critical Paths under _main in BANK7

    None.

Critical Paths under _main in BANK8

    None.

Critical Paths under _main in BANK9

    None.

Critical Paths under _main in BANK10

    None.

Critical Paths under _main in BANK11

    None.

Critical Paths under _main in BANK12

    None.

Critical Paths under _main in BANK13

    None.

Critical Paths under _main in BANK14

    None.

Critical Paths under _main in BANK15

    None.

Critical Paths under _main in BANK16

    None.

Critical Paths under _main in BANK17

    None.

Critical Paths under _main in BANK18

    None.

Critical Paths under _main in BANK19

    None.

Critical Paths under _main in BANK20

    None.

Critical Paths under _main in BANK21

    None.

Critical Paths under _main in BANK22

    None.

Critical Paths under _main in BANK23

    None.

Critical Paths under _main in BANK24

    None.

Critical Paths under _main in BANK25

    None.

Critical Paths under _main in BANK26

    None.

Critical Paths under _main in BANK27

    None.

Critical Paths under _main in BANK28

    None.

Critical Paths under _main in BANK29

    None.

Critical Paths under _main in BANK30

    None.

Critical Paths under _main in BANK31

    None.

Critical Paths under _main in BANK32

    None.

Critical Paths under _main in BANK33

    None.

Critical Paths under _main in BANK34

    None.

Critical Paths under _main in BANK35

    None.

Critical Paths under _main in BANK36

    None.

Critical Paths under _main in BANK37

    None.

Call Graph Tables:

 ---------------------------------------------------------------------------------
 (Depth) Function   	        Calls       Base Space   Used Autos Params    Refs
 ---------------------------------------------------------------------------------
 (0) _main                                                 0     0      0     120
                         _ClockSetup
                          _GpioSetup
                       _SysTickSetup
                        _SystemSleep
                            _TimeXus
                  _UserAppInitialize
                         _UserAppRun
 ---------------------------------------------------------------------------------
 (1) _UserAppRun                                           0     0      0       0
 ---------------------------------------------------------------------------------
 (1) _UserAppInitialize                                    0     0      0       0
 ---------------------------------------------------------------------------------
 (1) _TimeXus                                              4     2      2     120
                                              0 COMRAM     4     2      2
 ---------------------------------------------------------------------------------
 (1) _SystemSleep                                          0     0      0       0
 ---------------------------------------------------------------------------------
 (1) _SysTickSetup                                         0     0      0       0
 ---------------------------------------------------------------------------------
 (1) _GpioSetup                                            0     0      0       0
 ---------------------------------------------------------------------------------
 (1) _ClockSetup                                           0     0      0       0
 ---------------------------------------------------------------------------------
 Estimated maximum stack depth 1
 ---------------------------------------------------------------------------------

 Call Graph Graphs:

 _main (ROOT)
   _ClockSetup
   _GpioSetup
   _SysTickSetup
   _SystemSleep
   _TimeXus
   _UserAppInitialize
   _UserAppRun

 Address spaces:
Name               Size   Autos  Total    Cost      Usage
BIGRAM            20FF      0       0      71        0.0%
EEDATA             400      0       0       0        0.0%
BITBANK37          100      0       0      70        0.0%
BANK37             100      0       0      68        0.0%
BITBANK36          100      0       0      66        0.0%
BANK36             100      0       0      67        0.0%
BITBANK35          100      0       0      64        0.0%
BANK35             100      0       0      65        0.0%
BITBANK34          100      0       0      62        0.0%
BANK34             100      0       0      63        0.0%
BITBANK33          100      0       0      60        0.0%
BANK33             100      0       0      61        0.0%
BITBANK32          100      0       0      58        0.0%
BANK32             100      0       0      59        0.0%
BITBANK31          100      0       0      56        0.0%
BANK31             100      0       0      57        0.0%
BITBANK30          100      0       0      54        0.0%
BANK30             100      0       0      55        0.0%
BITBANK29          100      0       0      52        0.0%
BANK29             100      0       0      53        0.0%
BITBANK28          100      0       0      50        0.0%
BANK28             100      0       0      51        0.0%
BITBANK27          100      0       0      48        0.0%
BANK27             100      0       0      49        0.0%
BITBANK26          100      0       0      46        0.0%
BANK26             100      0       0      47        0.0%
BITBANK25          100      0       0      44        0.0%
BANK25             100      0       0      45        0.0%
BITBANK24          100      0       0      42        0.0%
BANK24             100      0       0      43        0.0%
BITBANK23          100      0       0      40        0.0%
BANK23             100      0       0      41        0.0%
BITBANK22          100      0       0      38        0.0%
BANK22             100      0       0      39        0.0%
BITBANK21          100      0       0      36        0.0%
BANK21             100      0       0      37        0.0%
BITBANK20          100      0       0      34        0.0%
BANK20             100      0       0      35        0.0%
BITBANK19          100      0       0      32        0.0%
BANK19             100      0       0      33        0.0%
BITBANK18          100      0       0      30        0.0%
BANK18             100      0       0      31        0.0%
BITBANK17          100      0       0      28        0.0%
BANK17             100      0       0      29        0.0%
BITBANK16          100      0       0      26        0.0%
BANK16             100      0       0      27        0.0%
BITBANK15          100      0       0      24        0.0%
BANK15             100      0       0      25        0.0%
BITBANK14          100      0       0      22        0.0%
BANK14             100      0       0      23        0.0%
BITBANK13          100      0       0      20        0.0%
BANK13             100      0       0      21        0.0%
BITBANK12          100      0       0      18        0.0%
BANK12             100      0       0      19        0.0%
BITBANK11          100      0       0      16        0.0%
BANK11             100      0       0      17        0.0%
BITBANK10          100      0       0      14        0.0%
BANK10             100      0       0      15        0.0%
BITBANK9           100      0       0      12        0.0%
BANK9              100      0       0      13        0.0%
BITBANK8           100      0       0      10        0.0%
BANK8              100      0       0      11        0.0%
BITBANK7           100      0       0       8        0.0%
BANK7              100      0       0       9        0.0%
BITBANK6           100      0       0       6        0.0%
BANK6              100      0     100       7      100.0%
BITBANK5            A0      0       0       4        0.0%
BANK5               A0      0       0       5        0.0%
BITCOMRAM           5F      0       0       0        0.0%
COMRAM              5F      4      12       1       18.9%
BITSFR_5             0      0       0     200        0.0%
SFR_5                0      0       0     200        0.0%
BITSFR_4             0      0       0     200        0.0%
SFR_4                0      0       0     200        0.0%
BITSFR_3             0      0       0     200        0.0%
SFR_3                0      0       0     200        0.0%
BITSFR_2             0      0       0     200        0.0%
SFR_2                0      0       0     200        0.0%
BITSFR_1             0      0       0     200        0.0%
SFR_1                0      0       0     200        0.0%
BITSFR               0      0       0     200        0.0%
SFR                  0      0       0     200        0.0%
STACK                0      0       0       2        0.0%
NULL                 0      0       0       0        0.0%
ABS                  0      0     112      69        0.0%
DATA                 0      0     112       3        0.0%
CODE                 0      0       0       0        0.0%


Microchip Technology PIC18 Macro Assembler V2.31 build 20201012212115 
Symbol Table                                                                                   Wed Mar 31 19:52:20 2021

     __size_of_SysTickSetup 0022                          l13 FE08                          l22 FE0A  
                        l16 FE28                          l19 FE62                          l52 FEE4  
                        l81 FE40                          l84 FE84                          l76 FE16  
                        u20 FEF2                          u21 FEEE                         l800 FE7A  
                       l810 FECA                         l802 FEBC                         l820 FEF2  
                       l812 FECE                         l804 FEBE                         l814 FED2  
                       l806 FEC2                         l760 FE18                         l816 FED4  
                       l808 FEC6                         l818 FED8                         l764 FE0C  
                       l766 FE2A                         l794 FE42                         l796 FE64  
                       l798 FE68                         wreg 0004E8                        _LATA 0004BE  
                      _PIR3 0004B1                        _main FEBC                _SysTickSetup FE42  
                      fsr1h 0004E2                        indf2 0004DF                        fsr1l 0004E1  
                      fsr2l 0004D9                        start FFFC        __size_of_SystemSleep 0002  
              ___param_bank 000000                  _ClockSetup FE08             __end_of_TimeXus FE86  
                     ?_main 050F                       _TMR0H 000319                       _TMR0L 000318  
                     _TRISA 0004C6                       tablat 0004F5             TimeXus@u16cycle 050F  
           __initialization FE86                __end_of_main FEFC                      ??_main 0513  
             __activetblptr 000000                      _ANSELA 000400                      _T0CON0 00031A  
                    _T0CON1 00031B          __size_of_GpioSetup 0012                   ??_TimeXus 0511  
               ?_ClockSetup 050F                      clear_0 FEB0                      tblptrh 0004F7  
                    tblptrl 0004F6                      tblptru 0004F8                  _UserAppRun FE2A  
                __accesstop 0560     __end_of__initialization FEB6               ___rparam_used 000001  
          _G_u8UserAppFlags 050E              __pcstackCOMRAM 050F                __pidataBANK6 FEFC  
         __end_of_GpioSetup FE2A         __size_of_ClockSetup 0002                     _DAC1CON 00007F  
               ?_UserAppRun 050F               ??_SystemSleep 050F                     __Hparam 0000  
                   __Lparam 0000                     _TimeXus FE64                     __pcinit FE86  
                   __ramtop 2600                     __ptext0 FEBC                     __ptext1 FE2A  
                   __ptext2 FE0C                     __ptext3 FE64                     __ptext4 FE0A  
                   __ptext5 FE42                     __ptext6 FE18                     __ptext7 FE08  
      end_of_initialization FEB6            _G_u32SystemFlags 0501                     postdec1 0004E5  
                   postinc0 0004EE         __end_of_SystemSleep FE0C                ??_ClockSetup 050F  
       __size_of_UserAppRun 0018          __end_of_ClockSetup FE0A                   _GpioSetup FE18  
       start_initialization FE86               ?_SysTickSetup 050F                 _SystemSleep FE0A  
               __pdataBANK6 0600                  ?_GpioSetup 050F                 __pbssCOMRAM 0501  
         _UserAppInitialize FE0C                ??_UserAppRun 050F          ?_UserAppInitialize 050F  
            ??_SysTickSetup 050F         ??_UserAppInitialize 050F                    ?_TimeXus 050F  
        __end_of_UserAppRun FE42                    _DAC1DATL 00007D   __end_of_UserAppInitialize FE18  
                  _PIR3bits 0004B1                 ??_GpioSetup 050F        _UserApp_au8SineTable 0600  
                 copy_data0 FE9A                    __Hrparam 0000                    __Lrparam 0000  
          __size_of_TimeXus 0022        __end_of_SysTickSetup FE64  __size_of_UserAppInitialize 000C  
             __size_of_main 0040            UserAppRun@u8vect 050D                ?_SystemSleep 050F  
        _G_u32SystemTime1ms 0509           _G_u32SystemTime1s 0505  
