

Microchip MPLAB XC8 Assembler V2.31 build 20201012212115 
                                                                                               Wed Feb 10 22:52:32 2021

Microchip MPLAB XC8 C Compiler v2.31 (Free license) build 20201012212115 Og1 
     1                           	processor	18F27Q43
     2                           	fnconf	rparam,??,?,0
     3                           	pagewidth 120
     4                           	opt	flic
     5                           	psect	cinit,global,reloc=2,class=CODE,delta=1
     6                           	psect	bssCOMRAM,global,class=COMRAM,space=1,delta=1,lowdata,noexec
     7                           	psect	cstackCOMRAM,global,class=COMRAM,space=1,delta=1,lowdata,noexec
     8                           	psect	text0,global,reloc=2,class=CODE,delta=1
     9                           	psect	text1,global,reloc=2,class=CODE,delta=1
    10                           	psect	text2,global,reloc=2,class=CODE,delta=1
    11                           	psect	text3,global,reloc=2,class=CODE,delta=1
    12                           	psect	text4,global,reloc=2,class=CODE,delta=1
    13                           	psect	text5,global,reloc=2,class=CODE,delta=1
    14                           	psect	text6,global,reloc=2,class=CODE,delta=1
    15                           	psect	intsave_regs,global,class=BIGRAM,space=1,delta=1,noexec
    16                           	psect	rparam,global,class=COMRAM,space=1,delta=1,noexec
    17                           	psect	idloc,global,abs,ovrld,class=IDLOC,space=5,delta=1,noexec
    18                           	psect	config,global,abs,ovrld,class=CONFIG,space=4,delta=1,noexec
    19  0000                     
    20                           ; Version 2.30
    21                           ; Generated 20/08/2020 GMT
    22                           ; 
    23                           ; Copyright © 2020, Microchip Technology Inc. and its subsidiaries ("Microchip")
    24                           ; All rights reserved.
    25                           ; 
    26                           ; This software is developed by Microchip Technology Inc. and its subsidiaries ("Microch
      +                          ip").
    27                           ; 
    28                           ; Redistribution and use in source and binary forms, with or without modification, are
    29                           ; permitted provided that the following conditions are met:
    30                           ; 
    31                           ;     1. Redistributions of source code must retain the above copyright notice, this lis
      +                          t of
    32                           ;        conditions and the following disclaimer.
    33                           ; 
    34                           ;     2. Redistributions in binary form must reproduce the above copyright notice, this 
      +                          list
    35                           ;        of conditions and the following disclaimer in the documentation and/or other
    36                           ;        materials provided with the distribution. Publication is not required when
    37                           ;        this file is used in an embedded application.
    38                           ; 
    39                           ;     3. Microchip's name may not be used to endorse or promote products derived from th
      +                          is
    40                           ;        software without specific prior written permission.
    41                           ; 
    42                           ; THIS SOFTWARE IS PROVIDED BY MICROCHIP "AS IS" AND ANY EXPRESS OR IMPLIED WARRANTIES,
    43                           ; INCLUDING, BUT NOT LIMITED TO, THE IMPLIED WARRANTIES OF MERCHANTABILITY AND FITNESS F
      +                          OR
    44                           ; PURPOSE ARE DISCLAIMED.  IN NO EVENT SHALL MICROCHIP BE LIABLE FOR ANY DIRECT, INDIREC
      +                          T,
    45                           ; INCIDENTAL, SPECIAL, EXEMPLARY, OR CONSEQUENTIAL DAMAGES (INCLUDING BUT NOT LIMITED TO
    46                           ; PROCUREMENT OF SUBSTITUTE GOODS OR SERVICES; LOSS OF USE, DATA OR PROFITS; OR BUSINESS
    47                           ; INTERRUPTION) HOWSOEVER CAUSED AND ON ANY THEORY OF LIABILITY, WHETHER IN CONTRACT, ST
      +                          RICT
    48                           ; LIABILITY, OR TORT (INCLUDING NEGLIGENCE OR OTHERWISE) ARISING IN ANY WAY OUT OF THE U
      +                          SE OF
    49                           ; THIS SOFTWARE, EVEN IF ADVISED OF THE POSSIBILITY OF SUCH DAMAGE.
    50                           ; 
    51                           ; 
    52                           ; Code-generator required, PIC18F27Q43 Definitions
    53                           ; 
    54                           ; SFR Addresses
    55  0000                     _ANSELA	set	1024
    56  0000                     _PORTA	set	1230
    57  0000                     _TRISA	set	1222
    58                           
    59                           ; #config settings
    60                           
    61                           	psect	cinit
    62  01FF5C                     __pcinit:
    63                           	callstack 0
    64  01FF5C                     start_initialization:
    65                           	callstack 0
    66  01FF5C                     __initialization:
    67                           	callstack 0
    68                           
    69                           ; Clear objects allocated to COMRAM (13 bytes)
    70  01FF5C  EE01  F101         	lfsr	0,__pbssCOMRAM
    71  01FF60  0E0D               	movlw	13
    72  01FF62                     clear_0:
    73  01FF62  6AEE               	clrf	postinc0,c
    74  01FF64  06E8               	decf	wreg,f,c
    75  01FF66  E1FD               	bnz	clear_0
    76  01FF68                     end_of_initialization:
    77                           	callstack 0
    78  01FF68                     __end_of__initialization:
    79                           	callstack 0
    80  01FF68  0100               	movlb	0
    81  01FF6A  EFC8  F0FF         	goto	_main	;jump to C main() function
    82                           
    83                           	psect	bssCOMRAM
    84  000501                     __pbssCOMRAM:
    85                           	callstack 0
    86  000501                     _G_u32SystemFlags:
    87                           	callstack 0
    88  000501                     	ds	4
    89  000505                     _G_u32SystemTime1s:
    90                           	callstack 0
    91  000505                     	ds	4
    92  000509                     _G_u32SystemTime1ms:
    93                           	callstack 0
    94  000509                     	ds	4
    95  00050D                     _G_u8UserAppFlags:
    96                           	callstack 0
    97  00050D                     	ds	1
    98                           
    99                           	psect	cstackCOMRAM
   100  00050E                     __pcstackCOMRAM:
   101                           	callstack 0
   102  00050E                     ??_UserAppInitialize:
   103  00050E                     
   104                           ; 1 bytes @ 0x0
   105  00050E                     	ds	2
   106  000510                     UserAppInitialize@i:
   107                           	callstack 0
   108                           
   109                           ; 2 bytes @ 0x2
   110  000510                     	ds	2
   111  000512                     
   112                           ; 1 bytes @ 0x4
   113 ;;
   114 ;;Main: autosize = 0, tempsize = 0, incstack = 0, save=0
   115 ;;
   116 ;; *************** function _main *****************
   117 ;; Defined at:
   118 ;;		line 35 in file "main.c"
   119 ;; Parameters:    Size  Location     Type
   120 ;;		None
   121 ;; Auto vars:     Size  Location     Type
   122 ;;		None
   123 ;; Return value:  Size  Location     Type
   124 ;;                  1    wreg      void 
   125 ;; Registers used:
   126 ;;		wreg, status,2, status,0, cstack
   127 ;; Tracked objects:
   128 ;;		On entry : 0/0
   129 ;;		On exit  : 0/0
   130 ;;		Unchanged: 0/0
   131 ;; Data sizes:     COMRAM   BANK5   BANK6   BANK7   BANK8   BANK9  BANK10  BANK11  BANK12  BANK13  BANK14  BANK15  BANK1
      +6  BANK17  BANK18  BANK19  BANK20  BANK21  BANK22  BANK23  BANK24  BANK25  BANK26  BANK27  BANK28  BANK29  BANK30  BANK3
      +1  BANK32  BANK33  BANK34  BANK35  BANK36  BANK37
   132 ;;      Params:         0       0       0       0       0       0       0       0       0       0       0       0       
      +0       0       0       0       0       0       0       0       0       0       0       0       0       0       0       
      +0       0       0       0       0       0       0
   133 ;;      Locals:         0       0       0       0       0       0       0       0       0       0       0       0       
      +0       0       0       0       0       0       0       0       0       0       0       0       0       0       0       
      +0       0       0       0       0       0       0
   134 ;;      Temps:          0       0       0       0       0       0       0       0       0       0       0       0       
      +0       0       0       0       0       0       0       0       0       0       0       0       0       0       0       
      +0       0       0       0       0       0       0
   135 ;;      Totals:         0       0       0       0       0       0       0       0       0       0       0       0       
      +0       0       0       0       0       0       0       0       0       0       0       0       0       0       0       
      +0       0       0       0       0       0       0
   136 ;;Total ram usage:        0 bytes
   137 ;; Hardware stack levels required when called:    1
   138 ;; This function calls:
   139 ;;		_ClockSetup
   140 ;;		_GpioSetup
   141 ;;		_SysTickSetup
   142 ;;		_SystemSleep
   143 ;;		_UserAppInitialize
   144 ;;		_UserAppRun
   145 ;; This function is called by:
   146 ;;		Startup code after reset
   147 ;; This function uses a non-reentrant model
   148 ;;
   149                           
   150                           	psect	text0
   151  01FF90                     __ptext0:
   152                           	callstack 0
   153  01FF90                     _main:
   154                           	callstack 127
   155  01FF90                     
   156                           ;main.c: 37:   G_u32SystemFlags |= (u32)0x80000000;
   157  01FF90  8E04               	bsf	(_G_u32SystemFlags+3)^(0+1280),7,c	;volatile
   158  01FF92                     
   159                           ;main.c: 40:   ClockSetup();
   160  01FF92  ECA3  F0FF         	call	_ClockSetup	;wreg free
   161  01FF96                     
   162                           ;main.c: 41:   SysTickSetup();
   163  01FF96  ECB7  F0FF         	call	_SysTickSetup	;wreg free
   164  01FF9A                     
   165                           ;main.c: 42:   GpioSetup();
   166  01FF9A  ECA6  F0FF         	call	_GpioSetup	;wreg free
   167  01FF9E                     
   168                           ;main.c: 47:   UserAppInitialize();
   169  01FF9E  ECD9  F0FF         	call	_UserAppInitialize	;wreg free
   170  01FFA2                     l782:
   171                           
   172                           ;main.c: 53:   {;main.c: 57:     UserAppRun();
   173  01FFA2  ECA5  F0FF         	call	_UserAppRun	;wreg free
   174  01FFA6                     
   175                           ;main.c: 62:     SystemSleep();
   176  01FFA6  ECA4  F0FF         	call	_SystemSleep	;wreg free
   177  01FFAA  EFD1  F0FF         	goto	l782
   178  01FFAE  EFFE  F0FF         	goto	start
   179  01FFB2                     __end_of_main:
   180                           	callstack 0
   181                           
   182 ;; *************** function _UserAppRun *****************
   183 ;; Defined at:
   184 ;;		line 108 in file "user_app.c"
   185 ;; Parameters:    Size  Location     Type
   186 ;;		None
   187 ;; Auto vars:     Size  Location     Type
   188 ;;		None
   189 ;; Return value:  Size  Location     Type
   190 ;;                  1    wreg      void 
   191 ;; Registers used:
   192 ;;		None
   193 ;; Tracked objects:
   194 ;;		On entry : 0/0
   195 ;;		On exit  : 0/0
   196 ;;		Unchanged: 0/0
   197 ;; Data sizes:     COMRAM   BANK5   BANK6   BANK7   BANK8   BANK9  BANK10  BANK11  BANK12  BANK13  BANK14  BANK15  BANK1
      +6  BANK17  BANK18  BANK19  BANK20  BANK21  BANK22  BANK23  BANK24  BANK25  BANK26  BANK27  BANK28  BANK29  BANK30  BANK3
      +1  BANK32  BANK33  BANK34  BANK35  BANK36  BANK37
   198 ;;      Params:         0       0       0       0       0       0       0       0       0       0       0       0       
      +0       0       0       0       0       0       0       0       0       0       0       0       0       0       0       
      +0       0       0       0       0       0       0
   199 ;;      Locals:         0       0       0       0       0       0       0       0       0       0       0       0       
      +0       0       0       0       0       0       0       0       0       0       0       0       0       0       0       
      +0       0       0       0       0       0       0
   200 ;;      Temps:          0       0       0       0       0       0       0       0       0       0       0       0       
      +0       0       0       0       0       0       0       0       0       0       0       0       0       0       0       
      +0       0       0       0       0       0       0
   201 ;;      Totals:         0       0       0       0       0       0       0       0       0       0       0       0       
      +0       0       0       0       0       0       0       0       0       0       0       0       0       0       0       
      +0       0       0       0       0       0       0
   202 ;;Total ram usage:        0 bytes
   203 ;; Hardware stack levels used:    1
   204 ;; This function calls:
   205 ;;		Nothing
   206 ;; This function is called by:
   207 ;;		_main
   208 ;; This function uses a non-reentrant model
   209 ;;
   210                           
   211                           	psect	text1
   212  01FF4A                     __ptext1:
   213                           	callstack 0
   214  01FF4A                     _UserAppRun:
   215                           	callstack 127
   216  01FF4A  0012               	return		;funcret
   217  01FF4C                     __end_of_UserAppRun:
   218                           	callstack 0
   219                           
   220 ;; *************** function _UserAppInitialize *****************
   221 ;; Defined at:
   222 ;;		line 79 in file "user_app.c"
   223 ;; Parameters:    Size  Location     Type
   224 ;;		None
   225 ;; Auto vars:     Size  Location     Type
   226 ;;  i               2    2[COMRAM] int 
   227 ;; Return value:  Size  Location     Type
   228 ;;                  1    wreg      void 
   229 ;; Registers used:
   230 ;;		wreg, status,2, status,0
   231 ;; Tracked objects:
   232 ;;		On entry : 0/0
   233 ;;		On exit  : 0/0
   234 ;;		Unchanged: 0/0
   235 ;; Data sizes:     COMRAM   BANK5   BANK6   BANK7   BANK8   BANK9  BANK10  BANK11  BANK12  BANK13  BANK14  BANK15  BANK1
      +6  BANK17  BANK18  BANK19  BANK20  BANK21  BANK22  BANK23  BANK24  BANK25  BANK26  BANK27  BANK28  BANK29  BANK30  BANK3
      +1  BANK32  BANK33  BANK34  BANK35  BANK36  BANK37
   236 ;;      Params:         0       0       0       0       0       0       0       0       0       0       0       0       
      +0       0       0       0       0       0       0       0       0       0       0       0       0       0       0       
      +0       0       0       0       0       0       0
   237 ;;      Locals:         2       0       0       0       0       0       0       0       0       0       0       0       
      +0       0       0       0       0       0       0       0       0       0       0       0       0       0       0       
      +0       0       0       0       0       0       0
   238 ;;      Temps:          2       0       0       0       0       0       0       0       0       0       0       0       
      +0       0       0       0       0       0       0       0       0       0       0       0       0       0       0       
      +0       0       0       0       0       0       0
   239 ;;      Totals:         4       0       0       0       0       0       0       0       0       0       0       0       
      +0       0       0       0       0       0       0       0       0       0       0       0       0       0       0       
      +0       0       0       0       0       0       0
   240 ;;Total ram usage:        4 bytes
   241 ;; Hardware stack levels used:    1
   242 ;; This function calls:
   243 ;;		Nothing
   244 ;; This function is called by:
   245 ;;		_main
   246 ;; This function uses a non-reentrant model
   247 ;;
   248                           
   249                           	psect	text2
   250  01FFB2                     __ptext2:
   251                           	callstack 0
   252  01FFB2                     _UserAppInitialize:
   253                           	callstack 127
   254  01FFB2                     
   255                           ;user_app.c: 81:     int i=1;
   256  01FFB2  0E00               	movlw	0
   257  01FFB4  6E11               	movwf	(UserAppInitialize@i+1)^(0+1280),c
   258  01FFB6  0E01               	movlw	1
   259  01FFB8  6E10               	movwf	UserAppInitialize@i^(0+1280),c
   260  01FFBA                     l746:
   261                           
   262                           ;user_app.c: 83:     {;user_app.c: 84:         PORTA = 0x80 + i;
   263  01FFBA  5010               	movf	UserAppInitialize@i^(0+1280),w,c
   264  01FFBC  0F80               	addlw	128
   265  01FFBE  6ECE               	movwf	206,c	;volatile
   266  01FFC0                     
   267                           ;user_app.c: 85:         if(i==63)
   268  01FFC0  0E3F               	movlw	63
   269  01FFC2  1810               	xorwf	UserAppInitialize@i^(0+1280),w,c
   270  01FFC4  1011               	iorwf	(UserAppInitialize@i+1)^(0+1280),w,c
   271  01FFC6  A4D8               	btfss	status,2,c
   272  01FFC8  EFE8  F0FF         	goto	u11
   273  01FFCC  EFEA  F0FF         	goto	u10
   274  01FFD0                     u11:
   275  01FFD0  EFEE  F0FF         	goto	l752
   276  01FFD4                     u10:
   277  01FFD4                     
   278                           ;user_app.c: 86:         {;user_app.c: 87:             i=0;
   279  01FFD4  0E00               	movlw	0
   280  01FFD6  6E11               	movwf	(UserAppInitialize@i+1)^(0+1280),c
   281  01FFD8  0E00               	movlw	0
   282  01FFDA  6E10               	movwf	UserAppInitialize@i^(0+1280),c
   283  01FFDC                     l752:
   284                           
   285                           ;user_app.c: 89:         _delay((unsigned long)((250)*((16000000)/4000.0)));
   286  01FFDC  0E06               	movlw	6
   287  01FFDE  6E0F               	movwf	(??_UserAppInitialize+1)^(0+1280),c
   288  01FFE0  0E13               	movlw	19
   289  01FFE2  6E0E               	movwf	??_UserAppInitialize^(0+1280),c
   290  01FFE4  0EAE               	movlw	174
   291  01FFE6                     u27:
   292  01FFE6  2EE8               	decfsz	wreg,f,c
   293  01FFE8  D7FE               	bra	u27
   294  01FFEA  2E0E               	decfsz	??_UserAppInitialize^(0+1280),f,c
   295  01FFEC  D7FC               	bra	u27
   296  01FFEE  2E0F               	decfsz	(??_UserAppInitialize+1)^(0+1280),f,c
   297  01FFF0  D7FA               	bra	u27
   298  01FFF2                     
   299                           ;user_app.c: 90:         i++;
   300  01FFF2  4A10               	infsnz	UserAppInitialize@i^(0+1280),f,c
   301  01FFF4  2A11               	incf	(UserAppInitialize@i+1)^(0+1280),f,c
   302  01FFF6  EFDD  F0FF         	goto	l746
   303  01FFFA  0012               	return		;funcret
   304  01FFFC                     __end_of_UserAppInitialize:
   305                           	callstack 0
   306                           
   307 ;; *************** function _SystemSleep *****************
   308 ;; Defined at:
   309 ;;		line 132 in file "encm369_pic18.c"
   310 ;; Parameters:    Size  Location     Type
   311 ;;		None
   312 ;; Auto vars:     Size  Location     Type
   313 ;;		None
   314 ;; Return value:  Size  Location     Type
   315 ;;                  1    wreg      void 
   316 ;; Registers used:
   317 ;;		None
   318 ;; Tracked objects:
   319 ;;		On entry : 0/0
   320 ;;		On exit  : 0/0
   321 ;;		Unchanged: 0/0
   322 ;; Data sizes:     COMRAM   BANK5   BANK6   BANK7   BANK8   BANK9  BANK10  BANK11  BANK12  BANK13  BANK14  BANK15  BANK1
      +6  BANK17  BANK18  BANK19  BANK20  BANK21  BANK22  BANK23  BANK24  BANK25  BANK26  BANK27  BANK28  BANK29  BANK30  BANK3
      +1  BANK32  BANK33  BANK34  BANK35  BANK36  BANK37
   323 ;;      Params:         0       0       0       0       0       0       0       0       0       0       0       0       
      +0       0       0       0       0       0       0       0       0       0       0       0       0       0       0       
      +0       0       0       0       0       0       0
   324 ;;      Locals:         0       0       0       0       0       0       0       0       0       0       0       0       
      +0       0       0       0       0       0       0       0       0       0       0       0       0       0       0       
      +0       0       0       0       0       0       0
   325 ;;      Temps:          0       0       0       0       0       0       0       0       0       0       0       0       
      +0       0       0       0       0       0       0       0       0       0       0       0       0       0       0       
      +0       0       0       0       0       0       0
   326 ;;      Totals:         0       0       0       0       0       0       0       0       0       0       0       0       
      +0       0       0       0       0       0       0       0       0       0       0       0       0       0       0       
      +0       0       0       0       0       0       0
   327 ;;Total ram usage:        0 bytes
   328 ;; Hardware stack levels used:    1
   329 ;; This function calls:
   330 ;;		Nothing
   331 ;; This function is called by:
   332 ;;		_main
   333 ;; This function uses a non-reentrant model
   334 ;;
   335                           
   336                           	psect	text3
   337  01FF48                     __ptext3:
   338                           	callstack 0
   339  01FF48                     _SystemSleep:
   340                           	callstack 127
   341  01FF48  0012               	return		;funcret
   342  01FF4A                     __end_of_SystemSleep:
   343                           	callstack 0
   344                           
   345 ;; *************** function _SysTickSetup *****************
   346 ;; Defined at:
   347 ;;		line 110 in file "encm369_pic18.c"
   348 ;; Parameters:    Size  Location     Type
   349 ;;		None
   350 ;; Auto vars:     Size  Location     Type
   351 ;;		None
   352 ;; Return value:  Size  Location     Type
   353 ;;                  1    wreg      void 
   354 ;; Registers used:
   355 ;;		wreg, status,2
   356 ;; Tracked objects:
   357 ;;		On entry : 0/0
   358 ;;		On exit  : 0/0
   359 ;;		Unchanged: 0/0
   360 ;; Data sizes:     COMRAM   BANK5   BANK6   BANK7   BANK8   BANK9  BANK10  BANK11  BANK12  BANK13  BANK14  BANK15  BANK1
      +6  BANK17  BANK18  BANK19  BANK20  BANK21  BANK22  BANK23  BANK24  BANK25  BANK26  BANK27  BANK28  BANK29  BANK30  BANK3
      +1  BANK32  BANK33  BANK34  BANK35  BANK36  BANK37
   361 ;;      Params:         0       0       0       0       0       0       0       0       0       0       0       0       
      +0       0       0       0       0       0       0       0       0       0       0       0       0       0       0       
      +0       0       0       0       0       0       0
   362 ;;      Locals:         0       0       0       0       0       0       0       0       0       0       0       0       
      +0       0       0       0       0       0       0       0       0       0       0       0       0       0       0       
      +0       0       0       0       0       0       0
   363 ;;      Temps:          0       0       0       0       0       0       0       0       0       0       0       0       
      +0       0       0       0       0       0       0       0       0       0       0       0       0       0       0       
      +0       0       0       0       0       0       0
   364 ;;      Totals:         0       0       0       0       0       0       0       0       0       0       0       0       
      +0       0       0       0       0       0       0       0       0       0       0       0       0       0       0       
      +0       0       0       0       0       0       0
   365 ;;Total ram usage:        0 bytes
   366 ;; Hardware stack levels used:    1
   367 ;; This function calls:
   368 ;;		Nothing
   369 ;; This function is called by:
   370 ;;		_main
   371 ;; This function uses a non-reentrant model
   372 ;;
   373                           
   374                           	psect	text4
   375  01FF6E                     __ptext4:
   376                           	callstack 0
   377  01FF6E                     _SysTickSetup:
   378                           	callstack 127
   379  01FF6E                     
   380                           ;encm369_pic18.c: 112:   G_u32SystemTime1ms = 0;
   381  01FF6E  0E00               	movlw	0
   382  01FF70  6E09               	movwf	_G_u32SystemTime1ms^(0+1280),c	;volatile
   383  01FF72  0E00               	movlw	0
   384  01FF74  6E0A               	movwf	(_G_u32SystemTime1ms+1)^(0+1280),c	;volatile
   385  01FF76  0E00               	movlw	0
   386  01FF78  6E0B               	movwf	(_G_u32SystemTime1ms+2)^(0+1280),c	;volatile
   387  01FF7A  0E00               	movlw	0
   388  01FF7C  6E0C               	movwf	(_G_u32SystemTime1ms+3)^(0+1280),c	;volatile
   389                           
   390                           ;encm369_pic18.c: 113:   G_u32SystemTime1s = 0;
   391  01FF7E  0E00               	movlw	0
   392  01FF80  6E05               	movwf	_G_u32SystemTime1s^(0+1280),c	;volatile
   393  01FF82  0E00               	movlw	0
   394  01FF84  6E06               	movwf	(_G_u32SystemTime1s+1)^(0+1280),c	;volatile
   395  01FF86  0E00               	movlw	0
   396  01FF88  6E07               	movwf	(_G_u32SystemTime1s+2)^(0+1280),c	;volatile
   397  01FF8A  0E00               	movlw	0
   398  01FF8C  6E08               	movwf	(_G_u32SystemTime1s+3)^(0+1280),c	;volatile
   399  01FF8E  0012               	return		;funcret
   400  01FF90                     __end_of_SysTickSetup:
   401                           	callstack 0
   402                           
   403 ;; *************** function _GpioSetup *****************
   404 ;; Defined at:
   405 ;;		line 89 in file "encm369_pic18.c"
   406 ;; Parameters:    Size  Location     Type
   407 ;;		None
   408 ;; Auto vars:     Size  Location     Type
   409 ;;		None
   410 ;; Return value:  Size  Location     Type
   411 ;;                  1    wreg      void 
   412 ;; Registers used:
   413 ;;		wreg, status,2
   414 ;; Tracked objects:
   415 ;;		On entry : 0/0
   416 ;;		On exit  : 0/0
   417 ;;		Unchanged: 0/0
   418 ;; Data sizes:     COMRAM   BANK5   BANK6   BANK7   BANK8   BANK9  BANK10  BANK11  BANK12  BANK13  BANK14  BANK15  BANK1
      +6  BANK17  BANK18  BANK19  BANK20  BANK21  BANK22  BANK23  BANK24  BANK25  BANK26  BANK27  BANK28  BANK29  BANK30  BANK3
      +1  BANK32  BANK33  BANK34  BANK35  BANK36  BANK37
   419 ;;      Params:         0       0       0       0       0       0       0       0       0       0       0       0       
      +0       0       0       0       0       0       0       0       0       0       0       0       0       0       0       
      +0       0       0       0       0       0       0
   420 ;;      Locals:         0       0       0       0       0       0       0       0       0       0       0       0       
      +0       0       0       0       0       0       0       0       0       0       0       0       0       0       0       
      +0       0       0       0       0       0       0
   421 ;;      Temps:          0       0       0       0       0       0       0       0       0       0       0       0       
      +0       0       0       0       0       0       0       0       0       0       0       0       0       0       0       
      +0       0       0       0       0       0       0
   422 ;;      Totals:         0       0       0       0       0       0       0       0       0       0       0       0       
      +0       0       0       0       0       0       0       0       0       0       0       0       0       0       0       
      +0       0       0       0       0       0       0
   423 ;;Total ram usage:        0 bytes
   424 ;; Hardware stack levels used:    1
   425 ;; This function calls:
   426 ;;		Nothing
   427 ;; This function is called by:
   428 ;;		_main
   429 ;; This function uses a non-reentrant model
   430 ;;
   431                           
   432                           	psect	text5
   433  01FF4C                     __ptext5:
   434                           	callstack 0
   435  01FF4C                     _GpioSetup:
   436                           	callstack 127
   437  01FF4C                     
   438                           ;encm369_pic18.c: 91:     TRISA = 0x40;
   439  01FF4C  0E40               	movlw	64
   440  01FF4E  6EC6               	movwf	198,c	;volatile
   441                           
   442                           ;encm369_pic18.c: 92:     ANSELA = 0x00;
   443  01FF50  0E00               	movlw	0
   444  01FF52  0104               	movlb	4	; () banked
   445  01FF54  6F00               	movwf	0,b	;volatile
   446                           
   447                           ;encm369_pic18.c: 93:     PORTA = 0x80;
   448  01FF56  0E80               	movlw	128
   449  01FF58  6ECE               	movwf	206,c	;volatile
   450  01FF5A                     
   451                           ; BSR set to: 4
   452  01FF5A  0012               	return		;funcret
   453  01FF5C                     __end_of_GpioSetup:
   454                           	callstack 0
   455                           
   456 ;; *************** function _ClockSetup *****************
   457 ;; Defined at:
   458 ;;		line 70 in file "encm369_pic18.c"
   459 ;; Parameters:    Size  Location     Type
   460 ;;		None
   461 ;; Auto vars:     Size  Location     Type
   462 ;;		None
   463 ;; Return value:  Size  Location     Type
   464 ;;                  1    wreg      void 
   465 ;; Registers used:
   466 ;;		None
   467 ;; Tracked objects:
   468 ;;		On entry : 0/0
   469 ;;		On exit  : 0/0
   470 ;;		Unchanged: 0/0
   471 ;; Data sizes:     COMRAM   BANK5   BANK6   BANK7   BANK8   BANK9  BANK10  BANK11  BANK12  BANK13  BANK14  BANK15  BANK1
      +6  BANK17  BANK18  BANK19  BANK20  BANK21  BANK22  BANK23  BANK24  BANK25  BANK26  BANK27  BANK28  BANK29  BANK30  BANK3
      +1  BANK32  BANK33  BANK34  BANK35  BANK36  BANK37
   472 ;;      Params:         0       0       0       0       0       0       0       0       0       0       0       0       
      +0       0       0       0       0       0       0       0       0       0       0       0       0       0       0       
      +0       0       0       0       0       0       0
   473 ;;      Locals:         0       0       0       0       0       0       0       0       0       0       0       0       
      +0       0       0       0       0       0       0       0       0       0       0       0       0       0       0       
      +0       0       0       0       0       0       0
   474 ;;      Temps:          0       0       0       0       0       0       0       0       0       0       0       0       
      +0       0       0       0       0       0       0       0       0       0       0       0       0       0       0       
      +0       0       0       0       0       0       0
   475 ;;      Totals:         0       0       0       0       0       0       0       0       0       0       0       0       
      +0       0       0       0       0       0       0       0       0       0       0       0       0       0       0       
      +0       0       0       0       0       0       0
   476 ;;Total ram usage:        0 bytes
   477 ;; Hardware stack levels used:    1
   478 ;; This function calls:
   479 ;;		Nothing
   480 ;; This function is called by:
   481 ;;		_main
   482 ;; This function uses a non-reentrant model
   483 ;;
   484                           
   485                           	psect	text6
   486  01FF46                     __ptext6:
   487                           	callstack 0
   488  01FF46                     _ClockSetup:
   489                           	callstack 127
   490  01FF46  0012               	return		;funcret
   491  01FF48                     __end_of_ClockSetup:
   492                           	callstack 0
   493  0000                     
   494                           	psect	rparam
   495  0000                     
   496                           	psect	idloc
   497                           
   498                           ;Config register IDLOC0 @ 0x200000
   499                           ;	unspecified, using default values
   500  200000                     	org	2097152
   501  200000  0FFF               	dw	4095
   502                           
   503                           ;Config register IDLOC1 @ 0x200002
   504                           ;	unspecified, using default values
   505  200002                     	org	2097154
   506  200002  0FFF               	dw	4095
   507                           
   508                           ;Config register IDLOC2 @ 0x200004
   509                           ;	unspecified, using default values
   510  200004                     	org	2097156
   511  200004  0FFF               	dw	4095
   512                           
   513                           ;Config register IDLOC3 @ 0x200006
   514                           ;	unspecified, using default values
   515  200006                     	org	2097158
   516  200006  0FFF               	dw	4095
   517                           
   518                           ;Config register IDLOC4 @ 0x200008
   519                           ;	unspecified, using default values
   520  200008                     	org	2097160
   521  200008  0FFF               	dw	4095
   522                           
   523                           ;Config register IDLOC5 @ 0x20000A
   524                           ;	unspecified, using default values
   525  20000A                     	org	2097162
   526  20000A  0FFF               	dw	4095
   527                           
   528                           ;Config register IDLOC6 @ 0x20000C
   529                           ;	unspecified, using default values
   530  20000C                     	org	2097164
   531  20000C  0FFF               	dw	4095
   532                           
   533                           ;Config register IDLOC7 @ 0x20000E
   534                           ;	unspecified, using default values
   535  20000E                     	org	2097166
   536  20000E  0FFF               	dw	4095
   537                           
   538                           ;Config register IDLOC8 @ 0x200010
   539                           ;	unspecified, using default values
   540  200010                     	org	2097168
   541  200010  0FFF               	dw	4095
   542                           
   543                           ;Config register IDLOC9 @ 0x200012
   544                           ;	unspecified, using default values
   545  200012                     	org	2097170
   546  200012  0FFF               	dw	4095
   547                           
   548                           ;Config register IDLOC10 @ 0x200014
   549                           ;	unspecified, using default values
   550  200014                     	org	2097172
   551  200014  0FFF               	dw	4095
   552                           
   553                           ;Config register IDLOC11 @ 0x200016
   554                           ;	unspecified, using default values
   555  200016                     	org	2097174
   556  200016  0FFF               	dw	4095
   557                           
   558                           ;Config register IDLOC12 @ 0x200018
   559                           ;	unspecified, using default values
   560  200018                     	org	2097176
   561  200018  0FFF               	dw	4095
   562                           
   563                           ;Config register IDLOC13 @ 0x20001A
   564                           ;	unspecified, using default values
   565  20001A                     	org	2097178
   566  20001A  0FFF               	dw	4095
   567                           
   568                           ;Config register IDLOC14 @ 0x20001C
   569                           ;	unspecified, using default values
   570  20001C                     	org	2097180
   571  20001C  0FFF               	dw	4095
   572                           
   573                           ;Config register IDLOC15 @ 0x20001E
   574                           ;	unspecified, using default values
   575  20001E                     	org	2097182
   576  20001E  0FFF               	dw	4095
   577                           
   578                           	psect	config
   579                           
   580                           ;Config register CONFIG1 @ 0x300000
   581                           ;	External Oscillator Selection
   582                           ;	FEXTOSC = OFF, Oscillator not enabled
   583                           ;	Reset Oscillator Selection
   584                           ;	RSTOSC = HFINTOSC_64MHZ, HFINTOSC with HFFRQ = 64 MHz and CDIV = 1:1
   585  300000                     	org	3145728
   586  300000  8C                 	db	140
   587                           
   588                           ;Config register CONFIG2 @ 0x300001
   589                           ;	Clock out Enable bit
   590                           ;	CLKOUTEN = ON, CLKOUT function is enabled
   591                           ;	PRLOCKED One-Way Set Enable bit
   592                           ;	PR1WAY = ON, PRLOCKED bit can be cleared and set only once
   593                           ;	Clock Switch Enable bit
   594                           ;	CSWEN = ON, Writing to NOSC and NDIV is allowed
   595                           ;	Fail-Safe Clock Monitor Enable bit
   596                           ;	FCMEN = ON, Fail-Safe Clock Monitor enabled
   597  300001                     	org	3145729
   598  300001  FE                 	db	254
   599                           
   600                           ;Config register CONFIG3 @ 0x300002
   601                           ;	MCLR Enable bit
   602                           ;	MCLRE = EXTMCLR, If LVP = 0, MCLR pin is MCLR; If LVP = 1, RE3 pin function is MCLR
   603                           ;	Power-up timer selection bits
   604                           ;	PWRTS = PWRT_OFF, PWRT is disabled
   605                           ;	Multi-vector enable bit
   606                           ;	MVECEN = ON, Multi-vector enabled, Vector table used for interrupts
   607                           ;	IVTLOCK bit One-way set enable bit
   608                           ;	IVT1WAY = ON, IVTLOCKED bit can be cleared and set only once
   609                           ;	Low Power BOR Enable bit
   610                           ;	LPBOREN = OFF, Low-Power BOR disabled
   611                           ;	Brown-out Reset Enable bits
   612                           ;	BOREN = SBORDIS, Brown-out Reset enabled , SBOREN bit is ignored
   613  300002                     	org	3145730
   614  300002  FF                 	db	255
   615                           
   616                           ;Config register CONFIG4 @ 0x300003
   617                           ;	Brown-out Reset Voltage Selection bits
   618                           ;	BORV = VBOR_2P85, Brown-out Reset Voltage (VBOR) set to 2.8V
   619                           ;	ZCD Disable bit
   620                           ;	ZCD = OFF, ZCD module is disabled. ZCD can be enabled by setting the ZCDSEN bit of ZCD
      +                          CON
   621                           ;	PPSLOCK bit One-Way Set Enable bit
   622                           ;	PPS1WAY = ON, PPSLOCKED bit can be cleared and set only once; PPS registers remain loc
      +                          ked after one clear/set cycle
   623                           ;	Stack Full/Underflow Reset Enable bit
   624                           ;	STVREN = ON, Stack full/underflow will cause Reset
   625                           ;	Low Voltage Programming Enable bit
   626                           ;	LVP = ON, Low voltage programming enabled. MCLR/VPP pin function is MCLR. MCLRE config
      +                          uration bit is ignored
   627                           ;	Extended Instruction Set Enable bit
   628                           ;	XINST = OFF, Extended Instruction Set and Indexed Addressing Mode disabled
   629  300003                     	org	3145731
   630  300003  FC                 	db	252
   631                           
   632                           ;Config register CONFIG5 @ 0x300004
   633                           ;	WDT Period selection bits
   634                           ;	WDTCPS = WDTCPS_31, Divider ratio 1:65536; software control of WDTPS
   635                           ;	WDT operating mode
   636                           ;	WDTE = OFF, WDT Disabled; SWDTEN is ignored
   637  300004                     	org	3145732
   638  300004  9F                 	db	159
   639                           
   640                           ;Config register CONFIG6 @ 0x300005
   641                           ;	WDT Window Select bits
   642                           ;	WDTCWS = WDTCWS_7, window always open (100%); software control; keyed access not requi
      +                          red
   643                           ;	WDT input clock selector
   644                           ;	WDTCCS = SC, Software Control
   645  300005                     	org	3145733
   646  300005  FF                 	db	255
   647                           
   648                           ;Config register CONFIG7 @ 0x300006
   649                           ;	Boot Block Size selection bits
   650                           ;	BBSIZE = BBSIZE_512, Boot Block size is 512 words
   651                           ;	Boot Block enable bit
   652                           ;	BBEN = OFF, Boot block disabled
   653                           ;	Storage Area Flash enable bit
   654                           ;	SAFEN = OFF, SAF disabled
   655                           ;	Background Debugger
   656                           ;	DEBUG = OFF, Background Debugger disabled
   657  300006                     	org	3145734
   658  300006  FF                 	db	255
   659                           
   660                           ;Config register CONFIG8 @ 0x300007
   661                           ;	Boot Block Write Protection bit
   662                           ;	WRTB = OFF, Boot Block not Write protected
   663                           ;	Configuration Register Write Protection bit
   664                           ;	WRTC = OFF, Configuration registers not Write protected
   665                           ;	Data EEPROM Write Protection bit
   666                           ;	WRTD = OFF, Data EEPROM not Write protected
   667                           ;	SAF Write protection bit
   668                           ;	WRTSAF = OFF, SAF not Write Protected
   669                           ;	Application Block write protection bit
   670                           ;	WRTAPP = OFF, Application Block not write protected
   671  300007                     	org	3145735
   672  300007  FF                 	db	255
   673                           
   674                           ; Padding undefined space
   675  300008                     	org	3145736
   676  300008  FF                 	db	255
   677                           
   678                           ;Config register CONFIG10 @ 0x300009
   679                           ;	PFM and Data EEPROM Code Protection bit
   680                           ;	CP = OFF, PFM and Data EEPROM code protection disabled
   681  300009                     	org	3145737
   682  300009  FF                 	db	255
   683                           tosu	equ	0x4FF
   684                           tosh	equ	0x4FE
   685                           tosl	equ	0x4FD
   686                           stkptr	equ	0x4FC
   687                           pclatu	equ	0x4FB
   688                           pclath	equ	0x4FA
   689                           pcl	equ	0x4F9
   690                           tblptru	equ	0x4F8
   691                           tblptrh	equ	0x4F7
   692                           tblptrl	equ	0x4F6
   693                           tablat	equ	0x4F5
   694                           prodh	equ	0x4F4
   695                           prodl	equ	0x4F3
   696                           indf0	equ	0x4EF
   697                           postinc0	equ	0x4EE
   698                           postdec0	equ	0x4ED
   699                           preinc0	equ	0x4EC
   700                           plusw0	equ	0x4EB
   701                           fsr0h	equ	0x4EA
   702                           fsr0l	equ	0x4E9
   703                           wreg	equ	0x4E8
   704                           indf1	equ	0x4E7
   705                           postinc1	equ	0x4E6
   706                           postdec1	equ	0x4E5
   707                           preinc1	equ	0x4E4
   708                           plusw1	equ	0x4E3
   709                           fsr1h	equ	0x4E2
   710                           fsr1l	equ	0x4E1
   711                           bsr	equ	0x4E0
   712                           indf2	equ	0x4DF
   713                           postinc2	equ	0x4DE
   714                           postdec2	equ	0x4DD
   715                           preinc2	equ	0x4DC
   716                           plusw2	equ	0x4DB
   717                           fsr2h	equ	0x4DA
   718                           fsr2l	equ	0x4D9
   719                           status	equ	0x4D8

Data Sizes:
    Strings     0
    Constant    0
    Data        0
    BSS         13
    Persistent  0
    Stack       0

Auto Spaces:
    Space          Size  Autos    Used
    COMRAM           95      4      17
    BANK5           160      0       0
    BANK6           256      0       0
    BANK7           256      0       0
    BANK8           256      0       0
    BANK9           256      0       0
    BANK10          256      0       0
    BANK11          256      0       0
    BANK12          256      0       0
    BANK13          256      0       0
    BANK14          256      0       0
    BANK15          256      0       0
    BANK16          256      0       0
    BANK17          256      0       0
    BANK18          256      0       0
    BANK19          256      0       0
    BANK20          256      0       0
    BANK21          256      0       0
    BANK22          256      0       0
    BANK23          256      0       0
    BANK24          256      0       0
    BANK25          256      0       0
    BANK26          256      0       0
    BANK27          256      0       0
    BANK28          256      0       0
    BANK29          256      0       0
    BANK30          256      0       0
    BANK31          256      0       0
    BANK32          256      0       0
    BANK33          256      0       0
    BANK34          256      0       0
    BANK35          256      0       0
    BANK36          256      0       0
    BANK37          256      0       0

Pointer List with Targets:

    None.

Critical Paths under _main in COMRAM

    _main->_UserAppInitialize

Critical Paths under _main in BANK5

    None.

Critical Paths under _main in BANK6

    None.

Critical Paths under _main in BANK7

    None.

Critical Paths under _main in BANK8

    None.

Critical Paths under _main in BANK9

    None.

Critical Paths under _main in BANK10

    None.

Critical Paths under _main in BANK11

    None.

Critical Paths under _main in BANK12

    None.

Critical Paths under _main in BANK13

    None.

Critical Paths under _main in BANK14

    None.

Critical Paths under _main in BANK15

    None.

Critical Paths under _main in BANK16

    None.

Critical Paths under _main in BANK17

    None.

Critical Paths under _main in BANK18

    None.

Critical Paths under _main in BANK19

    None.

Critical Paths under _main in BANK20

    None.

Critical Paths under _main in BANK21

    None.

Critical Paths under _main in BANK22

    None.

Critical Paths under _main in BANK23

    None.

Critical Paths under _main in BANK24

    None.

Critical Paths under _main in BANK25

    None.

Critical Paths under _main in BANK26

    None.

Critical Paths under _main in BANK27

    None.

Critical Paths under _main in BANK28

    None.

Critical Paths under _main in BANK29

    None.

Critical Paths under _main in BANK30

    None.

Critical Paths under _main in BANK31

    None.

Critical Paths under _main in BANK32

    None.

Critical Paths under _main in BANK33

    None.

Critical Paths under _main in BANK34

    None.

Critical Paths under _main in BANK35

    None.

Critical Paths under _main in BANK36

    None.

Critical Paths under _main in BANK37

    None.

Call Graph Tables:

 ---------------------------------------------------------------------------------
 (Depth) Function   	        Calls       Base Space   Used Autos Params    Refs
 ---------------------------------------------------------------------------------
 (0) _main                                                 0     0      0      30
                         _ClockSetup
                          _GpioSetup
                       _SysTickSetup
                        _SystemSleep
                  _UserAppInitialize
                         _UserAppRun
 ---------------------------------------------------------------------------------
 (1) _UserAppRun                                           0     0      0       0
 ---------------------------------------------------------------------------------
 (1) _UserAppInitialize                                    4     4      0      30
                                              0 COMRAM     4     4      0
 ---------------------------------------------------------------------------------
 (1) _SystemSleep                                          0     0      0       0
 ---------------------------------------------------------------------------------
 (1) _SysTickSetup                                         0     0      0       0
 ---------------------------------------------------------------------------------
 (1) _GpioSetup                                            0     0      0       0
 ---------------------------------------------------------------------------------
 (1) _ClockSetup                                           0     0      0       0
 ---------------------------------------------------------------------------------
 Estimated maximum stack depth 1
 ---------------------------------------------------------------------------------

 Call Graph Graphs:

 _main (ROOT)
   _ClockSetup
   _GpioSetup
   _SysTickSetup
   _SystemSleep
   _UserAppInitialize
   _UserAppRun

 Address spaces:
Name               Size   Autos  Total    Cost      Usage
BIGRAM            20FF      0       0      71        0.0%
EEDATA             400      0       0       0        0.0%
BITBANK37          100      0       0      70        0.0%
BANK37             100      0       0      68        0.0%
BITBANK36          100      0       0      66        0.0%
BANK36             100      0       0      67        0.0%
BITBANK35          100      0       0      64        0.0%
BANK35             100      0       0      65        0.0%
BITBANK34          100      0       0      62        0.0%
BANK34             100      0       0      63        0.0%
BITBANK33          100      0       0      60        0.0%
BANK33             100      0       0      61        0.0%
BITBANK32          100      0       0      58        0.0%
BANK32             100      0       0      59        0.0%
BITBANK31          100      0       0      56        0.0%
BANK31             100      0       0      57        0.0%
BITBANK30          100      0       0      54        0.0%
BANK30             100      0       0      55        0.0%
BITBANK29          100      0       0      52        0.0%
BANK29             100      0       0      53        0.0%
BITBANK28          100      0       0      50        0.0%
BANK28             100      0       0      51        0.0%
BITBANK27          100      0       0      48        0.0%
BANK27             100      0       0      49        0.0%
BITBANK26          100      0       0      46        0.0%
BANK26             100      0       0      47        0.0%
BITBANK25          100      0       0      44        0.0%
BANK25             100      0       0      45        0.0%
BITBANK24          100      0       0      42        0.0%
BANK24             100      0       0      43        0.0%
BITBANK23          100      0       0      40        0.0%
BANK23             100      0       0      41        0.0%
BITBANK22          100      0       0      38        0.0%
BANK22             100      0       0      39        0.0%
BITBANK21          100      0       0      36        0.0%
BANK21             100      0       0      37        0.0%
BITBANK20          100      0       0      34        0.0%
BANK20             100      0       0      35        0.0%
BITBANK19          100      0       0      32        0.0%
BANK19             100      0       0      33        0.0%
BITBANK18          100      0       0      30        0.0%
BANK18             100      0       0      31        0.0%
BITBANK17          100      0       0      28        0.0%
BANK17             100      0       0      29        0.0%
BITBANK16          100      0       0      26        0.0%
BANK16             100      0       0      27        0.0%
BITBANK15          100      0       0      24        0.0%
BANK15             100      0       0      25        0.0%
BITBANK14          100      0       0      22        0.0%
BANK14             100      0       0      23        0.0%
BITBANK13          100      0       0      20        0.0%
BANK13             100      0       0      21        0.0%
BITBANK12          100      0       0      18        0.0%
BANK12             100      0       0      19        0.0%
BITBANK11          100      0       0      16        0.0%
BANK11             100      0       0      17        0.0%
BITBANK10          100      0       0      14        0.0%
BANK10             100      0       0      15        0.0%
BITBANK9           100      0       0      12        0.0%
BANK9              100      0       0      13        0.0%
BITBANK8           100      0       0      10        0.0%
BANK8              100      0       0      11        0.0%
BITBANK7           100      0       0       8        0.0%
BANK7              100      0       0       9        0.0%
BITBANK6           100      0       0       6        0.0%
BANK6              100      0       0       7        0.0%
BITBANK5            A0      0       0       4        0.0%
BANK5               A0      0       0       5        0.0%
BITCOMRAM           5F      0       0       0        0.0%
COMRAM              5F      4      11       1       17.9%
BITSFR_5             0      0       0     200        0.0%
SFR_5                0      0       0     200        0.0%
BITSFR_4             0      0       0     200        0.0%
SFR_4                0      0       0     200        0.0%
BITSFR_3             0      0       0     200        0.0%
SFR_3                0      0       0     200        0.0%
BITSFR_2             0      0       0     200        0.0%
SFR_2                0      0       0     200        0.0%
BITSFR_1             0      0       0     200        0.0%
SFR_1                0      0       0     200        0.0%
BITSFR               0      0       0     200        0.0%
SFR                  0      0       0     200        0.0%
STACK                0      0       0       2        0.0%
NULL                 0      0       0       0        0.0%
ABS                  0      0      11      69        0.0%
DATA                 0      0      11       3        0.0%
CODE                 0      0       0       0        0.0%


Microchip Technology PIC18 Macro Assembler V2.31 build 20201012212115 
Symbol Table                                                                                   Wed Feb 10 22:52:32 2021

     __size_of_SysTickSetup 0022                          l13 FF46                          l22 FF48  
                        l16 FF5A                          l19 FF8E                          l64 FF4A  
                        u10 FFD4                          u11 FFD0                          u27 FFE6  
                       l740 FF4C                         l750 FFD4                         l752 FFDC  
                       l744 FFB2                         l770 FF6E                         l754 FFF2  
                       l746 FFBA                         l748 FFC0                         l780 FF9E  
                       l772 FF90                         l782 FFA2                         l774 FF92  
                       l784 FFA6                         l776 FF96                         l778 FF9A  
                       wreg 0004E8                        _main FF90                _SysTickSetup FF6E  
                      start FFFC        __size_of_SystemSleep 0002                ___param_bank 000000  
                _ClockSetup FF46                       ?_main 050E                       _PORTA 0004CE  
                     _TRISA 0004C6                       status 0004D8             __initialization FF5C  
              __end_of_main FFB2                      ??_main 0512               __activetblptr 000000  
                    _ANSELA 000400          __size_of_GpioSetup 0010          UserAppInitialize@i 0510  
               ?_ClockSetup 050E                      clear_0 FF62                  _UserAppRun FF4A  
                __accesstop 0560     __end_of__initialization FF68               ___rparam_used 000001  
          _G_u8UserAppFlags 050D              __pcstackCOMRAM 050E           __end_of_GpioSetup FF5C  
       __size_of_ClockSetup 0002                 ?_UserAppRun 050E               ??_SystemSleep 050E  
                   __Hparam 0000                     __Lparam 0000                     __pcinit FF5C  
                   __ramtop 2600                     __ptext0 FF90                     __ptext1 FF4A  
                   __ptext2 FFB2                     __ptext3 FF48                     __ptext4 FF6E  
                   __ptext5 FF4C                     __ptext6 FF46        end_of_initialization FF68  
          _G_u32SystemFlags 0501                     postinc0 0004EE         __end_of_SystemSleep FF4A  
              ??_ClockSetup 050E         __size_of_UserAppRun 0002          __end_of_ClockSetup FF48  
                 _GpioSetup FF4C         start_initialization FF5C               ?_SysTickSetup 050E  
               _SystemSleep FF48                  ?_GpioSetup 050E                 __pbssCOMRAM 0501  
         _UserAppInitialize FFB2                ??_UserAppRun 050E          ?_UserAppInitialize 050E  
            ??_SysTickSetup 050E         ??_UserAppInitialize 050E          __end_of_UserAppRun FF4C  
 __end_of_UserAppInitialize FFFC                 ??_GpioSetup 050E                    __Hrparam 0000  
                  __Lrparam 0000        __end_of_SysTickSetup FF90  __size_of_UserAppInitialize 004A  
             __size_of_main 0022                ?_SystemSleep 050E          _G_u32SystemTime1ms 0509  
         _G_u32SystemTime1s 0505  
