

Microchip MPLAB XC8 Assembler V2.31 build 20201012212115 
                                                                                               Wed Feb 24 19:54:38 2021

Microchip MPLAB XC8 C Compiler v2.31 (Free license) build 20201012212115 Og1 
     1                           	processor	18F27Q43
     2                           	fnconf	rparam,??,?,0
     3                           	pagewidth 120
     4                           	opt	flic
     5                           	psect	cinit,global,reloc=2,class=CODE,delta=1
     6                           	psect	bssCOMRAM,global,class=COMRAM,space=1,delta=1,lowdata,noexec
     7                           	psect	cstackCOMRAM,global,class=COMRAM,space=1,delta=1,lowdata,noexec
     8                           	psect	text0,global,reloc=2,class=CODE,delta=1
     9                           	psect	text1,global,reloc=2,class=CODE,delta=1
    10                           	psect	text2,global,reloc=2,class=CODE,delta=1
    11                           	psect	text3,global,reloc=2,class=CODE,delta=1
    12                           	psect	text4,global,reloc=2,class=CODE,delta=1
    13                           	psect	text5,global,reloc=2,class=CODE,delta=1
    14                           	psect	text6,global,reloc=2,class=CODE,delta=1
    15                           	psect	intsave_regs,global,class=BIGRAM,space=1,delta=1,noexec
    16                           	psect	rparam,global,class=COMRAM,space=1,delta=1,noexec
    17                           	psect	idloc,global,abs,ovrld,class=IDLOC,space=5,delta=1,noexec
    18                           	psect	config,global,abs,ovrld,class=CONFIG,space=4,delta=1,noexec
    19  0000                     
    20                           ; Version 2.30
    21                           ; Generated 20/08/2020 GMT
    22                           ; 
    23                           ; Copyright © 2020, Microchip Technology Inc. and its subsidiaries ("Microchip")
    24                           ; All rights reserved.
    25                           ; 
    26                           ; This software is developed by Microchip Technology Inc. and its subsidiaries ("Microch
      +                          ip").
    27                           ; 
    28                           ; Redistribution and use in source and binary forms, with or without modification, are
    29                           ; permitted provided that the following conditions are met:
    30                           ; 
    31                           ;     1. Redistributions of source code must retain the above copyright notice, this lis
      +                          t of
    32                           ;        conditions and the following disclaimer.
    33                           ; 
    34                           ;     2. Redistributions in binary form must reproduce the above copyright notice, this 
      +                          list
    35                           ;        of conditions and the following disclaimer in the documentation and/or other
    36                           ;        materials provided with the distribution. Publication is not required when
    37                           ;        this file is used in an embedded application.
    38                           ; 
    39                           ;     3. Microchip's name may not be used to endorse or promote products derived from th
      +                          is
    40                           ;        software without specific prior written permission.
    41                           ; 
    42                           ; THIS SOFTWARE IS PROVIDED BY MICROCHIP "AS IS" AND ANY EXPRESS OR IMPLIED WARRANTIES,
    43                           ; INCLUDING, BUT NOT LIMITED TO, THE IMPLIED WARRANTIES OF MERCHANTABILITY AND FITNESS F
      +                          OR
    44                           ; PURPOSE ARE DISCLAIMED.  IN NO EVENT SHALL MICROCHIP BE LIABLE FOR ANY DIRECT, INDIREC
      +                          T,
    45                           ; INCIDENTAL, SPECIAL, EXEMPLARY, OR CONSEQUENTIAL DAMAGES (INCLUDING BUT NOT LIMITED TO
    46                           ; PROCUREMENT OF SUBSTITUTE GOODS OR SERVICES; LOSS OF USE, DATA OR PROFITS; OR BUSINESS
    47                           ; INTERRUPTION) HOWSOEVER CAUSED AND ON ANY THEORY OF LIABILITY, WHETHER IN CONTRACT, ST
      +                          RICT
    48                           ; LIABILITY, OR TORT (INCLUDING NEGLIGENCE OR OTHERWISE) ARISING IN ANY WAY OUT OF THE U
      +                          SE OF
    49                           ; THIS SOFTWARE, EVEN IF ADVISED OF THE POSSIBILITY OF SUCH DAMAGE.
    50                           ; 
    51                           ; 
    52                           ; Code-generator required, PIC18F27Q43 Definitions
    53                           ; 
    54                           ; SFR Addresses
    55  0000                     _ANSELB	set	1032
    56  0000                     _ANSELA	set	1024
    57  0000                     _PORTB	set	1231
    58  0000                     _PORTA	set	1230
    59  0000                     _TRISB	set	1223
    60  0000                     _TRISA	set	1222
    61                           
    62                           ; #config settings
    63                           
    64                           	psect	cinit
    65  01FF1C                     __pcinit:
    66                           	callstack 0
    67  01FF1C                     start_initialization:
    68                           	callstack 0
    69  01FF1C                     __initialization:
    70                           	callstack 0
    71                           
    72                           ; Clear objects allocated to COMRAM (17 bytes)
    73  01FF1C  EE01  F101         	lfsr	0,__pbssCOMRAM
    74  01FF20  0E11               	movlw	17
    75  01FF22                     clear_0:
    76  01FF22  6AEE               	clrf	postinc0,c
    77  01FF24  06E8               	decf	wreg,f,c
    78  01FF26  E1FD               	bnz	clear_0
    79  01FF28                     end_of_initialization:
    80                           	callstack 0
    81  01FF28                     __end_of__initialization:
    82                           	callstack 0
    83  01FF28  0100               	movlb	0
    84  01FF2A  EFA3  F0FF         	goto	_main	;jump to C main() function
    85                           
    86                           	psect	bssCOMRAM
    87  000501                     __pbssCOMRAM:
    88                           	callstack 0
    89  000501                     UserAppRun@i:
    90                           	callstack 0
    91  000501                     	ds	4
    92  000505                     _G_u32SystemFlags:
    93                           	callstack 0
    94  000505                     	ds	4
    95  000509                     _G_u32SystemTime1s:
    96                           	callstack 0
    97  000509                     	ds	4
    98  00050D                     _G_u32SystemTime1ms:
    99                           	callstack 0
   100  00050D                     	ds	4
   101  000511                     _G_u8UserAppFlags:
   102                           	callstack 0
   103  000511                     	ds	1
   104                           
   105                           	psect	cstackCOMRAM
   106  000512                     __pcstackCOMRAM:
   107                           	callstack 0
   108  000512                     ??_UserAppRun:
   109  000512                     
   110                           ; 1 bytes @ 0x0
   111  000512                     	ds	2
   112  000514                     
   113                           ; 1 bytes @ 0x2
   114 ;;
   115 ;;Main: autosize = 0, tempsize = 0, incstack = 0, save=0
   116 ;;
   117 ;; *************** function _main *****************
   118 ;; Defined at:
   119 ;;		line 36 in file "main.c"
   120 ;; Parameters:    Size  Location     Type
   121 ;;		None
   122 ;; Auto vars:     Size  Location     Type
   123 ;;		None
   124 ;; Return value:  Size  Location     Type
   125 ;;                  1    wreg      void 
   126 ;; Registers used:
   127 ;;		wreg, status,2, status,0, cstack
   128 ;; Tracked objects:
   129 ;;		On entry : 0/0
   130 ;;		On exit  : 0/0
   131 ;;		Unchanged: 0/0
   132 ;; Data sizes:     COMRAM   BANK5   BANK6   BANK7   BANK8   BANK9  BANK10  BANK11  BANK12  BANK13  BANK14  BANK15  BANK1
      +6  BANK17  BANK18  BANK19  BANK20  BANK21  BANK22  BANK23  BANK24  BANK25  BANK26  BANK27  BANK28  BANK29  BANK30  BANK3
      +1  BANK32  BANK33  BANK34  BANK35  BANK36  BANK37
   133 ;;      Params:         0       0       0       0       0       0       0       0       0       0       0       0       
      +0       0       0       0       0       0       0       0       0       0       0       0       0       0       0       
      +0       0       0       0       0       0       0
   134 ;;      Locals:         0       0       0       0       0       0       0       0       0       0       0       0       
      +0       0       0       0       0       0       0       0       0       0       0       0       0       0       0       
      +0       0       0       0       0       0       0
   135 ;;      Temps:          0       0       0       0       0       0       0       0       0       0       0       0       
      +0       0       0       0       0       0       0       0       0       0       0       0       0       0       0       
      +0       0       0       0       0       0       0
   136 ;;      Totals:         0       0       0       0       0       0       0       0       0       0       0       0       
      +0       0       0       0       0       0       0       0       0       0       0       0       0       0       0       
      +0       0       0       0       0       0       0
   137 ;;Total ram usage:        0 bytes
   138 ;; Hardware stack levels required when called:    1
   139 ;; This function calls:
   140 ;;		_ClockSetup
   141 ;;		_GpioSetup
   142 ;;		_SysTickSetup
   143 ;;		_SystemSleep
   144 ;;		_UserAppInitialize
   145 ;;		_UserAppRun
   146 ;; This function is called by:
   147 ;;		Startup code after reset
   148 ;; This function uses a non-reentrant model
   149 ;;
   150                           
   151                           	psect	text0
   152  01FF46                     __ptext0:
   153                           	callstack 0
   154  01FF46                     _main:
   155                           	callstack 127
   156  01FF46                     
   157                           ;main.c: 38:   G_u32SystemFlags |= (u32)0x80000000;
   158  01FF46  8E08               	bsf	(_G_u32SystemFlags+3)^(0+1280),7,c	;volatile
   159  01FF48                     
   160                           ;main.c: 41:   ClockSetup();
   161  01FF48  EC8B  F0FF         	call	_ClockSetup	;wreg free
   162  01FF4C                     
   163                           ;main.c: 42:   SysTickSetup();
   164  01FF4C  ECB2  F0FF         	call	_SysTickSetup	;wreg free
   165  01FF50                     
   166                           ;main.c: 43:   GpioSetup();
   167  01FF50  EC97  F0FF         	call	_GpioSetup	;wreg free
   168  01FF54                     
   169                           ;main.c: 48:   UserAppInitialize();
   170  01FF54  EC8D  F0FF         	call	_UserAppInitialize	;wreg free
   171  01FF58                     l792:
   172                           
   173                           ;main.c: 54:   {;main.c: 58:     UserAppRun();
   174  01FF58  ECC3  F0FF         	call	_UserAppRun	;wreg free
   175  01FF5C  EFAC  F0FF         	goto	l792
   176  01FF60  EFFE  F0FF         	goto	start
   177  01FF64                     __end_of_main:
   178                           	callstack 0
   179                           
   180 ;; *************** function _UserAppRun *****************
   181 ;; Defined at:
   182 ;;		line 97 in file "user_app.c"
   183 ;; Parameters:    Size  Location     Type
   184 ;;		None
   185 ;; Auto vars:     Size  Location     Type
   186 ;;		None
   187 ;; Return value:  Size  Location     Type
   188 ;;                  1    wreg      void 
   189 ;; Registers used:
   190 ;;		wreg, status,2, status,0
   191 ;; Tracked objects:
   192 ;;		On entry : 0/0
   193 ;;		On exit  : 0/0
   194 ;;		Unchanged: 0/0
   195 ;; Data sizes:     COMRAM   BANK5   BANK6   BANK7   BANK8   BANK9  BANK10  BANK11  BANK12  BANK13  BANK14  BANK15  BANK1
      +6  BANK17  BANK18  BANK19  BANK20  BANK21  BANK22  BANK23  BANK24  BANK25  BANK26  BANK27  BANK28  BANK29  BANK30  BANK3
      +1  BANK32  BANK33  BANK34  BANK35  BANK36  BANK37
   196 ;;      Params:         0       0       0       0       0       0       0       0       0       0       0       0       
      +0       0       0       0       0       0       0       0       0       0       0       0       0       0       0       
      +0       0       0       0       0       0       0
   197 ;;      Locals:         0       0       0       0       0       0       0       0       0       0       0       0       
      +0       0       0       0       0       0       0       0       0       0       0       0       0       0       0       
      +0       0       0       0       0       0       0
   198 ;;      Temps:          2       0       0       0       0       0       0       0       0       0       0       0       
      +0       0       0       0       0       0       0       0       0       0       0       0       0       0       0       
      +0       0       0       0       0       0       0
   199 ;;      Totals:         2       0       0       0       0       0       0       0       0       0       0       0       
      +0       0       0       0       0       0       0       0       0       0       0       0       0       0       0       
      +0       0       0       0       0       0       0
   200 ;;Total ram usage:        2 bytes
   201 ;; Hardware stack levels used:    1
   202 ;; This function calls:
   203 ;;		Nothing
   204 ;; This function is called by:
   205 ;;		_main
   206 ;; This function uses a non-reentrant model
   207 ;;
   208                           
   209                           	psect	text1
   210  01FF86                     __ptext1:
   211                           	callstack 0
   212  01FF86                     _UserAppRun:
   213                           	callstack 127
   214  01FF86                     
   215                           ;user_app.c: 99:  static u32 i = 0x00;;user_app.c: 100:  if ((PORTB & 0x20) == 0x20)
   216  01FF86  AACF               	btfss	207,5,c	;volatile
   217  01FF88  EFC8  F0FF         	goto	u11
   218  01FF8C  EFCA  F0FF         	goto	u10
   219  01FF90                     u11:
   220  01FF90  EFFD  F0FF         	goto	l72
   221  01FF94                     u10:
   222  01FF94                     
   223                           ;user_app.c: 101:  {;user_app.c: 102:     _delay((unsigned long)((500)*((16000000)/4000.
      +                          0)));
   224  01FF94  0E0B               	movlw	11
   225  01FF96  6E13               	movwf	(??_UserAppRun+1)^(0+1280),c
   226  01FF98  0E26               	movlw	38
   227  01FF9A  6E12               	movwf	??_UserAppRun^(0+1280),c
   228  01FF9C  0E5E               	movlw	94
   229  01FF9E                     u47:
   230  01FF9E  2EE8               	decfsz	wreg,f,c
   231  01FFA0  D7FE               	bra	u47
   232  01FFA2  2E12               	decfsz	??_UserAppRun^(0+1280),f,c
   233  01FFA4  D7FC               	bra	u47
   234  01FFA6  2E13               	decfsz	(??_UserAppRun+1)^(0+1280),f,c
   235  01FFA8  D7FA               	bra	u47
   236  01FFAA                     
   237                           ;user_app.c: 103:     if ((PORTB & 0x20) != 0x20)
   238  01FFAA  BACF               	btfsc	207,5,c	;volatile
   239  01FFAC  EFDA  F0FF         	goto	u21
   240  01FFB0  EFDC  F0FF         	goto	u20
   241  01FFB4                     u21:
   242  01FFB4  EFFD  F0FF         	goto	l72
   243  01FFB8                     u20:
   244  01FFB8                     
   245                           ;user_app.c: 104:      {;user_app.c: 105:         if (i == 0xBF)
   246  01FFB8  0EBF               	movlw	191
   247  01FFBA  1801               	xorwf	UserAppRun@i^(0+1280),w,c
   248  01FFBC  1002               	iorwf	(UserAppRun@i+1)^(0+1280),w,c
   249  01FFBE  1003               	iorwf	(UserAppRun@i+2)^(0+1280),w,c
   250  01FFC0  1004               	iorwf	(UserAppRun@i+3)^(0+1280),w,c
   251  01FFC2  A4D8               	btfss	status,2,c
   252  01FFC4  EFE6  F0FF         	goto	u31
   253  01FFC8  EFE8  F0FF         	goto	u30
   254  01FFCC                     u31:
   255  01FFCC  EFF4  F0FF         	goto	l764
   256  01FFD0                     u30:
   257  01FFD0                     
   258                           ;user_app.c: 106:              {;user_app.c: 107:                 i = 0x00;
   259  01FFD0  0E00               	movlw	0
   260  01FFD2  6E01               	movwf	UserAppRun@i^(0+1280),c
   261  01FFD4  0E00               	movlw	0
   262  01FFD6  6E02               	movwf	(UserAppRun@i+1)^(0+1280),c
   263  01FFD8  0E00               	movlw	0
   264  01FFDA  6E03               	movwf	(UserAppRun@i+2)^(0+1280),c
   265  01FFDC  0E00               	movlw	0
   266  01FFDE  6E04               	movwf	(UserAppRun@i+3)^(0+1280),c
   267  01FFE0                     
   268                           ;user_app.c: 108:                 PORTA = 0x80 + i;
   269  01FFE0  0E80               	movlw	128
   270  01FFE2  6ECE               	movwf	206,c	;volatile
   271                           
   272                           ;user_app.c: 109:              }
   273  01FFE4  EFFD  F0FF         	goto	l72
   274  01FFE8                     l764:
   275                           
   276                           ;user_app.c: 111:              {;user_app.c: 112:                 i++;
   277  01FFE8  0E01               	movlw	1
   278  01FFEA  2601               	addwf	UserAppRun@i^(0+1280),f,c
   279  01FFEC  0E00               	movlw	0
   280  01FFEE  2202               	addwfc	(UserAppRun@i+1)^(0+1280),f,c
   281  01FFF0  2203               	addwfc	(UserAppRun@i+2)^(0+1280),f,c
   282  01FFF2  2204               	addwfc	(UserAppRun@i+3)^(0+1280),f,c
   283                           
   284                           ;user_app.c: 113:                 PORTA = 0x80 + i;
   285  01FFF4  5001               	movf	UserAppRun@i^(0+1280),w,c
   286  01FFF6  0F80               	addlw	128
   287  01FFF8  6ECE               	movwf	206,c	;volatile
   288  01FFFA                     l72:
   289  01FFFA  0012               	return		;funcret
   290  01FFFC                     __end_of_UserAppRun:
   291                           	callstack 0
   292                           
   293 ;; *************** function _UserAppInitialize *****************
   294 ;; Defined at:
   295 ;;		line 78 in file "user_app.c"
   296 ;; Parameters:    Size  Location     Type
   297 ;;		None
   298 ;; Auto vars:     Size  Location     Type
   299 ;;		None
   300 ;; Return value:  Size  Location     Type
   301 ;;                  1    wreg      void 
   302 ;; Registers used:
   303 ;;		None
   304 ;; Tracked objects:
   305 ;;		On entry : 0/0
   306 ;;		On exit  : 0/0
   307 ;;		Unchanged: 0/0
   308 ;; Data sizes:     COMRAM   BANK5   BANK6   BANK7   BANK8   BANK9  BANK10  BANK11  BANK12  BANK13  BANK14  BANK15  BANK1
      +6  BANK17  BANK18  BANK19  BANK20  BANK21  BANK22  BANK23  BANK24  BANK25  BANK26  BANK27  BANK28  BANK29  BANK30  BANK3
      +1  BANK32  BANK33  BANK34  BANK35  BANK36  BANK37
   309 ;;      Params:         0       0       0       0       0       0       0       0       0       0       0       0       
      +0       0       0       0       0       0       0       0       0       0       0       0       0       0       0       
      +0       0       0       0       0       0       0
   310 ;;      Locals:         0       0       0       0       0       0       0       0       0       0       0       0       
      +0       0       0       0       0       0       0       0       0       0       0       0       0       0       0       
      +0       0       0       0       0       0       0
   311 ;;      Temps:          0       0       0       0       0       0       0       0       0       0       0       0       
      +0       0       0       0       0       0       0       0       0       0       0       0       0       0       0       
      +0       0       0       0       0       0       0
   312 ;;      Totals:         0       0       0       0       0       0       0       0       0       0       0       0       
      +0       0       0       0       0       0       0       0       0       0       0       0       0       0       0       
      +0       0       0       0       0       0       0
   313 ;;Total ram usage:        0 bytes
   314 ;; Hardware stack levels used:    1
   315 ;; This function calls:
   316 ;;		Nothing
   317 ;; This function is called by:
   318 ;;		_main
   319 ;; This function uses a non-reentrant model
   320 ;;
   321                           
   322                           	psect	text2
   323  01FF1A                     __ptext2:
   324                           	callstack 0
   325  01FF1A                     _UserAppInitialize:
   326                           	callstack 127
   327  01FF1A  0012               	return		;funcret
   328  01FF1C                     __end_of_UserAppInitialize:
   329                           	callstack 0
   330                           
   331 ;; *************** function _SystemSleep *****************
   332 ;; Defined at:
   333 ;;		line 136 in file "encm369_pic18.c"
   334 ;; Parameters:    Size  Location     Type
   335 ;;		None
   336 ;; Auto vars:     Size  Location     Type
   337 ;;		None
   338 ;; Return value:  Size  Location     Type
   339 ;;                  1    wreg      void 
   340 ;; Registers used:
   341 ;;		None
   342 ;; Tracked objects:
   343 ;;		On entry : 0/0
   344 ;;		On exit  : 0/0
   345 ;;		Unchanged: 0/0
   346 ;; Data sizes:     COMRAM   BANK5   BANK6   BANK7   BANK8   BANK9  BANK10  BANK11  BANK12  BANK13  BANK14  BANK15  BANK1
      +6  BANK17  BANK18  BANK19  BANK20  BANK21  BANK22  BANK23  BANK24  BANK25  BANK26  BANK27  BANK28  BANK29  BANK30  BANK3
      +1  BANK32  BANK33  BANK34  BANK35  BANK36  BANK37
   347 ;;      Params:         0       0       0       0       0       0       0       0       0       0       0       0       
      +0       0       0       0       0       0       0       0       0       0       0       0       0       0       0       
      +0       0       0       0       0       0       0
   348 ;;      Locals:         0       0       0       0       0       0       0       0       0       0       0       0       
      +0       0       0       0       0       0       0       0       0       0       0       0       0       0       0       
      +0       0       0       0       0       0       0
   349 ;;      Temps:          0       0       0       0       0       0       0       0       0       0       0       0       
      +0       0       0       0       0       0       0       0       0       0       0       0       0       0       0       
      +0       0       0       0       0       0       0
   350 ;;      Totals:         0       0       0       0       0       0       0       0       0       0       0       0       
      +0       0       0       0       0       0       0       0       0       0       0       0       0       0       0       
      +0       0       0       0       0       0       0
   351 ;;Total ram usage:        0 bytes
   352 ;; Hardware stack levels used:    1
   353 ;; This function calls:
   354 ;;		Nothing
   355 ;; This function is called by:
   356 ;;		_main
   357 ;; This function uses a non-reentrant model
   358 ;;
   359                           
   360                           	psect	text3
   361  01FF18                     __ptext3:
   362                           	callstack 0
   363  01FF18                     _SystemSleep:
   364                           	callstack 127
   365  01FF18  0012               	return		;funcret
   366  01FF1A                     __end_of_SystemSleep:
   367                           	callstack 0
   368                           
   369 ;; *************** function _SysTickSetup *****************
   370 ;; Defined at:
   371 ;;		line 114 in file "encm369_pic18.c"
   372 ;; Parameters:    Size  Location     Type
   373 ;;		None
   374 ;; Auto vars:     Size  Location     Type
   375 ;;		None
   376 ;; Return value:  Size  Location     Type
   377 ;;                  1    wreg      void 
   378 ;; Registers used:
   379 ;;		wreg, status,2
   380 ;; Tracked objects:
   381 ;;		On entry : 0/0
   382 ;;		On exit  : 0/0
   383 ;;		Unchanged: 0/0
   384 ;; Data sizes:     COMRAM   BANK5   BANK6   BANK7   BANK8   BANK9  BANK10  BANK11  BANK12  BANK13  BANK14  BANK15  BANK1
      +6  BANK17  BANK18  BANK19  BANK20  BANK21  BANK22  BANK23  BANK24  BANK25  BANK26  BANK27  BANK28  BANK29  BANK30  BANK3
      +1  BANK32  BANK33  BANK34  BANK35  BANK36  BANK37
   385 ;;      Params:         0       0       0       0       0       0       0       0       0       0       0       0       
      +0       0       0       0       0       0       0       0       0       0       0       0       0       0       0       
      +0       0       0       0       0       0       0
   386 ;;      Locals:         0       0       0       0       0       0       0       0       0       0       0       0       
      +0       0       0       0       0       0       0       0       0       0       0       0       0       0       0       
      +0       0       0       0       0       0       0
   387 ;;      Temps:          0       0       0       0       0       0       0       0       0       0       0       0       
      +0       0       0       0       0       0       0       0       0       0       0       0       0       0       0       
      +0       0       0       0       0       0       0
   388 ;;      Totals:         0       0       0       0       0       0       0       0       0       0       0       0       
      +0       0       0       0       0       0       0       0       0       0       0       0       0       0       0       
      +0       0       0       0       0       0       0
   389 ;;Total ram usage:        0 bytes
   390 ;; Hardware stack levels used:    1
   391 ;; This function calls:
   392 ;;		Nothing
   393 ;; This function is called by:
   394 ;;		_main
   395 ;; This function uses a non-reentrant model
   396 ;;
   397                           
   398                           	psect	text4
   399  01FF64                     __ptext4:
   400                           	callstack 0
   401  01FF64                     _SysTickSetup:
   402                           	callstack 127
   403  01FF64                     
   404                           ;encm369_pic18.c: 116:   G_u32SystemTime1ms = 0;
   405  01FF64  0E00               	movlw	0
   406  01FF66  6E0D               	movwf	_G_u32SystemTime1ms^(0+1280),c	;volatile
   407  01FF68  0E00               	movlw	0
   408  01FF6A  6E0E               	movwf	(_G_u32SystemTime1ms+1)^(0+1280),c	;volatile
   409  01FF6C  0E00               	movlw	0
   410  01FF6E  6E0F               	movwf	(_G_u32SystemTime1ms+2)^(0+1280),c	;volatile
   411  01FF70  0E00               	movlw	0
   412  01FF72  6E10               	movwf	(_G_u32SystemTime1ms+3)^(0+1280),c	;volatile
   413                           
   414                           ;encm369_pic18.c: 117:   G_u32SystemTime1s = 0;
   415  01FF74  0E00               	movlw	0
   416  01FF76  6E09               	movwf	_G_u32SystemTime1s^(0+1280),c	;volatile
   417  01FF78  0E00               	movlw	0
   418  01FF7A  6E0A               	movwf	(_G_u32SystemTime1s+1)^(0+1280),c	;volatile
   419  01FF7C  0E00               	movlw	0
   420  01FF7E  6E0B               	movwf	(_G_u32SystemTime1s+2)^(0+1280),c	;volatile
   421  01FF80  0E00               	movlw	0
   422  01FF82  6E0C               	movwf	(_G_u32SystemTime1s+3)^(0+1280),c	;volatile
   423  01FF84  0012               	return		;funcret
   424  01FF86                     __end_of_SysTickSetup:
   425                           	callstack 0
   426                           
   427 ;; *************** function _GpioSetup *****************
   428 ;; Defined at:
   429 ;;		line 89 in file "encm369_pic18.c"
   430 ;; Parameters:    Size  Location     Type
   431 ;;		None
   432 ;; Auto vars:     Size  Location     Type
   433 ;;		None
   434 ;; Return value:  Size  Location     Type
   435 ;;                  1    wreg      void 
   436 ;; Registers used:
   437 ;;		wreg, status,2
   438 ;; Tracked objects:
   439 ;;		On entry : 0/0
   440 ;;		On exit  : 0/0
   441 ;;		Unchanged: 0/0
   442 ;; Data sizes:     COMRAM   BANK5   BANK6   BANK7   BANK8   BANK9  BANK10  BANK11  BANK12  BANK13  BANK14  BANK15  BANK1
      +6  BANK17  BANK18  BANK19  BANK20  BANK21  BANK22  BANK23  BANK24  BANK25  BANK26  BANK27  BANK28  BANK29  BANK30  BANK3
      +1  BANK32  BANK33  BANK34  BANK35  BANK36  BANK37
   443 ;;      Params:         0       0       0       0       0       0       0       0       0       0       0       0       
      +0       0       0       0       0       0       0       0       0       0       0       0       0       0       0       
      +0       0       0       0       0       0       0
   444 ;;      Locals:         0       0       0       0       0       0       0       0       0       0       0       0       
      +0       0       0       0       0       0       0       0       0       0       0       0       0       0       0       
      +0       0       0       0       0       0       0
   445 ;;      Temps:          0       0       0       0       0       0       0       0       0       0       0       0       
      +0       0       0       0       0       0       0       0       0       0       0       0       0       0       0       
      +0       0       0       0       0       0       0
   446 ;;      Totals:         0       0       0       0       0       0       0       0       0       0       0       0       
      +0       0       0       0       0       0       0       0       0       0       0       0       0       0       0       
      +0       0       0       0       0       0       0
   447 ;;Total ram usage:        0 bytes
   448 ;; Hardware stack levels used:    1
   449 ;; This function calls:
   450 ;;		Nothing
   451 ;; This function is called by:
   452 ;;		_main
   453 ;; This function uses a non-reentrant model
   454 ;;
   455                           
   456                           	psect	text5
   457  01FF2E                     __ptext5:
   458                           	callstack 0
   459  01FF2E                     _GpioSetup:
   460                           	callstack 127
   461  01FF2E                     
   462                           ;encm369_pic18.c: 91:     TRISA = 0x40;
   463  01FF2E  0E40               	movlw	64
   464  01FF30  6EC6               	movwf	198,c	;volatile
   465                           
   466                           ;encm369_pic18.c: 92:     TRISB = 0x20;
   467  01FF32  0E20               	movlw	32
   468  01FF34  6EC7               	movwf	199,c	;volatile
   469                           
   470                           ;encm369_pic18.c: 93:     ANSELA = 0x00;
   471  01FF36  0E00               	movlw	0
   472  01FF38  0104               	movlb	4	; () banked
   473  01FF3A  6F00               	movwf	0,b	;volatile
   474                           
   475                           ;encm369_pic18.c: 94:     ANSELB = 0x00;
   476  01FF3C  0E00               	movlw	0
   477  01FF3E  6F08               	movwf	8,b	;volatile
   478                           
   479                           ;encm369_pic18.c: 95:     PORTA = 0x80;
   480  01FF40  0E80               	movlw	128
   481  01FF42  6ECE               	movwf	206,c	;volatile
   482  01FF44                     
   483                           ; BSR set to: 4
   484  01FF44  0012               	return		;funcret
   485  01FF46                     __end_of_GpioSetup:
   486                           	callstack 0
   487                           
   488 ;; *************** function _ClockSetup *****************
   489 ;; Defined at:
   490 ;;		line 70 in file "encm369_pic18.c"
   491 ;; Parameters:    Size  Location     Type
   492 ;;		None
   493 ;; Auto vars:     Size  Location     Type
   494 ;;		None
   495 ;; Return value:  Size  Location     Type
   496 ;;                  1    wreg      void 
   497 ;; Registers used:
   498 ;;		None
   499 ;; Tracked objects:
   500 ;;		On entry : 0/0
   501 ;;		On exit  : 0/0
   502 ;;		Unchanged: 0/0
   503 ;; Data sizes:     COMRAM   BANK5   BANK6   BANK7   BANK8   BANK9  BANK10  BANK11  BANK12  BANK13  BANK14  BANK15  BANK1
      +6  BANK17  BANK18  BANK19  BANK20  BANK21  BANK22  BANK23  BANK24  BANK25  BANK26  BANK27  BANK28  BANK29  BANK30  BANK3
      +1  BANK32  BANK33  BANK34  BANK35  BANK36  BANK37
   504 ;;      Params:         0       0       0       0       0       0       0       0       0       0       0       0       
      +0       0       0       0       0       0       0       0       0       0       0       0       0       0       0       
      +0       0       0       0       0       0       0
   505 ;;      Locals:         0       0       0       0       0       0       0       0       0       0       0       0       
      +0       0       0       0       0       0       0       0       0       0       0       0       0       0       0       
      +0       0       0       0       0       0       0
   506 ;;      Temps:          0       0       0       0       0       0       0       0       0       0       0       0       
      +0       0       0       0       0       0       0       0       0       0       0       0       0       0       0       
      +0       0       0       0       0       0       0
   507 ;;      Totals:         0       0       0       0       0       0       0       0       0       0       0       0       
      +0       0       0       0       0       0       0       0       0       0       0       0       0       0       0       
      +0       0       0       0       0       0       0
   508 ;;Total ram usage:        0 bytes
   509 ;; Hardware stack levels used:    1
   510 ;; This function calls:
   511 ;;		Nothing
   512 ;; This function is called by:
   513 ;;		_main
   514 ;; This function uses a non-reentrant model
   515 ;;
   516                           
   517                           	psect	text6
   518  01FF16                     __ptext6:
   519                           	callstack 0
   520  01FF16                     _ClockSetup:
   521                           	callstack 127
   522  01FF16  0012               	return		;funcret
   523  01FF18                     __end_of_ClockSetup:
   524                           	callstack 0
   525  0000                     
   526                           	psect	rparam
   527  0000                     
   528                           	psect	idloc
   529                           
   530                           ;Config register IDLOC0 @ 0x200000
   531                           ;	unspecified, using default values
   532  200000                     	org	2097152
   533  200000  0FFF               	dw	4095
   534                           
   535                           ;Config register IDLOC1 @ 0x200002
   536                           ;	unspecified, using default values
   537  200002                     	org	2097154
   538  200002  0FFF               	dw	4095
   539                           
   540                           ;Config register IDLOC2 @ 0x200004
   541                           ;	unspecified, using default values
   542  200004                     	org	2097156
   543  200004  0FFF               	dw	4095
   544                           
   545                           ;Config register IDLOC3 @ 0x200006
   546                           ;	unspecified, using default values
   547  200006                     	org	2097158
   548  200006  0FFF               	dw	4095
   549                           
   550                           ;Config register IDLOC4 @ 0x200008
   551                           ;	unspecified, using default values
   552  200008                     	org	2097160
   553  200008  0FFF               	dw	4095
   554                           
   555                           ;Config register IDLOC5 @ 0x20000A
   556                           ;	unspecified, using default values
   557  20000A                     	org	2097162
   558  20000A  0FFF               	dw	4095
   559                           
   560                           ;Config register IDLOC6 @ 0x20000C
   561                           ;	unspecified, using default values
   562  20000C                     	org	2097164
   563  20000C  0FFF               	dw	4095
   564                           
   565                           ;Config register IDLOC7 @ 0x20000E
   566                           ;	unspecified, using default values
   567  20000E                     	org	2097166
   568  20000E  0FFF               	dw	4095
   569                           
   570                           ;Config register IDLOC8 @ 0x200010
   571                           ;	unspecified, using default values
   572  200010                     	org	2097168
   573  200010  0FFF               	dw	4095
   574                           
   575                           ;Config register IDLOC9 @ 0x200012
   576                           ;	unspecified, using default values
   577  200012                     	org	2097170
   578  200012  0FFF               	dw	4095
   579                           
   580                           ;Config register IDLOC10 @ 0x200014
   581                           ;	unspecified, using default values
   582  200014                     	org	2097172
   583  200014  0FFF               	dw	4095
   584                           
   585                           ;Config register IDLOC11 @ 0x200016
   586                           ;	unspecified, using default values
   587  200016                     	org	2097174
   588  200016  0FFF               	dw	4095
   589                           
   590                           ;Config register IDLOC12 @ 0x200018
   591                           ;	unspecified, using default values
   592  200018                     	org	2097176
   593  200018  0FFF               	dw	4095
   594                           
   595                           ;Config register IDLOC13 @ 0x20001A
   596                           ;	unspecified, using default values
   597  20001A                     	org	2097178
   598  20001A  0FFF               	dw	4095
   599                           
   600                           ;Config register IDLOC14 @ 0x20001C
   601                           ;	unspecified, using default values
   602  20001C                     	org	2097180
   603  20001C  0FFF               	dw	4095
   604                           
   605                           ;Config register IDLOC15 @ 0x20001E
   606                           ;	unspecified, using default values
   607  20001E                     	org	2097182
   608  20001E  0FFF               	dw	4095
   609                           
   610                           	psect	config
   611                           
   612                           ;Config register CONFIG1 @ 0x300000
   613                           ;	External Oscillator Selection
   614                           ;	FEXTOSC = OFF, Oscillator not enabled
   615                           ;	Reset Oscillator Selection
   616                           ;	RSTOSC = HFINTOSC_64MHZ, HFINTOSC with HFFRQ = 64 MHz and CDIV = 1:1
   617  300000                     	org	3145728
   618  300000  8C                 	db	140
   619                           
   620                           ;Config register CONFIG2 @ 0x300001
   621                           ;	Clock out Enable bit
   622                           ;	CLKOUTEN = ON, CLKOUT function is enabled
   623                           ;	PRLOCKED One-Way Set Enable bit
   624                           ;	PR1WAY = ON, PRLOCKED bit can be cleared and set only once
   625                           ;	Clock Switch Enable bit
   626                           ;	CSWEN = ON, Writing to NOSC and NDIV is allowed
   627                           ;	Fail-Safe Clock Monitor Enable bit
   628                           ;	FCMEN = ON, Fail-Safe Clock Monitor enabled
   629  300001                     	org	3145729
   630  300001  FE                 	db	254
   631                           
   632                           ;Config register CONFIG3 @ 0x300002
   633                           ;	MCLR Enable bit
   634                           ;	MCLRE = EXTMCLR, If LVP = 0, MCLR pin is MCLR; If LVP = 1, RE3 pin function is MCLR
   635                           ;	Power-up timer selection bits
   636                           ;	PWRTS = PWRT_OFF, PWRT is disabled
   637                           ;	Multi-vector enable bit
   638                           ;	MVECEN = ON, Multi-vector enabled, Vector table used for interrupts
   639                           ;	IVTLOCK bit One-way set enable bit
   640                           ;	IVT1WAY = ON, IVTLOCKED bit can be cleared and set only once
   641                           ;	Low Power BOR Enable bit
   642                           ;	LPBOREN = OFF, Low-Power BOR disabled
   643                           ;	Brown-out Reset Enable bits
   644                           ;	BOREN = SBORDIS, Brown-out Reset enabled , SBOREN bit is ignored
   645  300002                     	org	3145730
   646  300002  FF                 	db	255
   647                           
   648                           ;Config register CONFIG4 @ 0x300003
   649                           ;	Brown-out Reset Voltage Selection bits
   650                           ;	BORV = VBOR_2P85, Brown-out Reset Voltage (VBOR) set to 2.8V
   651                           ;	ZCD Disable bit
   652                           ;	ZCD = OFF, ZCD module is disabled. ZCD can be enabled by setting the ZCDSEN bit of ZCD
      +                          CON
   653                           ;	PPSLOCK bit One-Way Set Enable bit
   654                           ;	PPS1WAY = ON, PPSLOCKED bit can be cleared and set only once; PPS registers remain loc
      +                          ked after one clear/set cycle
   655                           ;	Stack Full/Underflow Reset Enable bit
   656                           ;	STVREN = ON, Stack full/underflow will cause Reset
   657                           ;	Low Voltage Programming Enable bit
   658                           ;	LVP = ON, Low voltage programming enabled. MCLR/VPP pin function is MCLR. MCLRE config
      +                          uration bit is ignored
   659                           ;	Extended Instruction Set Enable bit
   660                           ;	XINST = OFF, Extended Instruction Set and Indexed Addressing Mode disabled
   661  300003                     	org	3145731
   662  300003  FC                 	db	252
   663                           
   664                           ;Config register CONFIG5 @ 0x300004
   665                           ;	WDT Period selection bits
   666                           ;	WDTCPS = WDTCPS_31, Divider ratio 1:65536; software control of WDTPS
   667                           ;	WDT operating mode
   668                           ;	WDTE = OFF, WDT Disabled; SWDTEN is ignored
   669  300004                     	org	3145732
   670  300004  9F                 	db	159
   671                           
   672                           ;Config register CONFIG6 @ 0x300005
   673                           ;	WDT Window Select bits
   674                           ;	WDTCWS = WDTCWS_7, window always open (100%); software control; keyed access not requi
      +                          red
   675                           ;	WDT input clock selector
   676                           ;	WDTCCS = SC, Software Control
   677  300005                     	org	3145733
   678  300005  FF                 	db	255
   679                           
   680                           ;Config register CONFIG7 @ 0x300006
   681                           ;	Boot Block Size selection bits
   682                           ;	BBSIZE = BBSIZE_512, Boot Block size is 512 words
   683                           ;	Boot Block enable bit
   684                           ;	BBEN = OFF, Boot block disabled
   685                           ;	Storage Area Flash enable bit
   686                           ;	SAFEN = OFF, SAF disabled
   687                           ;	Background Debugger
   688                           ;	DEBUG = OFF, Background Debugger disabled
   689  300006                     	org	3145734
   690  300006  FF                 	db	255
   691                           
   692                           ;Config register CONFIG8 @ 0x300007
   693                           ;	Boot Block Write Protection bit
   694                           ;	WRTB = OFF, Boot Block not Write protected
   695                           ;	Configuration Register Write Protection bit
   696                           ;	WRTC = OFF, Configuration registers not Write protected
   697                           ;	Data EEPROM Write Protection bit
   698                           ;	WRTD = OFF, Data EEPROM not Write protected
   699                           ;	SAF Write protection bit
   700                           ;	WRTSAF = OFF, SAF not Write Protected
   701                           ;	Application Block write protection bit
   702                           ;	WRTAPP = OFF, Application Block not write protected
   703  300007                     	org	3145735
   704  300007  FF                 	db	255
   705                           
   706                           ; Padding undefined space
   707  300008                     	org	3145736
   708  300008  FF                 	db	255
   709                           
   710                           ;Config register CONFIG10 @ 0x300009
   711                           ;	PFM and Data EEPROM Code Protection bit
   712                           ;	CP = OFF, PFM and Data EEPROM code protection disabled
   713  300009                     	org	3145737
   714  300009  FF                 	db	255
   715                           tosu	equ	0x4FF
   716                           tosh	equ	0x4FE
   717                           tosl	equ	0x4FD
   718                           stkptr	equ	0x4FC
   719                           pclatu	equ	0x4FB
   720                           pclath	equ	0x4FA
   721                           pcl	equ	0x4F9
   722                           tblptru	equ	0x4F8
   723                           tblptrh	equ	0x4F7
   724                           tblptrl	equ	0x4F6
   725                           tablat	equ	0x4F5
   726                           prodh	equ	0x4F4
   727                           prodl	equ	0x4F3
   728                           indf0	equ	0x4EF
   729                           postinc0	equ	0x4EE
   730                           postdec0	equ	0x4ED
   731                           preinc0	equ	0x4EC
   732                           plusw0	equ	0x4EB
   733                           fsr0h	equ	0x4EA
   734                           fsr0l	equ	0x4E9
   735                           wreg	equ	0x4E8
   736                           indf1	equ	0x4E7
   737                           postinc1	equ	0x4E6
   738                           postdec1	equ	0x4E5
   739                           preinc1	equ	0x4E4
   740                           plusw1	equ	0x4E3
   741                           fsr1h	equ	0x4E2
   742                           fsr1l	equ	0x4E1
   743                           bsr	equ	0x4E0
   744                           indf2	equ	0x4DF
   745                           postinc2	equ	0x4DE
   746                           postdec2	equ	0x4DD
   747                           preinc2	equ	0x4DC
   748                           plusw2	equ	0x4DB
   749                           fsr2h	equ	0x4DA
   750                           fsr2l	equ	0x4D9
   751                           status	equ	0x4D8

Data Sizes:
    Strings     0
    Constant    0
    Data        0
    BSS         17
    Persistent  0
    Stack       0

Auto Spaces:
    Space          Size  Autos    Used
    COMRAM           95      2      19
    BANK5           160      0       0
    BANK6           256      0       0
    BANK7           256      0       0
    BANK8           256      0       0
    BANK9           256      0       0
    BANK10          256      0       0
    BANK11          256      0       0
    BANK12          256      0       0
    BANK13          256      0       0
    BANK14          256      0       0
    BANK15          256      0       0
    BANK16          256      0       0
    BANK17          256      0       0
    BANK18          256      0       0
    BANK19          256      0       0
    BANK20          256      0       0
    BANK21          256      0       0
    BANK22          256      0       0
    BANK23          256      0       0
    BANK24          256      0       0
    BANK25          256      0       0
    BANK26          256      0       0
    BANK27          256      0       0
    BANK28          256      0       0
    BANK29          256      0       0
    BANK30          256      0       0
    BANK31          256      0       0
    BANK32          256      0       0
    BANK33          256      0       0
    BANK34          256      0       0
    BANK35          256      0       0
    BANK36          256      0       0
    BANK37          256      0       0

Pointer List with Targets:

    None.

Critical Paths under _main in COMRAM

    _main->_UserAppRun

Critical Paths under _main in BANK5

    None.

Critical Paths under _main in BANK6

    None.

Critical Paths under _main in BANK7

    None.

Critical Paths under _main in BANK8

    None.

Critical Paths under _main in BANK9

    None.

Critical Paths under _main in BANK10

    None.

Critical Paths under _main in BANK11

    None.

Critical Paths under _main in BANK12

    None.

Critical Paths under _main in BANK13

    None.

Critical Paths under _main in BANK14

    None.

Critical Paths under _main in BANK15

    None.

Critical Paths under _main in BANK16

    None.

Critical Paths under _main in BANK17

    None.

Critical Paths under _main in BANK18

    None.

Critical Paths under _main in BANK19

    None.

Critical Paths under _main in BANK20

    None.

Critical Paths under _main in BANK21

    None.

Critical Paths under _main in BANK22

    None.

Critical Paths under _main in BANK23

    None.

Critical Paths under _main in BANK24

    None.

Critical Paths under _main in BANK25

    None.

Critical Paths under _main in BANK26

    None.

Critical Paths under _main in BANK27

    None.

Critical Paths under _main in BANK28

    None.

Critical Paths under _main in BANK29

    None.

Critical Paths under _main in BANK30

    None.

Critical Paths under _main in BANK31

    None.

Critical Paths under _main in BANK32

    None.

Critical Paths under _main in BANK33

    None.

Critical Paths under _main in BANK34

    None.

Critical Paths under _main in BANK35

    None.

Critical Paths under _main in BANK36

    None.

Critical Paths under _main in BANK37

    None.

Call Graph Tables:

 ---------------------------------------------------------------------------------
 (Depth) Function   	        Calls       Base Space   Used Autos Params    Refs
 ---------------------------------------------------------------------------------
 (0) _main                                                 0     0      0       0
                         _ClockSetup
                          _GpioSetup
                       _SysTickSetup
                        _SystemSleep
                  _UserAppInitialize
                         _UserAppRun
 ---------------------------------------------------------------------------------
 (1) _UserAppRun                                           2     2      0       0
                                              0 COMRAM     2     2      0
 ---------------------------------------------------------------------------------
 (1) _UserAppInitialize                                    0     0      0       0
 ---------------------------------------------------------------------------------
 (1) _SystemSleep                                          0     0      0       0
 ---------------------------------------------------------------------------------
 (1) _SysTickSetup                                         0     0      0       0
 ---------------------------------------------------------------------------------
 (1) _GpioSetup                                            0     0      0       0
 ---------------------------------------------------------------------------------
 (1) _ClockSetup                                           0     0      0       0
 ---------------------------------------------------------------------------------
 Estimated maximum stack depth 1
 ---------------------------------------------------------------------------------

 Call Graph Graphs:

 _main (ROOT)
   _ClockSetup
   _GpioSetup
   _SysTickSetup
   _SystemSleep
   _UserAppInitialize
   _UserAppRun

 Address spaces:
Name               Size   Autos  Total    Cost      Usage
BIGRAM            20FF      0       0      71        0.0%
EEDATA             400      0       0       0        0.0%
BITBANK37          100      0       0      70        0.0%
BANK37             100      0       0      68        0.0%
BITBANK36          100      0       0      66        0.0%
BANK36             100      0       0      67        0.0%
BITBANK35          100      0       0      64        0.0%
BANK35             100      0       0      65        0.0%
BITBANK34          100      0       0      62        0.0%
BANK34             100      0       0      63        0.0%
BITBANK33          100      0       0      60        0.0%
BANK33             100      0       0      61        0.0%
BITBANK32          100      0       0      58        0.0%
BANK32             100      0       0      59        0.0%
BITBANK31          100      0       0      56        0.0%
BANK31             100      0       0      57        0.0%
BITBANK30          100      0       0      54        0.0%
BANK30             100      0       0      55        0.0%
BITBANK29          100      0       0      52        0.0%
BANK29             100      0       0      53        0.0%
BITBANK28          100      0       0      50        0.0%
BANK28             100      0       0      51        0.0%
BITBANK27          100      0       0      48        0.0%
BANK27             100      0       0      49        0.0%
BITBANK26          100      0       0      46        0.0%
BANK26             100      0       0      47        0.0%
BITBANK25          100      0       0      44        0.0%
BANK25             100      0       0      45        0.0%
BITBANK24          100      0       0      42        0.0%
BANK24             100      0       0      43        0.0%
BITBANK23          100      0       0      40        0.0%
BANK23             100      0       0      41        0.0%
BITBANK22          100      0       0      38        0.0%
BANK22             100      0       0      39        0.0%
BITBANK21          100      0       0      36        0.0%
BANK21             100      0       0      37        0.0%
BITBANK20          100      0       0      34        0.0%
BANK20             100      0       0      35        0.0%
BITBANK19          100      0       0      32        0.0%
BANK19             100      0       0      33        0.0%
BITBANK18          100      0       0      30        0.0%
BANK18             100      0       0      31        0.0%
BITBANK17          100      0       0      28        0.0%
BANK17             100      0       0      29        0.0%
BITBANK16          100      0       0      26        0.0%
BANK16             100      0       0      27        0.0%
BITBANK15          100      0       0      24        0.0%
BANK15             100      0       0      25        0.0%
BITBANK14          100      0       0      22        0.0%
BANK14             100      0       0      23        0.0%
BITBANK13          100      0       0      20        0.0%
BANK13             100      0       0      21        0.0%
BITBANK12          100      0       0      18        0.0%
BANK12             100      0       0      19        0.0%
BITBANK11          100      0       0      16        0.0%
BANK11             100      0       0      17        0.0%
BITBANK10          100      0       0      14        0.0%
BANK10             100      0       0      15        0.0%
BITBANK9           100      0       0      12        0.0%
BANK9              100      0       0      13        0.0%
BITBANK8           100      0       0      10        0.0%
BANK8              100      0       0      11        0.0%
BITBANK7           100      0       0       8        0.0%
BANK7              100      0       0       9        0.0%
BITBANK6           100      0       0       6        0.0%
BANK6              100      0       0       7        0.0%
BITBANK5            A0      0       0       4        0.0%
BANK5               A0      0       0       5        0.0%
BITCOMRAM           5F      0       0       0        0.0%
COMRAM              5F      2      13       1       20.0%
BITSFR_5             0      0       0     200        0.0%
SFR_5                0      0       0     200        0.0%
BITSFR_4             0      0       0     200        0.0%
SFR_4                0      0       0     200        0.0%
BITSFR_3             0      0       0     200        0.0%
SFR_3                0      0       0     200        0.0%
BITSFR_2             0      0       0     200        0.0%
SFR_2                0      0       0     200        0.0%
BITSFR_1             0      0       0     200        0.0%
SFR_1                0      0       0     200        0.0%
BITSFR               0      0       0     200        0.0%
SFR                  0      0       0     200        0.0%
STACK                0      0       0       2        0.0%
NULL                 0      0       0       0        0.0%
ABS                  0      0      13      69        0.0%
DATA                 0      0      13       3        0.0%
CODE                 0      0       0       0        0.0%


Microchip Technology PIC18 Macro Assembler V2.31 build 20201012212115 
Symbol Table                                                                                   Wed Feb 24 19:54:38 2021

     __size_of_SysTickSetup 0022                          l20 FF44                          l23 FF84  
                        l17 FF16                          l26 FF18                          l63 FF1A  
                        l72 FFFA                          u10 FF94                          u11 FF90  
                        u20 FFB8                          u21 FFB4                          u30 FFD0  
                        u31 FFCC                          u47 FF9E                         l760 FFD0  
                       l752 FF86                         l762 FFE0                         l754 FF94  
                       l748 FF2E                         l780 FF64                         l764 FFE8  
                       l756 FFAA                         l758 FFB8                         l790 FF54  
                       l782 FF46                         l792 FF58                         l784 FF48  
                       l786 FF4C                         l788 FF50                         wreg 0004E8  
                      _main FF46                _SysTickSetup FF64                        start FFFC  
      __size_of_SystemSleep 0002                ___param_bank 000000                  _ClockSetup FF16  
                     ?_main 0512                       _PORTA 0004CE                       _PORTB 0004CF  
                     _TRISA 0004C6                       _TRISB 0004C7                       status 0004D8  
           __initialization FF1C                __end_of_main FF64                      ??_main 0514  
             __activetblptr 000000                      _ANSELA 000400                      _ANSELB 000408  
        __size_of_GpioSetup 0018                 ?_ClockSetup 0512                      clear_0 FF22  
                _UserAppRun FF86                  __accesstop 0560     __end_of__initialization FF28  
             ___rparam_used 000001            _G_u8UserAppFlags 0511              __pcstackCOMRAM 0512  
         __end_of_GpioSetup FF46         __size_of_ClockSetup 0002                 ?_UserAppRun 0512  
             ??_SystemSleep 0512                     __Hparam 0000                     __Lparam 0000  
                   __pcinit FF1C                     __ramtop 2600                     __ptext0 FF46  
                   __ptext1 FF86                     __ptext2 FF1A                     __ptext3 FF18  
                   __ptext4 FF64                     __ptext5 FF2E                     __ptext6 FF16  
      end_of_initialization FF28            _G_u32SystemFlags 0505                     postinc0 0004EE  
       __end_of_SystemSleep FF1A                ??_ClockSetup 0512         __size_of_UserAppRun 0076  
        __end_of_ClockSetup FF18                 UserAppRun@i 0501                   _GpioSetup FF2E  
       start_initialization FF1C               ?_SysTickSetup 0512                 _SystemSleep FF18  
                ?_GpioSetup 0512                 __pbssCOMRAM 0501           _UserAppInitialize FF1A  
              ??_UserAppRun 0512          ?_UserAppInitialize 0512              ??_SysTickSetup 0512  
       ??_UserAppInitialize 0512          __end_of_UserAppRun FFFC   __end_of_UserAppInitialize FF1C  
               ??_GpioSetup 0512                    __Hrparam 0000                    __Lrparam 0000  
      __end_of_SysTickSetup FF86  __size_of_UserAppInitialize 0002               __size_of_main 001E  
              ?_SystemSleep 0512          _G_u32SystemTime1ms 050D           _G_u32SystemTime1s 0509  
