

Microchip MPLAB XC8 Assembler V2.31 build 20201012212115 
                                                                                               Fri Mar 05 01:04:38 2021

Microchip MPLAB XC8 C Compiler v2.31 (Free license) build 20201012212115 Og1 
     1                           	processor	18F27Q43
     2                           	fnconf	rparam,??,?,0
     3                           	pagewidth 120
     4                           	opt	flic
     5                           	psect	idataCOMRAM,global,class=CODE,delta=1,noexec
     6                           	psect	cinit,global,reloc=2,class=CODE,delta=1
     7                           	psect	bssCOMRAM,global,class=COMRAM,space=1,delta=1,lowdata,noexec
     8                           	psect	dataCOMRAM,global,class=COMRAM,space=1,delta=1,lowdata,noexec
     9                           	psect	cstackCOMRAM,global,class=COMRAM,space=1,delta=1,lowdata,noexec
    10                           	psect	text0,global,reloc=2,class=CODE,delta=1
    11                           	psect	text1,global,reloc=2,class=CODE,delta=1
    12                           	psect	text2,global,reloc=2,class=CODE,delta=1
    13                           	psect	text3,global,reloc=2,class=CODE,delta=1
    14                           	psect	text4,global,reloc=2,class=CODE,delta=1
    15                           	psect	text5,global,reloc=2,class=CODE,delta=1
    16                           	psect	text6,global,reloc=2,class=CODE,delta=1
    17                           	psect	text7,global,reloc=2,class=CODE,delta=1
    18                           	psect	intsave_regs,global,class=BIGRAM,space=1,delta=1,noexec
    19                           	psect	rparam,global,class=COMRAM,space=1,delta=1,noexec
    20                           	psect	idloc,global,abs,ovrld,class=IDLOC,space=5,delta=1,noexec
    21                           	psect	config,global,abs,ovrld,class=CONFIG,space=4,delta=1,noexec
    22  0000                     
    23                           ; Version 2.30
    24                           ; Generated 20/08/2020 GMT
    25                           ; 
    26                           ; Copyright © 2020, Microchip Technology Inc. and its subsidiaries ("Microchip")
    27                           ; All rights reserved.
    28                           ; 
    29                           ; This software is developed by Microchip Technology Inc. and its subsidiaries ("Microch
      +                          ip").
    30                           ; 
    31                           ; Redistribution and use in source and binary forms, with or without modification, are
    32                           ; permitted provided that the following conditions are met:
    33                           ; 
    34                           ;     1. Redistributions of source code must retain the above copyright notice, this lis
      +                          t of
    35                           ;        conditions and the following disclaimer.
    36                           ; 
    37                           ;     2. Redistributions in binary form must reproduce the above copyright notice, this 
      +                          list
    38                           ;        of conditions and the following disclaimer in the documentation and/or other
    39                           ;        materials provided with the distribution. Publication is not required when
    40                           ;        this file is used in an embedded application.
    41                           ; 
    42                           ;     3. Microchip's name may not be used to endorse or promote products derived from th
      +                          is
    43                           ;        software without specific prior written permission.
    44                           ; 
    45                           ; THIS SOFTWARE IS PROVIDED BY MICROCHIP "AS IS" AND ANY EXPRESS OR IMPLIED WARRANTIES,
    46                           ; INCLUDING, BUT NOT LIMITED TO, THE IMPLIED WARRANTIES OF MERCHANTABILITY AND FITNESS F
      +                          OR
    47                           ; PURPOSE ARE DISCLAIMED.  IN NO EVENT SHALL MICROCHIP BE LIABLE FOR ANY DIRECT, INDIREC
      +                          T,
    48                           ; INCIDENTAL, SPECIAL, EXEMPLARY, OR CONSEQUENTIAL DAMAGES (INCLUDING BUT NOT LIMITED TO
    49                           ; PROCUREMENT OF SUBSTITUTE GOODS OR SERVICES; LOSS OF USE, DATA OR PROFITS; OR BUSINESS
    50                           ; INTERRUPTION) HOWSOEVER CAUSED AND ON ANY THEORY OF LIABILITY, WHETHER IN CONTRACT, ST
      +                          RICT
    51                           ; LIABILITY, OR TORT (INCLUDING NEGLIGENCE OR OTHERWISE) ARISING IN ANY WAY OUT OF THE U
      +                          SE OF
    52                           ; THIS SOFTWARE, EVEN IF ADVISED OF THE POSSIBILITY OF SUCH DAMAGE.
    53                           ; 
    54                           ; 
    55                           ; Code-generator required, PIC18F27Q43 Definitions
    56                           ; 
    57                           ; SFR Addresses
    58  0000                     
    59                           	psect	idataCOMRAM
    60  01FEB7                     __pidataCOMRAM:
    61                           	callstack 0
    62                           
    63                           ;initializer for UserAppRun@F15927
    64  01FEB7  21                 	db	33
    65  01FEB8  12                 	db	18
    66  01FEB9  0C                 	db	12
    67  01FEBA  12                 	db	18
    68  01FEBB  21                 	db	33
    69  0000                     _TMR0H	set	793
    70  0000                     _TMR0L	set	792
    71  0000                     _T0CON1	set	795
    72  0000                     _T0CON0	set	794
    73  0000                     _ANSELA	set	1024
    74  0000                     _LATA	set	1214
    75  0000                     _PIR3	set	1201
    76  0000                     _PORTA	set	1230
    77  0000                     _TRISA	set	1222
    78                           
    79                           ; #config settings
    80                           
    81                           	psect	cinit
    82  01FF1A                     __pcinit:
    83                           	callstack 0
    84  01FF1A                     start_initialization:
    85                           	callstack 0
    86  01FF1A                     __initialization:
    87                           	callstack 0
    88                           
    89                           ; Initialize objects allocated to COMRAM (5 bytes)
    90                           ; load TBLPTR registers with __pidataCOMRAM
    91  01FF1A  0EB7               	movlw	low __pidataCOMRAM
    92  01FF1C  6EF6               	movwf	tblptrl,c
    93  01FF1E  0EFE               	movlw	high __pidataCOMRAM
    94  01FF20  6EF7               	movwf	tblptrh,c
    95  01FF22  0E01               	movlw	low (__pidataCOMRAM shr (0+16))
    96  01FF24  6EF8               	movwf	tblptru,c
    97  01FF26  EE01  F118         	lfsr	0,__pdataCOMRAM
    98  01FF2A  EE10 F005          	lfsr	1,5
    99  01FF2E                     copy_data0:
   100  01FF2E  0009               	tblrd		*+
   101  01FF30  C4F5 F4EE          	movff	tablat,postinc0
   102  01FF34  50E5               	movf	postdec1,w,c
   103  01FF36  50E1               	movf	fsr1l,w,c
   104  01FF38  E1FA               	bnz	copy_data0
   105                           
   106                           ; Clear objects allocated to COMRAM (17 bytes)
   107  01FF3A  EE01  F101         	lfsr	0,__pbssCOMRAM
   108  01FF3E  0E11               	movlw	17
   109  01FF40                     clear_0:
   110  01FF40  6AEE               	clrf	postinc0,c
   111  01FF42  06E8               	decf	wreg,f,c
   112  01FF44  E1FD               	bnz	clear_0
   113  01FF46                     end_of_initialization:
   114                           	callstack 0
   115  01FF46                     __end_of__initialization:
   116                           	callstack 0
   117  01FF46  0100               	movlb	0
   118  01FF48  EFA6  F0FF         	goto	_main	;jump to C main() function
   119                           
   120                           	psect	bssCOMRAM
   121  000501                     __pbssCOMRAM:
   122                           	callstack 0
   123  000501                     _G_u32SystemFlags:
   124                           	callstack 0
   125  000501                     	ds	4
   126  000505                     _G_u32SystemTime1s:
   127                           	callstack 0
   128  000505                     	ds	4
   129  000509                     _G_u32SystemTime1ms:
   130                           	callstack 0
   131  000509                     	ds	4
   132  00050D                     UserAppRun@LightOn:
   133                           	callstack 0
   134  00050D                     	ds	2
   135  00050F                     UserAppRun@u16Del:
   136                           	callstack 0
   137  00050F                     	ds	2
   138  000511                     _G_u8UserAppFlags:
   139                           	callstack 0
   140  000511                     	ds	1
   141                           
   142                           	psect	dataCOMRAM
   143  000518                     __pdataCOMRAM:
   144                           	callstack 0
   145  000518                     UserAppRun@F15927:
   146                           	callstack 0
   147  000518                     	ds	5
   148                           
   149                           	psect	cstackCOMRAM
   150  000512                     __pcstackCOMRAM:
   151                           	callstack 0
   152  000512                     TimeXus@u16s:
   153                           	callstack 0
   154  000512                     UserAppRun@au8Pattern:
   155                           	callstack 0
   156                           
   157                           ; 5 bytes @ 0x0
   158  000512                     	ds	2
   159  000514                     TimeXus@u16t:
   160                           	callstack 0
   161                           
   162                           ; 2 bytes @ 0x2
   163  000514                     	ds	3
   164  000517                     UserAppRun@u8Temporary:
   165                           	callstack 0
   166                           
   167                           ; 1 bytes @ 0x5
   168  000517                     	ds	1
   169  000518                     
   170                           ; 1 bytes @ 0x6
   171 ;;
   172 ;;Main: autosize = 0, tempsize = 0, incstack = 0, save=0
   173 ;;
   174 ;; *************** function _main *****************
   175 ;; Defined at:
   176 ;;		line 35 in file "main.c"
   177 ;; Parameters:    Size  Location     Type
   178 ;;		None
   179 ;; Auto vars:     Size  Location     Type
   180 ;;		None
   181 ;; Return value:  Size  Location     Type
   182 ;;                  1    wreg      void 
   183 ;; Registers used:
   184 ;;		wreg, fsr1l, fsr1h, fsr2l, fsr2h, status,2, status,0, cstack
   185 ;; Tracked objects:
   186 ;;		On entry : 0/0
   187 ;;		On exit  : 0/0
   188 ;;		Unchanged: 0/0
   189 ;; Data sizes:     COMRAM   BANK5   BANK6   BANK7   BANK8   BANK9  BANK10  BANK11  BANK12  BANK13  BANK14  BANK15  BANK1
      +6  BANK17  BANK18  BANK19  BANK20  BANK21  BANK22  BANK23  BANK24  BANK25  BANK26  BANK27  BANK28  BANK29  BANK30  BANK3
      +1  BANK32  BANK33  BANK34  BANK35  BANK36  BANK37
   190 ;;      Params:         0       0       0       0       0       0       0       0       0       0       0       0       
      +0       0       0       0       0       0       0       0       0       0       0       0       0       0       0       
      +0       0       0       0       0       0       0
   191 ;;      Locals:         0       0       0       0       0       0       0       0       0       0       0       0       
      +0       0       0       0       0       0       0       0       0       0       0       0       0       0       0       
      +0       0       0       0       0       0       0
   192 ;;      Temps:          0       0       0       0       0       0       0       0       0       0       0       0       
      +0       0       0       0       0       0       0       0       0       0       0       0       0       0       0       
      +0       0       0       0       0       0       0
   193 ;;      Totals:         0       0       0       0       0       0       0       0       0       0       0       0       
      +0       0       0       0       0       0       0       0       0       0       0       0       0       0       0       
      +0       0       0       0       0       0       0
   194 ;;Total ram usage:        0 bytes
   195 ;; Hardware stack levels required when called:    1
   196 ;; This function calls:
   197 ;;		_ClockSetup
   198 ;;		_GpioSetup
   199 ;;		_SysTickSetup
   200 ;;		_SystemSleep
   201 ;;		_TimeXus
   202 ;;		_UserAppInitialize
   203 ;;		_UserAppRun
   204 ;; This function is called by:
   205 ;;		Startup code after reset
   206 ;; This function uses a non-reentrant model
   207 ;;
   208                           
   209                           	psect	text0
   210  01FF4C                     __ptext0:
   211                           	callstack 0
   212  01FF4C                     _main:
   213                           	callstack 127
   214  01FF4C                     
   215                           ;main.c: 37:   G_u32SystemFlags |= (u32)0x80000000;
   216  01FF4C  8E04               	bsf	(_G_u32SystemFlags+3)^(0+1280),7,c	;volatile
   217  01FF4E                     
   218                           ;main.c: 40:   ClockSetup();
   219  01FF4E  EC59  F0FF         	call	_ClockSetup	;wreg free
   220  01FF52                     
   221                           ;main.c: 41:   SysTickSetup();
   222  01FF52  EC7C  F0FF         	call	_SysTickSetup	;wreg free
   223  01FF56                     
   224                           ;main.c: 42:   GpioSetup();
   225  01FF56  EC5E  F0FF         	call	_GpioSetup	;wreg free
   226  01FF5A                     
   227                           ;main.c: 47:   UserAppInitialize();
   228  01FF5A  EC66  F0FF         	call	_UserAppInitialize	;wreg free
   229  01FF5E                     l842:
   230                           
   231                           ;main.c: 53:   {;main.c: 57:     UserAppRun();
   232  01FF5E  ECC4  F0FF         	call	_UserAppRun	;wreg free
   233  01FF62                     
   234                           ;main.c: 62:     SystemSleep();
   235  01FF62  EC5A  F0FF         	call	_SystemSleep	;wreg free
   236  01FF66                     
   237                           ;main.c: 63:     TimeXus(1000);
   238  01FF66  0E03               	movlw	3
   239  01FF68  6E13               	movwf	(TimeXus@u16s+1)^(0+1280),c
   240  01FF6A  0EE8               	movlw	232
   241  01FF6C  6E12               	movwf	TimeXus@u16s^(0+1280),c
   242  01FF6E  EC6E  F0FF         	call	_TimeXus	;wreg free
   243  01FF72                     l50:
   244  01FF72  AEB1               	btfss	177,7,c	;volatile
   245  01FF74  EFBE  F0FF         	goto	u51
   246  01FF78  EFC0  F0FF         	goto	u50
   247  01FF7C                     u51:
   248  01FF7C  EFB9  F0FF         	goto	l50
   249  01FF80                     u50:
   250  01FF80  EFAF  F0FF         	goto	l842
   251  01FF84  EFFE  F0FF         	goto	start
   252  01FF88                     __end_of_main:
   253                           	callstack 0
   254                           
   255 ;; *************** function _UserAppRun *****************
   256 ;; Defined at:
   257 ;;		line 128 in file "user_app.c"
   258 ;; Parameters:    Size  Location     Type
   259 ;;		None
   260 ;; Auto vars:     Size  Location     Type
   261 ;;  u8Temporary     1    5[COMRAM] unsigned char 
   262 ;;  au8Pattern      5    0[COMRAM] unsigned char [5]
   263 ;; Return value:  Size  Location     Type
   264 ;;                  1    wreg      void 
   265 ;; Registers used:
   266 ;;		wreg, fsr1l, fsr1h, fsr2l, fsr2h, status,2, status,0
   267 ;; Tracked objects:
   268 ;;		On entry : 0/0
   269 ;;		On exit  : 0/0
   270 ;;		Unchanged: 0/0
   271 ;; Data sizes:     COMRAM   BANK5   BANK6   BANK7   BANK8   BANK9  BANK10  BANK11  BANK12  BANK13  BANK14  BANK15  BANK1
      +6  BANK17  BANK18  BANK19  BANK20  BANK21  BANK22  BANK23  BANK24  BANK25  BANK26  BANK27  BANK28  BANK29  BANK30  BANK3
      +1  BANK32  BANK33  BANK34  BANK35  BANK36  BANK37
   272 ;;      Params:         0       0       0       0       0       0       0       0       0       0       0       0       
      +0       0       0       0       0       0       0       0       0       0       0       0       0       0       0       
      +0       0       0       0       0       0       0
   273 ;;      Locals:         6       0       0       0       0       0       0       0       0       0       0       0       
      +0       0       0       0       0       0       0       0       0       0       0       0       0       0       0       
      +0       0       0       0       0       0       0
   274 ;;      Temps:          0       0       0       0       0       0       0       0       0       0       0       0       
      +0       0       0       0       0       0       0       0       0       0       0       0       0       0       0       
      +0       0       0       0       0       0       0
   275 ;;      Totals:         6       0       0       0       0       0       0       0       0       0       0       0       
      +0       0       0       0       0       0       0       0       0       0       0       0       0       0       0       
      +0       0       0       0       0       0       0
   276 ;;Total ram usage:        6 bytes
   277 ;; Hardware stack levels used:    1
   278 ;; This function calls:
   279 ;;		Nothing
   280 ;; This function is called by:
   281 ;;		_main
   282 ;; This function uses a non-reentrant model
   283 ;;
   284                           
   285                           	psect	text1
   286  01FF88                     __ptext1:
   287                           	callstack 0
   288  01FF88                     _UserAppRun:
   289                           	callstack 127
   290  01FF88                     
   291                           ;user_app.c: 130:     static u16 u16Del = 0;;user_app.c: 132:     static int LightOn = 0
      +                          ;;user_app.c: 134:     u8 au8Pattern [5] = {0x21, 0x12, 0x0c, 0x12, 0x21};
   292  01FF88  EE21  F118         	lfsr	2,UserAppRun@F15927
   293  01FF8C  EE11  F112         	lfsr	1,UserAppRun@au8Pattern
   294  01FF90  0E04               	movlw	4
   295  01FF92                     u11:
   296  01FF92  C4DB F4E3          	movff	plusw2,plusw1
   297  01FF96  06E8               	decf	wreg,f,c
   298  01FF98  E2FC               	bc	u11
   299  01FF9A                     
   300                           ;user_app.c: 135:     u16Del++;
   301  01FF9A  4A0F               	infsnz	UserAppRun@u16Del^(0+1280),f,c
   302  01FF9C  2A10               	incf	(UserAppRun@u16Del+1)^(0+1280),f,c
   303  01FF9E                     
   304                           ;user_app.c: 137:     if(u16Del == 250)
   305  01FF9E  0EFA               	movlw	250
   306  01FFA0  180F               	xorwf	UserAppRun@u16Del^(0+1280),w,c
   307  01FFA2  1010               	iorwf	(UserAppRun@u16Del+1)^(0+1280),w,c
   308  01FFA4  A4D8               	btfss	status,2,c
   309  01FFA6  EFD7  F0FF         	goto	u21
   310  01FFAA  EFD9  F0FF         	goto	u20
   311  01FFAE                     u21:
   312  01FFAE  EFFD  F0FF         	goto	l86
   313  01FFB2                     u20:
   314  01FFB2                     
   315                           ;user_app.c: 138:     {;user_app.c: 139:        u16Del = 0;
   316  01FFB2  0E00               	movlw	0
   317  01FFB4  6E10               	movwf	(UserAppRun@u16Del+1)^(0+1280),c
   318  01FFB6  0E00               	movlw	0
   319  01FFB8  6E0F               	movwf	UserAppRun@u16Del^(0+1280),c
   320  01FFBA                     
   321                           ;user_app.c: 140:        u8 u8Temporary = LATA;
   322  01FFBA  0061 F2F8  F517    	movff	1214,UserAppRun@u8Temporary	;volatile
   323  01FFC0                     
   324                           ;user_app.c: 142:        u8Temporary &= 0x80;
   325  01FFC0  0E80               	movlw	128
   326  01FFC2  1617               	andwf	UserAppRun@u8Temporary^(0+1280),f,c
   327  01FFC4                     
   328                           ;user_app.c: 144:        u8Temporary |= au8Pattern[LightOn];
   329  01FFC4  0E12               	movlw	low UserAppRun@au8Pattern
   330  01FFC6  240D               	addwf	UserAppRun@LightOn^(0+1280),w,c
   331  01FFC8  6ED9               	movwf	fsr2l,c
   332  01FFCA  0E05               	movlw	high UserAppRun@au8Pattern
   333  01FFCC  200E               	addwfc	(UserAppRun@LightOn+1)^(0+1280),w,c
   334  01FFCE  6EDA               	movwf	fsr2h,c
   335  01FFD0  50DF               	movf	indf2,w,c
   336  01FFD2  1217               	iorwf	UserAppRun@u8Temporary^(0+1280),f,c
   337  01FFD4                     
   338                           ;user_app.c: 145:        LATA = u8Temporary;
   339  01FFD4  0061  F45C  F4BE   	movff	UserAppRun@u8Temporary,1214	;volatile
   340  01FFDA                     
   341                           ;user_app.c: 146:        LightOn++;
   342  01FFDA  4A0D               	infsnz	UserAppRun@LightOn^(0+1280),f,c
   343  01FFDC  2A0E               	incf	(UserAppRun@LightOn+1)^(0+1280),f,c
   344  01FFDE                     
   345                           ;user_app.c: 148:        if(LightOn == 5)
   346  01FFDE  0E05               	movlw	5
   347  01FFE0  180D               	xorwf	UserAppRun@LightOn^(0+1280),w,c
   348  01FFE2  100E               	iorwf	(UserAppRun@LightOn+1)^(0+1280),w,c
   349  01FFE4  A4D8               	btfss	status,2,c
   350  01FFE6  EFF7  F0FF         	goto	u31
   351  01FFEA  EFF9  F0FF         	goto	u30
   352  01FFEE                     u31:
   353  01FFEE  EFFD  F0FF         	goto	l86
   354  01FFF2                     u30:
   355  01FFF2                     
   356                           ;user_app.c: 149:        {;user_app.c: 150:            LightOn = 0;
   357  01FFF2  0E00               	movlw	0
   358  01FFF4  6E0E               	movwf	(UserAppRun@LightOn+1)^(0+1280),c
   359  01FFF6  0E00               	movlw	0
   360  01FFF8  6E0D               	movwf	UserAppRun@LightOn^(0+1280),c
   361  01FFFA                     l86:
   362  01FFFA  0012               	return		;funcret
   363  01FFFC                     __end_of_UserAppRun:
   364                           	callstack 0
   365                           
   366 ;; *************** function _UserAppInitialize *****************
   367 ;; Defined at:
   368 ;;		line 78 in file "user_app.c"
   369 ;; Parameters:    Size  Location     Type
   370 ;;		None
   371 ;; Auto vars:     Size  Location     Type
   372 ;;		None
   373 ;; Return value:  Size  Location     Type
   374 ;;                  1    wreg      void 
   375 ;; Registers used:
   376 ;;		wreg, status,2
   377 ;; Tracked objects:
   378 ;;		On entry : 0/0
   379 ;;		On exit  : 0/0
   380 ;;		Unchanged: 0/0
   381 ;; Data sizes:     COMRAM   BANK5   BANK6   BANK7   BANK8   BANK9  BANK10  BANK11  BANK12  BANK13  BANK14  BANK15  BANK1
      +6  BANK17  BANK18  BANK19  BANK20  BANK21  BANK22  BANK23  BANK24  BANK25  BANK26  BANK27  BANK28  BANK29  BANK30  BANK3
      +1  BANK32  BANK33  BANK34  BANK35  BANK36  BANK37
   382 ;;      Params:         0       0       0       0       0       0       0       0       0       0       0       0       
      +0       0       0       0       0       0       0       0       0       0       0       0       0       0       0       
      +0       0       0       0       0       0       0
   383 ;;      Locals:         0       0       0       0       0       0       0       0       0       0       0       0       
      +0       0       0       0       0       0       0       0       0       0       0       0       0       0       0       
      +0       0       0       0       0       0       0
   384 ;;      Temps:          0       0       0       0       0       0       0       0       0       0       0       0       
      +0       0       0       0       0       0       0       0       0       0       0       0       0       0       0       
      +0       0       0       0       0       0       0
   385 ;;      Totals:         0       0       0       0       0       0       0       0       0       0       0       0       
      +0       0       0       0       0       0       0       0       0       0       0       0       0       0       0       
      +0       0       0       0       0       0       0
   386 ;;Total ram usage:        0 bytes
   387 ;; Hardware stack levels used:    1
   388 ;; This function calls:
   389 ;;		Nothing
   390 ;; This function is called by:
   391 ;;		_main
   392 ;; This function uses a non-reentrant model
   393 ;;
   394                           
   395                           	psect	text2
   396  01FECC                     __ptext2:
   397                           	callstack 0
   398  01FECC                     _UserAppInitialize:
   399                           	callstack 127
   400  01FECC                     
   401                           ;user_app.c: 80:     LATA = 0x80;
   402  01FECC  0E80               	movlw	128
   403  01FECE  6EBE               	movwf	190,c	;volatile
   404                           
   405                           ;user_app.c: 81:     T0CON0 = 0x90;
   406  01FED0  0E90               	movlw	144
   407  01FED2  0103               	movlb	3	; () banked
   408  01FED4  6F1A               	movwf	26,b	;volatile
   409                           
   410                           ;user_app.c: 82:     T0CON1 = 0x54;
   411  01FED6  0E54               	movlw	84
   412  01FED8  6F1B               	movwf	27,b	;volatile
   413  01FEDA                     
   414                           ; BSR set to: 3
   415  01FEDA  0012               	return		;funcret
   416  01FEDC                     __end_of_UserAppInitialize:
   417                           	callstack 0
   418                           
   419 ;; *************** function _TimeXus *****************
   420 ;; Defined at:
   421 ;;		line 100 in file "user_app.c"
   422 ;; Parameters:    Size  Location     Type
   423 ;;  u16s            2    0[COMRAM] unsigned short 
   424 ;; Auto vars:     Size  Location     Type
   425 ;;  u16t            2    2[COMRAM] unsigned short 
   426 ;; Return value:  Size  Location     Type
   427 ;;                  1    wreg      void 
   428 ;; Registers used:
   429 ;;		wreg, status,2, status,0
   430 ;; Tracked objects:
   431 ;;		On entry : 0/0
   432 ;;		On exit  : 0/0
   433 ;;		Unchanged: 0/0
   434 ;; Data sizes:     COMRAM   BANK5   BANK6   BANK7   BANK8   BANK9  BANK10  BANK11  BANK12  BANK13  BANK14  BANK15  BANK1
      +6  BANK17  BANK18  BANK19  BANK20  BANK21  BANK22  BANK23  BANK24  BANK25  BANK26  BANK27  BANK28  BANK29  BANK30  BANK3
      +1  BANK32  BANK33  BANK34  BANK35  BANK36  BANK37
   435 ;;      Params:         2       0       0       0       0       0       0       0       0       0       0       0       
      +0       0       0       0       0       0       0       0       0       0       0       0       0       0       0       
      +0       0       0       0       0       0       0
   436 ;;      Locals:         2       0       0       0       0       0       0       0       0       0       0       0       
      +0       0       0       0       0       0       0       0       0       0       0       0       0       0       0       
      +0       0       0       0       0       0       0
   437 ;;      Temps:          0       0       0       0       0       0       0       0       0       0       0       0       
      +0       0       0       0       0       0       0       0       0       0       0       0       0       0       0       
      +0       0       0       0       0       0       0
   438 ;;      Totals:         4       0       0       0       0       0       0       0       0       0       0       0       
      +0       0       0       0       0       0       0       0       0       0       0       0       0       0       0       
      +0       0       0       0       0       0       0
   439 ;;Total ram usage:        4 bytes
   440 ;; Hardware stack levels used:    1
   441 ;; This function calls:
   442 ;;		Nothing
   443 ;; This function is called by:
   444 ;;		_main
   445 ;; This function uses a non-reentrant model
   446 ;;
   447                           
   448                           	psect	text3
   449  01FEDC                     __ptext3:
   450                           	callstack 0
   451  01FEDC                     _TimeXus:
   452                           	callstack 127
   453  01FEDC                     
   454                           ;user_app.c: 100: void TimeXus(u16 u16s);user_app.c: 101: {;user_app.c: 103:     T0CON0 
      +                          &= 0x7f;
   455  01FEDC  0103               	movlb	3	; () banked
   456  01FEDE  9F1A               	bcf	26,7,b	;volatile
   457  01FEE0                     
   458                           ; BSR set to: 3
   459                           ;user_app.c: 106:     u16 u16t = 0xffff - u16s;
   460  01FEE0  1C12               	comf	TimeXus@u16s^(0+1280),w,c
   461  01FEE2  6E14               	movwf	TimeXus@u16t^(0+1280),c
   462  01FEE4  1C13               	comf	(TimeXus@u16s+1)^(0+1280),w,c
   463  01FEE6  6E15               	movwf	(TimeXus@u16t+1)^(0+1280),c
   464  01FEE8                     
   465                           ; BSR set to: 3
   466                           ;user_app.c: 107:     TMR0L = u16t & 0x00ff;
   467  01FEE8  0061  F450  F318   	movff	TimeXus@u16t,792	;volatile
   468  01FEEE                     
   469                           ; BSR set to: 3
   470                           ;user_app.c: 108:     TMR0H = (u8) ( (u16t & 0xff00) >> 8 );
   471  01FEEE  5015               	movf	(TimeXus@u16t+1)^(0+1280),w,c
   472  01FEF0  6F19               	movwf	25,b	;volatile
   473  01FEF2                     
   474                           ; BSR set to: 3
   475                           ;user_app.c: 111:     PIR3 &= 0x7f;
   476  01FEF2  9EB1               	bcf	177,7,c	;volatile
   477  01FEF4                     
   478                           ; BSR set to: 3
   479                           ;user_app.c: 114:     T0CON0 |= 0x80;
   480  01FEF4  8F1A               	bsf	26,7,b	;volatile
   481  01FEF6                     
   482                           ; BSR set to: 3
   483  01FEF6  0012               	return		;funcret
   484  01FEF8                     __end_of_TimeXus:
   485                           	callstack 0
   486                           
   487 ;; *************** function _SystemSleep *****************
   488 ;; Defined at:
   489 ;;		line 133 in file "encm369_pic18.c"
   490 ;; Parameters:    Size  Location     Type
   491 ;;		None
   492 ;; Auto vars:     Size  Location     Type
   493 ;;		None
   494 ;; Return value:  Size  Location     Type
   495 ;;                  1    wreg      void 
   496 ;; Registers used:
   497 ;;		None
   498 ;; Tracked objects:
   499 ;;		On entry : 0/0
   500 ;;		On exit  : 0/0
   501 ;;		Unchanged: 0/0
   502 ;; Data sizes:     COMRAM   BANK5   BANK6   BANK7   BANK8   BANK9  BANK10  BANK11  BANK12  BANK13  BANK14  BANK15  BANK1
      +6  BANK17  BANK18  BANK19  BANK20  BANK21  BANK22  BANK23  BANK24  BANK25  BANK26  BANK27  BANK28  BANK29  BANK30  BANK3
      +1  BANK32  BANK33  BANK34  BANK35  BANK36  BANK37
   503 ;;      Params:         0       0       0       0       0       0       0       0       0       0       0       0       
      +0       0       0       0       0       0       0       0       0       0       0       0       0       0       0       
      +0       0       0       0       0       0       0
   504 ;;      Locals:         0       0       0       0       0       0       0       0       0       0       0       0       
      +0       0       0       0       0       0       0       0       0       0       0       0       0       0       0       
      +0       0       0       0       0       0       0
   505 ;;      Temps:          0       0       0       0       0       0       0       0       0       0       0       0       
      +0       0       0       0       0       0       0       0       0       0       0       0       0       0       0       
      +0       0       0       0       0       0       0
   506 ;;      Totals:         0       0       0       0       0       0       0       0       0       0       0       0       
      +0       0       0       0       0       0       0       0       0       0       0       0       0       0       0       
      +0       0       0       0       0       0       0
   507 ;;Total ram usage:        0 bytes
   508 ;; Hardware stack levels used:    1
   509 ;; This function calls:
   510 ;;		Nothing
   511 ;; This function is called by:
   512 ;;		_main
   513 ;; This function uses a non-reentrant model
   514 ;;
   515                           
   516                           	psect	text4
   517  01FEB4                     __ptext4:
   518                           	callstack 0
   519  01FEB4                     _SystemSleep:
   520                           	callstack 127
   521  01FEB4  0012               	return		;funcret
   522  01FEB6                     __end_of_SystemSleep:
   523                           	callstack 0
   524                           
   525 ;; *************** function _SysTickSetup *****************
   526 ;; Defined at:
   527 ;;		line 111 in file "encm369_pic18.c"
   528 ;; Parameters:    Size  Location     Type
   529 ;;		None
   530 ;; Auto vars:     Size  Location     Type
   531 ;;		None
   532 ;; Return value:  Size  Location     Type
   533 ;;                  1    wreg      void 
   534 ;; Registers used:
   535 ;;		wreg, status,2
   536 ;; Tracked objects:
   537 ;;		On entry : 0/0
   538 ;;		On exit  : 0/0
   539 ;;		Unchanged: 0/0
   540 ;; Data sizes:     COMRAM   BANK5   BANK6   BANK7   BANK8   BANK9  BANK10  BANK11  BANK12  BANK13  BANK14  BANK15  BANK1
      +6  BANK17  BANK18  BANK19  BANK20  BANK21  BANK22  BANK23  BANK24  BANK25  BANK26  BANK27  BANK28  BANK29  BANK30  BANK3
      +1  BANK32  BANK33  BANK34  BANK35  BANK36  BANK37
   541 ;;      Params:         0       0       0       0       0       0       0       0       0       0       0       0       
      +0       0       0       0       0       0       0       0       0       0       0       0       0       0       0       
      +0       0       0       0       0       0       0
   542 ;;      Locals:         0       0       0       0       0       0       0       0       0       0       0       0       
      +0       0       0       0       0       0       0       0       0       0       0       0       0       0       0       
      +0       0       0       0       0       0       0
   543 ;;      Temps:          0       0       0       0       0       0       0       0       0       0       0       0       
      +0       0       0       0       0       0       0       0       0       0       0       0       0       0       0       
      +0       0       0       0       0       0       0
   544 ;;      Totals:         0       0       0       0       0       0       0       0       0       0       0       0       
      +0       0       0       0       0       0       0       0       0       0       0       0       0       0       0       
      +0       0       0       0       0       0       0
   545 ;;Total ram usage:        0 bytes
   546 ;; Hardware stack levels used:    1
   547 ;; This function calls:
   548 ;;		Nothing
   549 ;; This function is called by:
   550 ;;		_main
   551 ;; This function uses a non-reentrant model
   552 ;;
   553                           
   554                           	psect	text5
   555  01FEF8                     __ptext5:
   556                           	callstack 0
   557  01FEF8                     _SysTickSetup:
   558                           	callstack 127
   559  01FEF8                     
   560                           ;encm369_pic18.c: 113:   G_u32SystemTime1ms = 0;
   561  01FEF8  0E00               	movlw	0
   562  01FEFA  6E09               	movwf	_G_u32SystemTime1ms^(0+1280),c	;volatile
   563  01FEFC  0E00               	movlw	0
   564  01FEFE  6E0A               	movwf	(_G_u32SystemTime1ms+1)^(0+1280),c	;volatile
   565  01FF00  0E00               	movlw	0
   566  01FF02  6E0B               	movwf	(_G_u32SystemTime1ms+2)^(0+1280),c	;volatile
   567  01FF04  0E00               	movlw	0
   568  01FF06  6E0C               	movwf	(_G_u32SystemTime1ms+3)^(0+1280),c	;volatile
   569                           
   570                           ;encm369_pic18.c: 114:   G_u32SystemTime1s = 0;
   571  01FF08  0E00               	movlw	0
   572  01FF0A  6E05               	movwf	_G_u32SystemTime1s^(0+1280),c	;volatile
   573  01FF0C  0E00               	movlw	0
   574  01FF0E  6E06               	movwf	(_G_u32SystemTime1s+1)^(0+1280),c	;volatile
   575  01FF10  0E00               	movlw	0
   576  01FF12  6E07               	movwf	(_G_u32SystemTime1s+2)^(0+1280),c	;volatile
   577  01FF14  0E00               	movlw	0
   578  01FF16  6E08               	movwf	(_G_u32SystemTime1s+3)^(0+1280),c	;volatile
   579  01FF18  0012               	return		;funcret
   580  01FF1A                     __end_of_SysTickSetup:
   581                           	callstack 0
   582                           
   583 ;; *************** function _GpioSetup *****************
   584 ;; Defined at:
   585 ;;		line 89 in file "encm369_pic18.c"
   586 ;; Parameters:    Size  Location     Type
   587 ;;		None
   588 ;; Auto vars:     Size  Location     Type
   589 ;;		None
   590 ;; Return value:  Size  Location     Type
   591 ;;                  1    wreg      void 
   592 ;; Registers used:
   593 ;;		wreg, status,2
   594 ;; Tracked objects:
   595 ;;		On entry : 0/0
   596 ;;		On exit  : 0/0
   597 ;;		Unchanged: 0/0
   598 ;; Data sizes:     COMRAM   BANK5   BANK6   BANK7   BANK8   BANK9  BANK10  BANK11  BANK12  BANK13  BANK14  BANK15  BANK1
      +6  BANK17  BANK18  BANK19  BANK20  BANK21  BANK22  BANK23  BANK24  BANK25  BANK26  BANK27  BANK28  BANK29  BANK30  BANK3
      +1  BANK32  BANK33  BANK34  BANK35  BANK36  BANK37
   599 ;;      Params:         0       0       0       0       0       0       0       0       0       0       0       0       
      +0       0       0       0       0       0       0       0       0       0       0       0       0       0       0       
      +0       0       0       0       0       0       0
   600 ;;      Locals:         0       0       0       0       0       0       0       0       0       0       0       0       
      +0       0       0       0       0       0       0       0       0       0       0       0       0       0       0       
      +0       0       0       0       0       0       0
   601 ;;      Temps:          0       0       0       0       0       0       0       0       0       0       0       0       
      +0       0       0       0       0       0       0       0       0       0       0       0       0       0       0       
      +0       0       0       0       0       0       0
   602 ;;      Totals:         0       0       0       0       0       0       0       0       0       0       0       0       
      +0       0       0       0       0       0       0       0       0       0       0       0       0       0       0       
      +0       0       0       0       0       0       0
   603 ;;Total ram usage:        0 bytes
   604 ;; Hardware stack levels used:    1
   605 ;; This function calls:
   606 ;;		Nothing
   607 ;; This function is called by:
   608 ;;		_main
   609 ;; This function uses a non-reentrant model
   610 ;;
   611                           
   612                           	psect	text6
   613  01FEBC                     __ptext6:
   614                           	callstack 0
   615  01FEBC                     _GpioSetup:
   616                           	callstack 127
   617  01FEBC                     
   618                           ;encm369_pic18.c: 91:     TRISA = 0x00;
   619  01FEBC  0E00               	movlw	0
   620  01FEBE  6EC6               	movwf	198,c	;volatile
   621                           
   622                           ;encm369_pic18.c: 92:     ANSELA = 0x00;
   623  01FEC0  0E00               	movlw	0
   624  01FEC2  0104               	movlb	4	; () banked
   625  01FEC4  6F00               	movwf	0,b	;volatile
   626                           
   627                           ;encm369_pic18.c: 93:     PORTA = 0x80;
   628  01FEC6  0E80               	movlw	128
   629  01FEC8  6ECE               	movwf	206,c	;volatile
   630  01FECA                     
   631                           ; BSR set to: 4
   632  01FECA  0012               	return		;funcret
   633  01FECC                     __end_of_GpioSetup:
   634                           	callstack 0
   635                           
   636 ;; *************** function _ClockSetup *****************
   637 ;; Defined at:
   638 ;;		line 70 in file "encm369_pic18.c"
   639 ;; Parameters:    Size  Location     Type
   640 ;;		None
   641 ;; Auto vars:     Size  Location     Type
   642 ;;		None
   643 ;; Return value:  Size  Location     Type
   644 ;;                  1    wreg      void 
   645 ;; Registers used:
   646 ;;		None
   647 ;; Tracked objects:
   648 ;;		On entry : 0/0
   649 ;;		On exit  : 0/0
   650 ;;		Unchanged: 0/0
   651 ;; Data sizes:     COMRAM   BANK5   BANK6   BANK7   BANK8   BANK9  BANK10  BANK11  BANK12  BANK13  BANK14  BANK15  BANK1
      +6  BANK17  BANK18  BANK19  BANK20  BANK21  BANK22  BANK23  BANK24  BANK25  BANK26  BANK27  BANK28  BANK29  BANK30  BANK3
      +1  BANK32  BANK33  BANK34  BANK35  BANK36  BANK37
   652 ;;      Params:         0       0       0       0       0       0       0       0       0       0       0       0       
      +0       0       0       0       0       0       0       0       0       0       0       0       0       0       0       
      +0       0       0       0       0       0       0
   653 ;;      Locals:         0       0       0       0       0       0       0       0       0       0       0       0       
      +0       0       0       0       0       0       0       0       0       0       0       0       0       0       0       
      +0       0       0       0       0       0       0
   654 ;;      Temps:          0       0       0       0       0       0       0       0       0       0       0       0       
      +0       0       0       0       0       0       0       0       0       0       0       0       0       0       0       
      +0       0       0       0       0       0       0
   655 ;;      Totals:         0       0       0       0       0       0       0       0       0       0       0       0       
      +0       0       0       0       0       0       0       0       0       0       0       0       0       0       0       
      +0       0       0       0       0       0       0
   656 ;;Total ram usage:        0 bytes
   657 ;; Hardware stack levels used:    1
   658 ;; This function calls:
   659 ;;		Nothing
   660 ;; This function is called by:
   661 ;;		_main
   662 ;; This function uses a non-reentrant model
   663 ;;
   664                           
   665                           	psect	text7
   666  01FEB2                     __ptext7:
   667                           	callstack 0
   668  01FEB2                     _ClockSetup:
   669                           	callstack 127
   670  01FEB2  0012               	return		;funcret
   671  01FEB4                     __end_of_ClockSetup:
   672                           	callstack 0
   673  0000                     
   674                           	psect	rparam
   675  0000                     
   676                           	psect	idloc
   677                           
   678                           ;Config register IDLOC0 @ 0x200000
   679                           ;	unspecified, using default values
   680  200000                     	org	2097152
   681  200000  0FFF               	dw	4095
   682                           
   683                           ;Config register IDLOC1 @ 0x200002
   684                           ;	unspecified, using default values
   685  200002                     	org	2097154
   686  200002  0FFF               	dw	4095
   687                           
   688                           ;Config register IDLOC2 @ 0x200004
   689                           ;	unspecified, using default values
   690  200004                     	org	2097156
   691  200004  0FFF               	dw	4095
   692                           
   693                           ;Config register IDLOC3 @ 0x200006
   694                           ;	unspecified, using default values
   695  200006                     	org	2097158
   696  200006  0FFF               	dw	4095
   697                           
   698                           ;Config register IDLOC4 @ 0x200008
   699                           ;	unspecified, using default values
   700  200008                     	org	2097160
   701  200008  0FFF               	dw	4095
   702                           
   703                           ;Config register IDLOC5 @ 0x20000A
   704                           ;	unspecified, using default values
   705  20000A                     	org	2097162
   706  20000A  0FFF               	dw	4095
   707                           
   708                           ;Config register IDLOC6 @ 0x20000C
   709                           ;	unspecified, using default values
   710  20000C                     	org	2097164
   711  20000C  0FFF               	dw	4095
   712                           
   713                           ;Config register IDLOC7 @ 0x20000E
   714                           ;	unspecified, using default values
   715  20000E                     	org	2097166
   716  20000E  0FFF               	dw	4095
   717                           
   718                           ;Config register IDLOC8 @ 0x200010
   719                           ;	unspecified, using default values
   720  200010                     	org	2097168
   721  200010  0FFF               	dw	4095
   722                           
   723                           ;Config register IDLOC9 @ 0x200012
   724                           ;	unspecified, using default values
   725  200012                     	org	2097170
   726  200012  0FFF               	dw	4095
   727                           
   728                           ;Config register IDLOC10 @ 0x200014
   729                           ;	unspecified, using default values
   730  200014                     	org	2097172
   731  200014  0FFF               	dw	4095
   732                           
   733                           ;Config register IDLOC11 @ 0x200016
   734                           ;	unspecified, using default values
   735  200016                     	org	2097174
   736  200016  0FFF               	dw	4095
   737                           
   738                           ;Config register IDLOC12 @ 0x200018
   739                           ;	unspecified, using default values
   740  200018                     	org	2097176
   741  200018  0FFF               	dw	4095
   742                           
   743                           ;Config register IDLOC13 @ 0x20001A
   744                           ;	unspecified, using default values
   745  20001A                     	org	2097178
   746  20001A  0FFF               	dw	4095
   747                           
   748                           ;Config register IDLOC14 @ 0x20001C
   749                           ;	unspecified, using default values
   750  20001C                     	org	2097180
   751  20001C  0FFF               	dw	4095
   752                           
   753                           ;Config register IDLOC15 @ 0x20001E
   754                           ;	unspecified, using default values
   755  20001E                     	org	2097182
   756  20001E  0FFF               	dw	4095
   757                           
   758                           	psect	config
   759                           
   760                           ;Config register CONFIG1 @ 0x300000
   761                           ;	External Oscillator Selection
   762                           ;	FEXTOSC = OFF, Oscillator not enabled
   763                           ;	Reset Oscillator Selection
   764                           ;	RSTOSC = HFINTOSC_64MHZ, HFINTOSC with HFFRQ = 64 MHz and CDIV = 1:1
   765  300000                     	org	3145728
   766  300000  8C                 	db	140
   767                           
   768                           ;Config register CONFIG2 @ 0x300001
   769                           ;	Clock out Enable bit
   770                           ;	CLKOUTEN = ON, CLKOUT function is enabled
   771                           ;	PRLOCKED One-Way Set Enable bit
   772                           ;	PR1WAY = ON, PRLOCKED bit can be cleared and set only once
   773                           ;	Clock Switch Enable bit
   774                           ;	CSWEN = ON, Writing to NOSC and NDIV is allowed
   775                           ;	Fail-Safe Clock Monitor Enable bit
   776                           ;	FCMEN = ON, Fail-Safe Clock Monitor enabled
   777  300001                     	org	3145729
   778  300001  FE                 	db	254
   779                           
   780                           ;Config register CONFIG3 @ 0x300002
   781                           ;	MCLR Enable bit
   782                           ;	MCLRE = EXTMCLR, If LVP = 0, MCLR pin is MCLR; If LVP = 1, RE3 pin function is MCLR
   783                           ;	Power-up timer selection bits
   784                           ;	PWRTS = PWRT_OFF, PWRT is disabled
   785                           ;	Multi-vector enable bit
   786                           ;	MVECEN = ON, Multi-vector enabled, Vector table used for interrupts
   787                           ;	IVTLOCK bit One-way set enable bit
   788                           ;	IVT1WAY = ON, IVTLOCKED bit can be cleared and set only once
   789                           ;	Low Power BOR Enable bit
   790                           ;	LPBOREN = OFF, Low-Power BOR disabled
   791                           ;	Brown-out Reset Enable bits
   792                           ;	BOREN = SBORDIS, Brown-out Reset enabled , SBOREN bit is ignored
   793  300002                     	org	3145730
   794  300002  FF                 	db	255
   795                           
   796                           ;Config register CONFIG4 @ 0x300003
   797                           ;	Brown-out Reset Voltage Selection bits
   798                           ;	BORV = VBOR_2P85, Brown-out Reset Voltage (VBOR) set to 2.8V
   799                           ;	ZCD Disable bit
   800                           ;	ZCD = OFF, ZCD module is disabled. ZCD can be enabled by setting the ZCDSEN bit of ZCD
      +                          CON
   801                           ;	PPSLOCK bit One-Way Set Enable bit
   802                           ;	PPS1WAY = ON, PPSLOCKED bit can be cleared and set only once; PPS registers remain loc
      +                          ked after one clear/set cycle
   803                           ;	Stack Full/Underflow Reset Enable bit
   804                           ;	STVREN = ON, Stack full/underflow will cause Reset
   805                           ;	Low Voltage Programming Enable bit
   806                           ;	LVP = ON, Low voltage programming enabled. MCLR/VPP pin function is MCLR. MCLRE config
      +                          uration bit is ignored
   807                           ;	Extended Instruction Set Enable bit
   808                           ;	XINST = OFF, Extended Instruction Set and Indexed Addressing Mode disabled
   809  300003                     	org	3145731
   810  300003  FC                 	db	252
   811                           
   812                           ;Config register CONFIG5 @ 0x300004
   813                           ;	WDT Period selection bits
   814                           ;	WDTCPS = WDTCPS_31, Divider ratio 1:65536; software control of WDTPS
   815                           ;	WDT operating mode
   816                           ;	WDTE = OFF, WDT Disabled; SWDTEN is ignored
   817  300004                     	org	3145732
   818  300004  9F                 	db	159
   819                           
   820                           ;Config register CONFIG6 @ 0x300005
   821                           ;	WDT Window Select bits
   822                           ;	WDTCWS = WDTCWS_7, window always open (100%); software control; keyed access not requi
      +                          red
   823                           ;	WDT input clock selector
   824                           ;	WDTCCS = SC, Software Control
   825  300005                     	org	3145733
   826  300005  FF                 	db	255
   827                           
   828                           ;Config register CONFIG7 @ 0x300006
   829                           ;	Boot Block Size selection bits
   830                           ;	BBSIZE = BBSIZE_512, Boot Block size is 512 words
   831                           ;	Boot Block enable bit
   832                           ;	BBEN = OFF, Boot block disabled
   833                           ;	Storage Area Flash enable bit
   834                           ;	SAFEN = OFF, SAF disabled
   835                           ;	Background Debugger
   836                           ;	DEBUG = OFF, Background Debugger disabled
   837  300006                     	org	3145734
   838  300006  FF                 	db	255
   839                           
   840                           ;Config register CONFIG8 @ 0x300007
   841                           ;	Boot Block Write Protection bit
   842                           ;	WRTB = OFF, Boot Block not Write protected
   843                           ;	Configuration Register Write Protection bit
   844                           ;	WRTC = OFF, Configuration registers not Write protected
   845                           ;	Data EEPROM Write Protection bit
   846                           ;	WRTD = OFF, Data EEPROM not Write protected
   847                           ;	SAF Write protection bit
   848                           ;	WRTSAF = OFF, SAF not Write Protected
   849                           ;	Application Block write protection bit
   850                           ;	WRTAPP = OFF, Application Block not write protected
   851  300007                     	org	3145735
   852  300007  FF                 	db	255
   853                           
   854                           ; Padding undefined space
   855  300008                     	org	3145736
   856  300008  FF                 	db	255
   857                           
   858                           ;Config register CONFIG10 @ 0x300009
   859                           ;	PFM and Data EEPROM Code Protection bit
   860                           ;	CP = OFF, PFM and Data EEPROM code protection disabled
   861  300009                     	org	3145737
   862  300009  FF                 	db	255
   863                           tosu	equ	0x4FF
   864                           tosh	equ	0x4FE
   865                           tosl	equ	0x4FD
   866                           stkptr	equ	0x4FC
   867                           pclatu	equ	0x4FB
   868                           pclath	equ	0x4FA
   869                           pcl	equ	0x4F9
   870                           tblptru	equ	0x4F8
   871                           tblptrh	equ	0x4F7
   872                           tblptrl	equ	0x4F6
   873                           tablat	equ	0x4F5
   874                           prodh	equ	0x4F4
   875                           prodl	equ	0x4F3
   876                           indf0	equ	0x4EF
   877                           postinc0	equ	0x4EE
   878                           postdec0	equ	0x4ED
   879                           preinc0	equ	0x4EC
   880                           plusw0	equ	0x4EB
   881                           fsr0h	equ	0x4EA
   882                           fsr0l	equ	0x4E9
   883                           wreg	equ	0x4E8
   884                           indf1	equ	0x4E7
   885                           postinc1	equ	0x4E6
   886                           postdec1	equ	0x4E5
   887                           preinc1	equ	0x4E4
   888                           plusw1	equ	0x4E3
   889                           fsr1h	equ	0x4E2
   890                           fsr1l	equ	0x4E1
   891                           bsr	equ	0x4E0
   892                           indf2	equ	0x4DF
   893                           postinc2	equ	0x4DE
   894                           postdec2	equ	0x4DD
   895                           preinc2	equ	0x4DC
   896                           plusw2	equ	0x4DB
   897                           fsr2h	equ	0x4DA
   898                           fsr2l	equ	0x4D9
   899                           status	equ	0x4D8

Data Sizes:
    Strings     0
    Constant    0
    Data        5
    BSS         17
    Persistent  0
    Stack       0

Auto Spaces:
    Space          Size  Autos    Used
    COMRAM           95      6      28
    BANK5           160      0       0
    BANK6           256      0       0
    BANK7           256      0       0
    BANK8           256      0       0
    BANK9           256      0       0
    BANK10          256      0       0
    BANK11          256      0       0
    BANK12          256      0       0
    BANK13          256      0       0
    BANK14          256      0       0
    BANK15          256      0       0
    BANK16          256      0       0
    BANK17          256      0       0
    BANK18          256      0       0
    BANK19          256      0       0
    BANK20          256      0       0
    BANK21          256      0       0
    BANK22          256      0       0
    BANK23          256      0       0
    BANK24          256      0       0
    BANK25          256      0       0
    BANK26          256      0       0
    BANK27          256      0       0
    BANK28          256      0       0
    BANK29          256      0       0
    BANK30          256      0       0
    BANK31          256      0       0
    BANK32          256      0       0
    BANK33          256      0       0
    BANK34          256      0       0
    BANK35          256      0       0
    BANK36          256      0       0
    BANK37          256      0       0

Pointer List with Targets:

    None.

Critical Paths under _main in COMRAM

    _main->_UserAppRun

Critical Paths under _main in BANK5

    None.

Critical Paths under _main in BANK6

    None.

Critical Paths under _main in BANK7

    None.

Critical Paths under _main in BANK8

    None.

Critical Paths under _main in BANK9

    None.

Critical Paths under _main in BANK10

    None.

Critical Paths under _main in BANK11

    None.

Critical Paths under _main in BANK12

    None.

Critical Paths under _main in BANK13

    None.

Critical Paths under _main in BANK14

    None.

Critical Paths under _main in BANK15

    None.

Critical Paths under _main in BANK16

    None.

Critical Paths under _main in BANK17

    None.

Critical Paths under _main in BANK18

    None.

Critical Paths under _main in BANK19

    None.

Critical Paths under _main in BANK20

    None.

Critical Paths under _main in BANK21

    None.

Critical Paths under _main in BANK22

    None.

Critical Paths under _main in BANK23

    None.

Critical Paths under _main in BANK24

    None.

Critical Paths under _main in BANK25

    None.

Critical Paths under _main in BANK26

    None.

Critical Paths under _main in BANK27

    None.

Critical Paths under _main in BANK28

    None.

Critical Paths under _main in BANK29

    None.

Critical Paths under _main in BANK30

    None.

Critical Paths under _main in BANK31

    None.

Critical Paths under _main in BANK32

    None.

Critical Paths under _main in BANK33

    None.

Critical Paths under _main in BANK34

    None.

Critical Paths under _main in BANK35

    None.

Critical Paths under _main in BANK36

    None.

Critical Paths under _main in BANK37

    None.

Call Graph Tables:

 ---------------------------------------------------------------------------------
 (Depth) Function   	        Calls       Base Space   Used Autos Params    Refs
 ---------------------------------------------------------------------------------
 (0) _main                                                 0     0      0     173
                         _ClockSetup
                          _GpioSetup
                       _SysTickSetup
                        _SystemSleep
                            _TimeXus
                  _UserAppInitialize
                         _UserAppRun
 ---------------------------------------------------------------------------------
 (1) _UserAppRun                                           6     6      0      30
                                              0 COMRAM     6     6      0
 ---------------------------------------------------------------------------------
 (1) _UserAppInitialize                                    0     0      0       0
 ---------------------------------------------------------------------------------
 (1) _TimeXus                                              4     2      2     143
                                              0 COMRAM     4     2      2
 ---------------------------------------------------------------------------------
 (1) _SystemSleep                                          0     0      0       0
 ---------------------------------------------------------------------------------
 (1) _SysTickSetup                                         0     0      0       0
 ---------------------------------------------------------------------------------
 (1) _GpioSetup                                            0     0      0       0
 ---------------------------------------------------------------------------------
 (1) _ClockSetup                                           0     0      0       0
 ---------------------------------------------------------------------------------
 Estimated maximum stack depth 1
 ---------------------------------------------------------------------------------

 Call Graph Graphs:

 _main (ROOT)
   _ClockSetup
   _GpioSetup
   _SysTickSetup
   _SystemSleep
   _TimeXus
   _UserAppInitialize
   _UserAppRun

 Address spaces:
Name               Size   Autos  Total    Cost      Usage
BIGRAM            20FF      0       0      71        0.0%
EEDATA             400      0       0       0        0.0%
BITBANK37          100      0       0      70        0.0%
BANK37             100      0       0      68        0.0%
BITBANK36          100      0       0      66        0.0%
BANK36             100      0       0      67        0.0%
BITBANK35          100      0       0      64        0.0%
BANK35             100      0       0      65        0.0%
BITBANK34          100      0       0      62        0.0%
BANK34             100      0       0      63        0.0%
BITBANK33          100      0       0      60        0.0%
BANK33             100      0       0      61        0.0%
BITBANK32          100      0       0      58        0.0%
BANK32             100      0       0      59        0.0%
BITBANK31          100      0       0      56        0.0%
BANK31             100      0       0      57        0.0%
BITBANK30          100      0       0      54        0.0%
BANK30             100      0       0      55        0.0%
BITBANK29          100      0       0      52        0.0%
BANK29             100      0       0      53        0.0%
BITBANK28          100      0       0      50        0.0%
BANK28             100      0       0      51        0.0%
BITBANK27          100      0       0      48        0.0%
BANK27             100      0       0      49        0.0%
BITBANK26          100      0       0      46        0.0%
BANK26             100      0       0      47        0.0%
BITBANK25          100      0       0      44        0.0%
BANK25             100      0       0      45        0.0%
BITBANK24          100      0       0      42        0.0%
BANK24             100      0       0      43        0.0%
BITBANK23          100      0       0      40        0.0%
BANK23             100      0       0      41        0.0%
BITBANK22          100      0       0      38        0.0%
BANK22             100      0       0      39        0.0%
BITBANK21          100      0       0      36        0.0%
BANK21             100      0       0      37        0.0%
BITBANK20          100      0       0      34        0.0%
BANK20             100      0       0      35        0.0%
BITBANK19          100      0       0      32        0.0%
BANK19             100      0       0      33        0.0%
BITBANK18          100      0       0      30        0.0%
BANK18             100      0       0      31        0.0%
BITBANK17          100      0       0      28        0.0%
BANK17             100      0       0      29        0.0%
BITBANK16          100      0       0      26        0.0%
BANK16             100      0       0      27        0.0%
BITBANK15          100      0       0      24        0.0%
BANK15             100      0       0      25        0.0%
BITBANK14          100      0       0      22        0.0%
BANK14             100      0       0      23        0.0%
BITBANK13          100      0       0      20        0.0%
BANK13             100      0       0      21        0.0%
BITBANK12          100      0       0      18        0.0%
BANK12             100      0       0      19        0.0%
BITBANK11          100      0       0      16        0.0%
BANK11             100      0       0      17        0.0%
BITBANK10          100      0       0      14        0.0%
BANK10             100      0       0      15        0.0%
BITBANK9           100      0       0      12        0.0%
BANK9              100      0       0      13        0.0%
BITBANK8           100      0       0      10        0.0%
BANK8              100      0       0      11        0.0%
BITBANK7           100      0       0       8        0.0%
BANK7              100      0       0       9        0.0%
BITBANK6           100      0       0       6        0.0%
BANK6              100      0       0       7        0.0%
BITBANK5            A0      0       0       4        0.0%
BANK5               A0      0       0       5        0.0%
BITCOMRAM           5F      0       0       0        0.0%
COMRAM              5F      6      1C       1       29.5%
BITSFR_5             0      0       0     200        0.0%
SFR_5                0      0       0     200        0.0%
BITSFR_4             0      0       0     200        0.0%
SFR_4                0      0       0     200        0.0%
BITSFR_3             0      0       0     200        0.0%
SFR_3                0      0       0     200        0.0%
BITSFR_2             0      0       0     200        0.0%
SFR_2                0      0       0     200        0.0%
BITSFR_1             0      0       0     200        0.0%
SFR_1                0      0       0     200        0.0%
BITSFR               0      0       0     200        0.0%
SFR                  0      0       0     200        0.0%
STACK                0      0       0       2        0.0%
NULL                 0      0       0       0        0.0%
ABS                  0      0      1C      69        0.0%
DATA                 0      0      1C       3        0.0%
CODE                 0      0       0       0        0.0%


Microchip Technology PIC18 Macro Assembler V2.31 build 20201012212115 
Symbol Table                                                                                   Fri Mar 05 01:04:38 2021

     __size_of_SysTickSetup 0022                          l13 FEB2                          l22 FEB4  
                        l16 FECA                          l50 FF72                          l19 FF18  
                        l72 FEDA                          l75 FEF6                          l86 FFFA  
                        u11 FF92                          u20 FFB2                          u21 FFAE  
                        u30 FFF2                          u31 FFEE                          u50 FF80  
                        u51 FF7C                         l820 FEDC                         l830 FEF4  
                       l822 FEE0                         l824 FEE8                         l840 FF5A  
                       l832 FF4C                         l762 FEBC                         l818 FEF8  
                       l826 FEEE                         l770 FF9A                         l842 FF5E  
                       l834 FF4E                         l828 FEF2                         l780 FFC4  
                       l772 FF9E                         l844 FF62                         l836 FF52  
                       l766 FECC                         l782 FFD4                         l774 FFB2  
                       l846 FF66                         l838 FF56                         l784 FFDA  
                       l776 FFBA                         l768 FF88                         l786 FFDE  
                       l778 FFC0                         l788 FFF2                         wreg 0004E8  
                      _LATA 0004BE                        _PIR3 0004B1                        _main FF4C  
              _SysTickSetup FEF8                        indf2 0004DF                        fsr1l 0004E1  
                      fsr2l 0004D9                        start FFFC        __size_of_SystemSleep 0002  
              ___param_bank 000000                  _ClockSetup FEB2             __end_of_TimeXus FEF8  
                     ?_main 0512                       _TMR0H 000319                       _TMR0L 000318  
                     _PORTA 0004CE                       _TRISA 0004C6                       tablat 0004F5  
                     plusw1 0004E3                       plusw2 0004DB                       status 0004D8  
           __initialization FF1A                __end_of_main FF88                      ??_main 0518  
             __activetblptr 000000                      _ANSELA 000400                      _T0CON0 00031A  
                    _T0CON1 00031B          __size_of_GpioSetup 0010                   ??_TimeXus 0514  
               ?_ClockSetup 0512                      clear_0 FF40                __pdataCOMRAM 0518  
                    tblptrh 0004F7                      tblptrl 0004F6                      tblptru 0004F8  
                _UserAppRun FF88                  __accesstop 0560     __end_of__initialization FF46  
             ___rparam_used 000001            _G_u8UserAppFlags 0511              __pcstackCOMRAM 0512  
         __end_of_GpioSetup FECC       UserAppRun@u8Temporary 0517         __size_of_ClockSetup 0002  
               ?_UserAppRun 0512                 TimeXus@u16s 0512                 TimeXus@u16t 0514  
             ??_SystemSleep 0512                     __Hparam 0000                     __Lparam 0000  
                   _TimeXus FEDC                     __pcinit FF1A                     __ramtop 2600  
                   __ptext0 FF4C                     __ptext1 FF88                     __ptext2 FECC  
                   __ptext3 FEDC                     __ptext4 FEB4                     __ptext5 FEF8  
                   __ptext6 FEBC                     __ptext7 FEB2        end_of_initialization FF46  
          _G_u32SystemFlags 0501                     postdec1 0004E5                     postinc0 0004EE  
       __end_of_SystemSleep FEB6                ??_ClockSetup 0512         __size_of_UserAppRun 0074  
        __end_of_ClockSetup FEB4               __pidataCOMRAM FEB7                   _GpioSetup FEBC  
       start_initialization FF1A               ?_SysTickSetup 0512                 _SystemSleep FEB4  
                ?_GpioSetup 0512                 __pbssCOMRAM 0501           _UserAppInitialize FECC  
              ??_UserAppRun 0512        UserAppRun@au8Pattern 0512          ?_UserAppInitialize 0512  
            ??_SysTickSetup 0512         ??_UserAppInitialize 0512                    ?_TimeXus 0512  
        __end_of_UserAppRun FFFC           UserAppRun@LightOn 050D   __end_of_UserAppInitialize FEDC  
               ??_GpioSetup 0512                   copy_data0 FF2E                    __Hrparam 0000  
                  __Lrparam 0000            __size_of_TimeXus 001C            UserAppRun@F15927 0518  
      __end_of_SysTickSetup FF1A  __size_of_UserAppInitialize 0010            UserAppRun@u16Del 050F  
             __size_of_main 003C                ?_SystemSleep 0512          _G_u32SystemTime1ms 0509  
         _G_u32SystemTime1s 0505  
